{"/Users/chuseongjun/Desktop/SummerCorporatePractice_Frontend/src/main.tsx": {"path":"/Users/chuseongjun/Desktop/SummerCorporatePractice_Frontend/src/main.tsx","statementMap":{"0":{"start":{"line":8,"column":20},"end":{"line":8,"column":37}},"1":{"start":{"line":10,"column":0},"end":{"line":18,"column":2}}},"fnMap":{},"branchMap":{},"s":{"0":0,"1":0},"f":{},"b":{}}
,"/Users/chuseongjun/Desktop/SummerCorporatePractice_Frontend/src/Api/Member.ts": {"path":"/Users/chuseongjun/Desktop/SummerCorporatePractice_Frontend/src/Api/Member.ts","statementMap":{},"fnMap":{},"branchMap":{},"s":{},"f":{},"b":{}}
,"/Users/chuseongjun/Desktop/SummerCorporatePractice_Frontend/src/Api/User.ts": {"path":"/Users/chuseongjun/Desktop/SummerCorporatePractice_Frontend/src/Api/User.ts","statementMap":{},"fnMap":{},"branchMap":{},"s":{},"f":{},"b":{}}
,"/Users/chuseongjun/Desktop/SummerCorporatePractice_Frontend/src/components/AvatarCrop/index.tsx": {"path":"/Users/chuseongjun/Desktop/SummerCorporatePractice_Frontend/src/components/AvatarCrop/index.tsx","statementMap":{"0":{"start":{"line":12,"column":24},"end":{"line":12,"column":34}},"1":{"start":{"line":13,"column":48},"end":{"line":89,"column":1}},"2":{"start":{"line":14,"column":34},"end":{"line":14,"column":77}},"3":{"start":{"line":15,"column":32},"end":{"line":15,"column":78}},"4":{"start":{"line":17,"column":2},"end":{"line":19,"column":54}},"5":{"start":{"line":18,"column":4},"end":{"line":18,"column":38}},"6":{"start":{"line":21,"column":17},"end":{"line":23,"column":3}},"7":{"start":{"line":22,"column":4},"end":{"line":22,"column":21}},"8":{"start":{"line":25,"column":27},"end":{"line":43,"column":3}},"9":{"start":{"line":26,"column":4},"end":{"line":42,"column":5}},"10":{"start":{"line":27,"column":19},"end":{"line":27,"column":40}},"11":{"start":{"line":28,"column":21},"end":{"line":28,"column":37}},"12":{"start":{"line":29,"column":6},"end":{"line":37,"column":8}},"13":{"start":{"line":30,"column":8},"end":{"line":36,"column":9}},"14":{"start":{"line":31,"column":10},"end":{"line":31,"column":43}},"15":{"start":{"line":32,"column":10},"end":{"line":35,"column":13}},"16":{"start":{"line":38,"column":6},"end":{"line":38,"column":33}},"17":{"start":{"line":39,"column":6},"end":{"line":41,"column":8}},"18":{"start":{"line":40,"column":8},"end":{"line":40,"column":63}},"19":{"start":{"line":45,"column":28},"end":{"line":48,"column":3}},"20":{"start":{"line":46,"column":4},"end":{"line":46,"column":38}},"21":{"start":{"line":47,"column":4},"end":{"line":47,"column":17}},"22":{"start":{"line":50,"column":2},"end":{"line":88,"column":4}},"23":{"start":{"line":57,"column":10},"end":{"line":60,"column":14}},"24":{"start":{"line":57,"column":39},"end":{"line":60,"column":11}},"25":{"start":{"line":61,"column":10},"end":{"line":61,"column":30}},"26":{"start":{"line":63,"column":24},"end":{"line":63,"column":43}},"27":{"start":{"line":70,"column":12},"end":{"line":70,"column":46}}},"fnMap":{"0":{"name":"(anonymous_0)","decl":{"start":{"line":13,"column":48},"end":{"line":13,"column":49}},"loc":{"start":{"line":13,"column":99},"end":{"line":89,"column":1}},"line":13},"1":{"name":"(anonymous_1)","decl":{"start":{"line":17,"column":12},"end":{"line":17,"column":13}},"loc":{"start":{"line":17,"column":18},"end":{"line":19,"column":3}},"line":17},"2":{"name":"(anonymous_2)","decl":{"start":{"line":21,"column":17},"end":{"line":21,"column":18}},"loc":{"start":{"line":21,"column":41},"end":{"line":23,"column":3}},"line":21},"3":{"name":"(anonymous_3)","decl":{"start":{"line":25,"column":27},"end":{"line":25,"column":28}},"loc":{"start":{"line":25,"column":75},"end":{"line":43,"column":3}},"line":25},"4":{"name":"(anonymous_4)","decl":{"start":{"line":29,"column":22},"end":{"line":29,"column":23}},"loc":{"start":{"line":29,"column":34},"end":{"line":37,"column":7}},"line":29},"5":{"name":"(anonymous_5)","decl":{"start":{"line":39,"column":23},"end":{"line":39,"column":24}},"loc":{"start":{"line":39,"column":40},"end":{"line":41,"column":7}},"line":39},"6":{"name":"(anonymous_6)","decl":{"start":{"line":45,"column":28},"end":{"line":45,"column":29}},"loc":{"start":{"line":45,"column":34},"end":{"line":48,"column":3}},"line":45},"7":{"name":"(anonymous_7)","decl":{"start":{"line":56,"column":14},"end":{"line":56,"column":15}},"loc":{"start":{"line":56,"column":20},"end":{"line":62,"column":9}},"line":56},"8":{"name":"(anonymous_8)","decl":{"start":{"line":57,"column":22},"end":{"line":57,"column":23}},"loc":{"start":{"line":57,"column":39},"end":{"line":60,"column":11}},"line":57},"9":{"name":"(anonymous_9)","decl":{"start":{"line":63,"column":18},"end":{"line":63,"column":19}},"loc":{"start":{"line":63,"column":24},"end":{"line":63,"column":43}},"line":63},"10":{"name":"(anonymous_10)","decl":{"start":{"line":69,"column":19},"end":{"line":69,"column":20}},"loc":{"start":{"line":69,"column":25},"end":{"line":71,"column":11}},"line":69}},"branchMap":{"0":{"loc":{"start":{"line":26,"column":4},"end":{"line":42,"column":5}},"type":"if","locations":[{"start":{"line":26,"column":4},"end":{"line":42,"column":5}},{"start":{},"end":{}}],"line":26},"1":{"loc":{"start":{"line":26,"column":8},"end":{"line":26,"column":56}},"type":"binary-expr","locations":[{"start":{"line":26,"column":8},"end":{"line":26,"column":26}},{"start":{"line":26,"column":30},"end":{"line":26,"column":56}}],"line":26},"2":{"loc":{"start":{"line":30,"column":8},"end":{"line":36,"column":9}},"type":"if","locations":[{"start":{"line":30,"column":8},"end":{"line":36,"column":9}},{"start":{},"end":{}}],"line":30},"3":{"loc":{"start":{"line":59,"column":26},"end":{"line":59,"column":67}},"type":"cond-expr","locations":[{"start":{"line":59,"column":45},"end":{"line":59,"column":57}},{"start":{"line":59,"column":60},"end":{"line":59,"column":67}}],"line":59},"4":{"loc":{"start":{"line":78,"column":34},"end":{"line":78,"column":57}},"type":"binary-expr","locations":[{"start":{"line":78,"column":34},"end":{"line":78,"column":41}},{"start":{"line":78,"column":45},"end":{"line":78,"column":57}}],"line":78},"5":{"loc":{"start":{"line":80,"column":9},"end":{"line":85,"column":9}},"type":"binary-expr","locations":[{"start":{"line":80,"column":9},"end":{"line":80,"column":24}},{"start":{"line":81,"column":10},"end":{"line":84,"column":27}}],"line":80}},"s":{"0":0,"1":0,"2":0,"3":0,"4":0,"5":0,"6":0,"7":0,"8":0,"9":0,"10":0,"11":0,"12":0,"13":0,"14":0,"15":0,"16":0,"17":0,"18":0,"19":0,"20":0,"21":0,"22":0,"23":0,"24":0,"25":0,"26":0,"27":0},"f":{"0":0,"1":0,"2":0,"3":0,"4":0,"5":0,"6":0,"7":0,"8":0,"9":0,"10":0},"b":{"0":[0,0],"1":[0,0],"2":[0,0],"3":[0,0],"4":[0,0],"5":[0,0]}}
,"/Users/chuseongjun/Desktop/SummerCorporatePractice_Frontend/src/components/AvatarCrop/styles.tsx": {"path":"/Users/chuseongjun/Desktop/SummerCorporatePractice_Frontend/src/components/AvatarCrop/styles.tsx","statementMap":{"0":{"start":{"line":3,"column":32},"end":{"line":6,"column":1}},"1":{"start":{"line":8,"column":23},"end":{"line":12,"column":1}},"2":{"start":{"line":14,"column":30},"end":{"line":17,"column":1}}},"fnMap":{},"branchMap":{},"s":{"0":0,"1":0,"2":0},"f":{},"b":{}}
,"/Users/chuseongjun/Desktop/SummerCorporatePractice_Frontend/src/components/AvatarCrop/type.ts": {"path":"/Users/chuseongjun/Desktop/SummerCorporatePractice_Frontend/src/components/AvatarCrop/type.ts","statementMap":{},"fnMap":{},"branchMap":{},"s":{},"f":{},"b":{}}
,"/Users/chuseongjun/Desktop/SummerCorporatePractice_Frontend/src/components/AvatarCrop/PreviewAvatar/index.tsx": {"path":"/Users/chuseongjun/Desktop/SummerCorporatePractice_Frontend/src/components/AvatarCrop/PreviewAvatar/index.tsx","statementMap":{"0":{"start":{"line":7,"column":46},"end":{"line":18,"column":1}},"1":{"start":{"line":8,"column":2},"end":{"line":17,"column":4}}},"fnMap":{"0":{"name":"(anonymous_0)","decl":{"start":{"line":7,"column":46},"end":{"line":7,"column":47}},"loc":{"start":{"line":7,"column":63},"end":{"line":18,"column":1}},"line":7}},"branchMap":{"0":{"loc":{"start":{"line":11,"column":13},"end":{"line":11,"column":36}},"type":"binary-expr","locations":[{"start":{"line":11,"column":13},"end":{"line":11,"column":20}},{"start":{"line":11,"column":24},"end":{"line":11,"column":36}}],"line":11}},"s":{"0":0,"1":0},"f":{"0":0},"b":{"0":[0,0]}}
,"/Users/chuseongjun/Desktop/SummerCorporatePractice_Frontend/src/components/AvatarCrop/PreviewAvatar/styles.tsx": {"path":"/Users/chuseongjun/Desktop/SummerCorporatePractice_Frontend/src/components/AvatarCrop/PreviewAvatar/styles.tsx","statementMap":{"0":{"start":{"line":3,"column":30},"end":{"line":6,"column":1}}},"fnMap":{},"branchMap":{},"s":{"0":0},"f":{},"b":{}}
,"/Users/chuseongjun/Desktop/SummerCorporatePractice_Frontend/src/components/CreateIssue/index.tsx": {"path":"/Users/chuseongjun/Desktop/SummerCorporatePractice_Frontend/src/components/CreateIssue/index.tsx","statementMap":{"0":{"start":{"line":11,"column":20},"end":{"line":54,"column":1}},"1":{"start":{"line":12,"column":33},"end":{"line":12,"column":45}},"2":{"start":{"line":13,"column":28},"end":{"line":13,"column":75}},"3":{"start":{"line":15,"column":2},"end":{"line":15,"column":36}},"4":{"start":{"line":16,"column":2},"end":{"line":53,"column":4}}},"fnMap":{"0":{"name":"(anonymous_0)","decl":{"start":{"line":11,"column":20},"end":{"line":11,"column":21}},"loc":{"start":{"line":11,"column":26},"end":{"line":54,"column":1}},"line":11}},"branchMap":{},"s":{"0":0,"1":0,"2":0,"3":0,"4":0},"f":{"0":0},"b":{}}
,"/Users/chuseongjun/Desktop/SummerCorporatePractice_Frontend/src/components/CreateIssue/styles.tsx": {"path":"/Users/chuseongjun/Desktop/SummerCorporatePractice_Frontend/src/components/CreateIssue/styles.tsx","statementMap":{"0":{"start":{"line":3,"column":22},"end":{"line":6,"column":1}},"1":{"start":{"line":7,"column":25},"end":{"line":7,"column":37}},"2":{"start":{"line":8,"column":30},"end":{"line":8,"column":42}},"3":{"start":{"line":9,"column":29},"end":{"line":9,"column":41}}},"fnMap":{},"branchMap":{},"s":{"0":0,"1":0,"2":0,"3":0},"f":{},"b":{}}
,"/Users/chuseongjun/Desktop/SummerCorporatePractice_Frontend/src/components/HeaderBar/index.tsx": {"path":"/Users/chuseongjun/Desktop/SummerCorporatePractice_Frontend/src/components/HeaderBar/index.tsx","statementMap":{"0":{"start":{"line":5,"column":18},"end":{"line":19,"column":1}},"1":{"start":{"line":6,"column":2},"end":{"line":18,"column":4}}},"fnMap":{"0":{"name":"(anonymous_0)","decl":{"start":{"line":5,"column":18},"end":{"line":5,"column":19}},"loc":{"start":{"line":5,"column":24},"end":{"line":19,"column":1}},"line":5}},"branchMap":{},"s":{"0":0,"1":0},"f":{"0":0},"b":{}}
,"/Users/chuseongjun/Desktop/SummerCorporatePractice_Frontend/src/components/HeaderBar/styles.tsx": {"path":"/Users/chuseongjun/Desktop/SummerCorporatePractice_Frontend/src/components/HeaderBar/styles.tsx","statementMap":{"0":{"start":{"line":4,"column":22},"end":{"line":19,"column":1}},"1":{"start":{"line":21,"column":25},"end":{"line":26,"column":1}},"2":{"start":{"line":28,"column":23},"end":{"line":33,"column":1}},"3":{"start":{"line":35,"column":25},"end":{"line":41,"column":1}}},"fnMap":{},"branchMap":{},"s":{"0":0,"1":0,"2":0,"3":0},"f":{},"b":{}}
,"/Users/chuseongjun/Desktop/SummerCorporatePractice_Frontend/src/components/HeaderBar/type.ts": {"path":"/Users/chuseongjun/Desktop/SummerCorporatePractice_Frontend/src/components/HeaderBar/type.ts","statementMap":{},"fnMap":{},"branchMap":{},"s":{},"f":{},"b":{}}
,"/Users/chuseongjun/Desktop/SummerCorporatePractice_Frontend/src/components/HeaderBar/MyInfo/index.tsx": {"path":"/Users/chuseongjun/Desktop/SummerCorporatePractice_Frontend/src/components/HeaderBar/MyInfo/index.tsx","statementMap":{"0":{"start":{"line":7,"column":31},"end":{"line":66,"column":1}},"1":{"start":{"line":9,"column":32},"end":{"line":9,"column":47}},"2":{"start":{"line":12,"column":42},"end":{"line":12,"column":57}},"3":{"start":{"line":13,"column":21},"end":{"line":15,"column":3}},"4":{"start":{"line":14,"column":4},"end":{"line":14,"column":27}},"5":{"start":{"line":17,"column":38},"end":{"line":19,"column":3}},"6":{"start":{"line":18,"column":4},"end":{"line":18,"column":21}},"7":{"start":{"line":21,"column":2},"end":{"line":65,"column":4}},"8":{"start":{"line":35,"column":16},"end":{"line":35,"column":34}},"9":{"start":{"line":53,"column":25},"end":{"line":53,"column":43}}},"fnMap":{"0":{"name":"(anonymous_0)","decl":{"start":{"line":7,"column":31},"end":{"line":7,"column":32}},"loc":{"start":{"line":7,"column":37},"end":{"line":66,"column":1}},"line":7},"1":{"name":"(anonymous_1)","decl":{"start":{"line":13,"column":21},"end":{"line":13,"column":22}},"loc":{"start":{"line":13,"column":27},"end":{"line":15,"column":3}},"line":13},"2":{"name":"(anonymous_2)","decl":{"start":{"line":17,"column":38},"end":{"line":17,"column":39}},"loc":{"start":{"line":17,"column":57},"end":{"line":19,"column":3}},"line":17},"3":{"name":"(anonymous_3)","decl":{"start":{"line":34,"column":23},"end":{"line":34,"column":24}},"loc":{"start":{"line":34,"column":29},"end":{"line":36,"column":15}},"line":34},"4":{"name":"(anonymous_4)","decl":{"start":{"line":53,"column":18},"end":{"line":53,"column":19}},"loc":{"start":{"line":53,"column":25},"end":{"line":53,"column":43}},"line":53}},"branchMap":{"0":{"loc":{"start":{"line":59,"column":21},"end":{"line":59,"column":48}},"type":"cond-expr","locations":[{"start":{"line":59,"column":31},"end":{"line":59,"column":38}},{"start":{"line":59,"column":41},"end":{"line":59,"column":48}}],"line":59}},"s":{"0":0,"1":0,"2":0,"3":0,"4":0,"5":0,"6":0,"7":0,"8":0,"9":0},"f":{"0":0,"1":0,"2":0,"3":0,"4":0},"b":{"0":[0,0]}}
,"/Users/chuseongjun/Desktop/SummerCorporatePractice_Frontend/src/components/HeaderBar/MyInfo/styles.tsx": {"path":"/Users/chuseongjun/Desktop/SummerCorporatePractice_Frontend/src/components/HeaderBar/MyInfo/styles.tsx","statementMap":{},"fnMap":{},"branchMap":{},"s":{},"f":{},"b":{}}
,"/Users/chuseongjun/Desktop/SummerCorporatePractice_Frontend/src/components/HeaderBar/Notification/dummy.tsx": {"path":"/Users/chuseongjun/Desktop/SummerCorporatePractice_Frontend/src/components/HeaderBar/Notification/dummy.tsx","statementMap":{"0":{"start":{"line":3,"column":21},"end":{"line":36,"column":1}}},"fnMap":{},"branchMap":{},"s":{"0":0},"f":{},"b":{}}
,"/Users/chuseongjun/Desktop/SummerCorporatePractice_Frontend/src/components/HeaderBar/Notification/index.tsx": {"path":"/Users/chuseongjun/Desktop/SummerCorporatePractice_Frontend/src/components/HeaderBar/Notification/index.tsx","statementMap":{"0":{"start":{"line":6,"column":31},"end":{"line":48,"column":1}},"1":{"start":{"line":7,"column":32},"end":{"line":7,"column":47}},"2":{"start":{"line":9,"column":38},"end":{"line":11,"column":3}},"3":{"start":{"line":10,"column":4},"end":{"line":10,"column":21}},"4":{"start":{"line":13,"column":22},"end":{"line":15,"column":3}},"5":{"start":{"line":14,"column":4},"end":{"line":14,"column":25}},"6":{"start":{"line":17,"column":2},"end":{"line":47,"column":4}},"7":{"start":{"line":23,"column":14},"end":{"line":26,"column":26}},"8":{"start":{"line":34,"column":25},"end":{"line":34,"column":43}}},"fnMap":{"0":{"name":"(anonymous_0)","decl":{"start":{"line":6,"column":31},"end":{"line":6,"column":32}},"loc":{"start":{"line":6,"column":37},"end":{"line":48,"column":1}},"line":6},"1":{"name":"(anonymous_1)","decl":{"start":{"line":9,"column":38},"end":{"line":9,"column":39}},"loc":{"start":{"line":9,"column":57},"end":{"line":11,"column":3}},"line":9},"2":{"name":"(anonymous_2)","decl":{"start":{"line":13,"column":22},"end":{"line":13,"column":23}},"loc":{"start":{"line":13,"column":28},"end":{"line":15,"column":3}},"line":13},"3":{"name":"(anonymous_3)","decl":{"start":{"line":22,"column":23},"end":{"line":22,"column":24}},"loc":{"start":{"line":23,"column":14},"end":{"line":26,"column":26}},"line":23},"4":{"name":"(anonymous_4)","decl":{"start":{"line":34,"column":20},"end":{"line":34,"column":21}},"loc":{"start":{"line":34,"column":25},"end":{"line":34,"column":43}},"line":34}},"branchMap":{"0":{"loc":{"start":{"line":40,"column":23},"end":{"line":40,"column":50}},"type":"cond-expr","locations":[{"start":{"line":40,"column":33},"end":{"line":40,"column":40}},{"start":{"line":40,"column":43},"end":{"line":40,"column":50}}],"line":40}},"s":{"0":0,"1":0,"2":0,"3":0,"4":0,"5":0,"6":0,"7":0,"8":0},"f":{"0":0,"1":0,"2":0,"3":0,"4":0},"b":{"0":[0,0]}}
,"/Users/chuseongjun/Desktop/SummerCorporatePractice_Frontend/src/components/HeaderBar/Notification/styles.tsx": {"path":"/Users/chuseongjun/Desktop/SummerCorporatePractice_Frontend/src/components/HeaderBar/Notification/styles.tsx","statementMap":{},"fnMap":{},"branchMap":{},"s":{},"f":{},"b":{}}
,"/Users/chuseongjun/Desktop/SummerCorporatePractice_Frontend/src/components/Issue/index.tsx": {"path":"/Users/chuseongjun/Desktop/SummerCorporatePractice_Frontend/src/components/Issue/index.tsx","statementMap":{"0":{"start":{"line":15,"column":39},"end":{"line":28,"column":1}},"1":{"start":{"line":29,"column":14},"end":{"line":84,"column":1}},"2":{"start":{"line":30,"column":19},"end":{"line":30,"column":32}},"3":{"start":{"line":32,"column":27},"end":{"line":32,"column":29}},"4":{"start":{"line":33,"column":2},"end":{"line":40,"column":3}},"5":{"start":{"line":33,"column":15},"end":{"line":33,"column":16}},"6":{"start":{"line":34,"column":4},"end":{"line":39,"column":7}},"7":{"start":{"line":42,"column":48},"end":{"line":42,"column":73}},"8":{"start":{"line":44,"column":25},"end":{"line":47,"column":3}},"9":{"start":{"line":45,"column":4},"end":{"line":45,"column":65}},"10":{"start":{"line":46,"column":4},"end":{"line":46,"column":43}},"11":{"start":{"line":49,"column":23},"end":{"line":52,"column":3}},"12":{"start":{"line":53,"column":16},"end":{"line":59,"column":3}},"13":{"start":{"line":54,"column":4},"end":{"line":58,"column":6}},"14":{"start":{"line":56,"column":8},"end":{"line":56,"column":41}},"15":{"start":{"line":61,"column":2},"end":{"line":83,"column":4}}},"fnMap":{"0":{"name":"(anonymous_0)","decl":{"start":{"line":29,"column":14},"end":{"line":29,"column":15}},"loc":{"start":{"line":29,"column":20},"end":{"line":84,"column":1}},"line":29},"1":{"name":"(anonymous_1)","decl":{"start":{"line":44,"column":25},"end":{"line":44,"column":26}},"loc":{"start":{"line":44,"column":62},"end":{"line":47,"column":3}},"line":44},"2":{"name":"(anonymous_2)","decl":{"start":{"line":53,"column":16},"end":{"line":53,"column":17}},"loc":{"start":{"line":53,"column":38},"end":{"line":59,"column":3}},"line":53},"3":{"name":"(anonymous_3)","decl":{"start":{"line":55,"column":15},"end":{"line":55,"column":16}},"loc":{"start":{"line":55,"column":27},"end":{"line":57,"column":7}},"line":55}},"branchMap":{},"s":{"0":0,"1":0,"2":0,"3":0,"4":0,"5":0,"6":0,"7":0,"8":0,"9":0,"10":0,"11":0,"12":0,"13":0,"14":0,"15":0},"f":{"0":0,"1":0,"2":0,"3":0},"b":{}}
,"/Users/chuseongjun/Desktop/SummerCorporatePractice_Frontend/src/components/Issue/styles.tsx": {"path":"/Users/chuseongjun/Desktop/SummerCorporatePractice_Frontend/src/components/Issue/styles.tsx","statementMap":{"0":{"start":{"line":3,"column":27},"end":{"line":7,"column":1}},"1":{"start":{"line":9,"column":26},"end":{"line":11,"column":1}},"2":{"start":{"line":13,"column":30},"end":{"line":16,"column":1}}},"fnMap":{},"branchMap":{},"s":{"0":0,"1":0,"2":0},"f":{},"b":{}}
,"/Users/chuseongjun/Desktop/SummerCorporatePractice_Frontend/src/components/IssueDetail/index.tsx": {"path":"/Users/chuseongjun/Desktop/SummerCorporatePractice_Frontend/src/components/IssueDetail/index.tsx","statementMap":{"0":{"start":{"line":22,"column":20},"end":{"line":155,"column":1}},"1":{"start":{"line":23,"column":17},"end":{"line":23,"column":28}},"2":{"start":{"line":24,"column":19},"end":{"line":24,"column":32}},"3":{"start":{"line":25,"column":22},"end":{"line":25,"column":38}},"4":{"start":{"line":26,"column":23},"end":{"line":26,"column":28}},"5":{"start":{"line":28,"column":34},"end":{"line":28,"column":57}},"6":{"start":{"line":29,"column":38},"end":{"line":29,"column":50}},"7":{"start":{"line":30,"column":38},"end":{"line":30,"column":50}},"8":{"start":{"line":31,"column":42},"end":{"line":31,"column":54}},"9":{"start":{"line":32,"column":48},"end":{"line":32,"column":63}},"10":{"start":{"line":34,"column":22},"end":{"line":36,"column":3}},"11":{"start":{"line":35,"column":4},"end":{"line":35,"column":31}},"12":{"start":{"line":37,"column":21},"end":{"line":43,"column":3}},"13":{"start":{"line":38,"column":29},"end":{"line":38,"column":52}},"14":{"start":{"line":40,"column":4},"end":{"line":40,"column":40}},"15":{"start":{"line":42,"column":4},"end":{"line":42,"column":22}},"16":{"start":{"line":46,"column":13},"end":{"line":48,"column":3}},"17":{"start":{"line":47,"column":4},"end":{"line":47,"column":23}},"18":{"start":{"line":51,"column":14},"end":{"line":53,"column":3}},"19":{"start":{"line":52,"column":4},"end":{"line":52,"column":26}},"20":{"start":{"line":55,"column":20},"end":{"line":57,"column":3}},"21":{"start":{"line":56,"column":4},"end":{"line":56,"column":30}},"22":{"start":{"line":68,"column":20},"end":{"line":89,"column":3}},"23":{"start":{"line":71,"column":6},"end":{"line":79,"column":40}},"24":{"start":{"line":79,"column":26},"end":{"line":79,"column":39}},"25":{"start":{"line":83,"column":8},"end":{"line":83,"column":50}},"26":{"start":{"line":86,"column":8},"end":{"line":86,"column":20}},"27":{"start":{"line":91,"column":22},"end":{"line":96,"column":3}},"28":{"start":{"line":93,"column":6},"end":{"line":93,"column":36}},"29":{"start":{"line":98,"column":2},"end":{"line":154,"column":4}},"30":{"start":{"line":110,"column":65},"end":{"line":110,"column":94}},"31":{"start":{"line":114,"column":16},"end":{"line":120,"column":33}},"32":{"start":{"line":140,"column":27},"end":{"line":140,"column":56}},"33":{"start":{"line":147,"column":27},"end":{"line":147,"column":58}}},"fnMap":{"0":{"name":"(anonymous_0)","decl":{"start":{"line":22,"column":20},"end":{"line":22,"column":21}},"loc":{"start":{"line":22,"column":26},"end":{"line":155,"column":1}},"line":22},"1":{"name":"(anonymous_1)","decl":{"start":{"line":34,"column":22},"end":{"line":34,"column":23}},"loc":{"start":{"line":34,"column":28},"end":{"line":36,"column":3}},"line":34},"2":{"name":"(anonymous_2)","decl":{"start":{"line":37,"column":21},"end":{"line":37,"column":22}},"loc":{"start":{"line":37,"column":27},"end":{"line":43,"column":3}},"line":37},"3":{"name":"(anonymous_3)","decl":{"start":{"line":46,"column":13},"end":{"line":46,"column":14}},"loc":{"start":{"line":46,"column":19},"end":{"line":48,"column":3}},"line":46},"4":{"name":"(anonymous_4)","decl":{"start":{"line":51,"column":14},"end":{"line":51,"column":15}},"loc":{"start":{"line":51,"column":20},"end":{"line":53,"column":3}},"line":51},"5":{"name":"(anonymous_5)","decl":{"start":{"line":55,"column":20},"end":{"line":55,"column":21}},"loc":{"start":{"line":55,"column":26},"end":{"line":57,"column":3}},"line":55},"6":{"name":"(anonymous_6)","decl":{"start":{"line":70,"column":4},"end":{"line":70,"column":5}},"loc":{"start":{"line":71,"column":6},"end":{"line":79,"column":40}},"line":71},"7":{"name":"(anonymous_7)","decl":{"start":{"line":79,"column":14},"end":{"line":79,"column":15}},"loc":{"start":{"line":79,"column":26},"end":{"line":79,"column":39}},"line":79},"8":{"name":"(anonymous_8)","decl":{"start":{"line":81,"column":6},"end":{"line":81,"column":7}},"loc":{"start":{"line":81,"column":17},"end":{"line":81,"column":19}},"line":81},"9":{"name":"(anonymous_9)","decl":{"start":{"line":82,"column":6},"end":{"line":82,"column":7}},"loc":{"start":{"line":82,"column":22},"end":{"line":84,"column":7}},"line":82},"10":{"name":"(anonymous_10)","decl":{"start":{"line":85,"column":6},"end":{"line":85,"column":7}},"loc":{"start":{"line":85,"column":21},"end":{"line":87,"column":7}},"line":85},"11":{"name":"(anonymous_11)","decl":{"start":{"line":92,"column":4},"end":{"line":92,"column":5}},"loc":{"start":{"line":92,"column":22},"end":{"line":94,"column":5}},"line":92},"12":{"name":"(anonymous_12)","decl":{"start":{"line":110,"column":60},"end":{"line":110,"column":61}},"loc":{"start":{"line":110,"column":65},"end":{"line":110,"column":94}},"line":110},"13":{"name":"(anonymous_13)","decl":{"start":{"line":113,"column":28},"end":{"line":113,"column":29}},"loc":{"start":{"line":114,"column":16},"end":{"line":120,"column":33}},"line":114},"14":{"name":"(anonymous_14)","decl":{"start":{"line":140,"column":22},"end":{"line":140,"column":23}},"loc":{"start":{"line":140,"column":27},"end":{"line":140,"column":56}},"line":140},"15":{"name":"(anonymous_15)","decl":{"start":{"line":147,"column":22},"end":{"line":147,"column":23}},"loc":{"start":{"line":147,"column":27},"end":{"line":147,"column":58}},"line":147}},"branchMap":{},"s":{"0":0,"1":0,"2":0,"3":0,"4":0,"5":0,"6":0,"7":0,"8":0,"9":0,"10":0,"11":0,"12":0,"13":0,"14":0,"15":0,"16":0,"17":0,"18":0,"19":0,"20":0,"21":0,"22":0,"23":0,"24":0,"25":0,"26":0,"27":0,"28":0,"29":0,"30":0,"31":0,"32":0,"33":0},"f":{"0":0,"1":0,"2":0,"3":0,"4":0,"5":0,"6":0,"7":0,"8":0,"9":0,"10":0,"11":0,"12":0,"13":0,"14":0,"15":0},"b":{}}
,"/Users/chuseongjun/Desktop/SummerCorporatePractice_Frontend/src/components/IssueDetail/styles.tsx": {"path":"/Users/chuseongjun/Desktop/SummerCorporatePractice_Frontend/src/components/IssueDetail/styles.tsx","statementMap":{"0":{"start":{"line":3,"column":26},"end":{"line":8,"column":1}},"1":{"start":{"line":10,"column":30},"end":{"line":14,"column":1}},"2":{"start":{"line":16,"column":36},"end":{"line":28,"column":1}},"3":{"start":{"line":30,"column":34},"end":{"line":30,"column":46}}},"fnMap":{},"branchMap":{},"s":{"0":0,"1":0,"2":0,"3":0},"f":{},"b":{}}
,"/Users/chuseongjun/Desktop/SummerCorporatePractice_Frontend/src/components/ManageMember/index.tsx": {"path":"/Users/chuseongjun/Desktop/SummerCorporatePractice_Frontend/src/components/ManageMember/index.tsx","statementMap":{"0":{"start":{"line":49,"column":16},"end":{"line":49,"column":26}},"1":{"start":{"line":50,"column":53},"end":{"line":50,"column":58}},"2":{"start":{"line":52,"column":37},"end":{"line":54,"column":3}},"3":{"start":{"line":53,"column":4},"end":{"line":53,"column":27}},"4":{"start":{"line":56,"column":32},"end":{"line":58,"column":3}},"5":{"start":{"line":57,"column":4},"end":{"line":57,"column":34}},"6":{"start":{"line":60,"column":32},"end":{"line":62,"column":3}},"7":{"start":{"line":61,"column":4},"end":{"line":61,"column":34}},"8":{"start":{"line":64,"column":36},"end":{"line":66,"column":3}},"9":{"start":{"line":65,"column":4},"end":{"line":65,"column":73}},"10":{"start":{"line":68,"column":2},"end":{"line":91,"column":4}},"11":{"start":{"line":94,"column":21},"end":{"line":387,"column":1}},"12":{"start":{"line":95,"column":26},"end":{"line":95,"column":43}},"13":{"start":{"line":96,"column":40},"end":{"line":96,"column":57}},"14":{"start":{"line":97,"column":56},"end":{"line":97,"column":71}},"15":{"start":{"line":98,"column":50},"end":{"line":98,"column":65}},"16":{"start":{"line":99,"column":43},"end":{"line":99,"column":55}},"17":{"start":{"line":100,"column":30},"end":{"line":100,"column":52}},"18":{"start":{"line":101,"column":28},"end":{"line":101,"column":52}},"19":{"start":{"line":102,"column":34},"end":{"line":102,"column":62}},"20":{"start":{"line":103,"column":23},"end":{"line":103,"column":28}},"21":{"start":{"line":105,"column":26},"end":{"line":120,"column":4}},"22":{"start":{"line":122,"column":23},"end":{"line":135,"column":3}},"23":{"start":{"line":137,"column":23},"end":{"line":142,"column":3}},"24":{"start":{"line":138,"column":20},"end":{"line":138,"column":29}},"25":{"start":{"line":139,"column":4},"end":{"line":139,"column":38}},"26":{"start":{"line":140,"column":4},"end":{"line":140,"column":21}},"27":{"start":{"line":141,"column":4},"end":{"line":141,"column":22}},"28":{"start":{"line":144,"column":23},"end":{"line":148,"column":3}},"29":{"start":{"line":145,"column":20},"end":{"line":145,"column":29}},"30":{"start":{"line":146,"column":4},"end":{"line":146,"column":25}},"31":{"start":{"line":147,"column":4},"end":{"line":147,"column":21}},"32":{"start":{"line":150,"column":27},"end":{"line":152,"column":3}},"33":{"start":{"line":151,"column":4},"end":{"line":151,"column":34}},"34":{"start":{"line":154,"column":24},"end":{"line":156,"column":3}},"35":{"start":{"line":155,"column":4},"end":{"line":155,"column":31}},"36":{"start":{"line":158,"column":19},"end":{"line":176,"column":3}},"37":{"start":{"line":161,"column":6},"end":{"line":165,"column":40}},"38":{"start":{"line":165,"column":26},"end":{"line":165,"column":39}},"39":{"start":{"line":169,"column":8},"end":{"line":169,"column":21}},"40":{"start":{"line":172,"column":8},"end":{"line":172,"column":27}},"41":{"start":{"line":173,"column":8},"end":{"line":173,"column":30}},"42":{"start":{"line":178,"column":19},"end":{"line":183,"column":3}},"43":{"start":{"line":179,"column":21},"end":{"line":179,"column":39}},"44":{"start":{"line":180,"column":23},"end":{"line":180,"column":52}},"45":{"start":{"line":181,"column":4},"end":{"line":181,"column":26}},"46":{"start":{"line":182,"column":4},"end":{"line":182,"column":17}},"47":{"start":{"line":184,"column":23},"end":{"line":188,"column":3}},"48":{"start":{"line":185,"column":22},"end":{"line":185,"column":33}},"49":{"start":{"line":186,"column":4},"end":{"line":186,"column":31}},"50":{"start":{"line":187,"column":4},"end":{"line":187,"column":25}},"51":{"start":{"line":191,"column":24},"end":{"line":197,"column":3}},"52":{"start":{"line":193,"column":6},"end":{"line":193,"column":25}},"53":{"start":{"line":194,"column":6},"end":{"line":194,"column":33}},"54":{"start":{"line":199,"column":20},"end":{"line":199,"column":86}},"55":{"start":{"line":201,"column":27},"end":{"line":203,"column":3}},"56":{"start":{"line":202,"column":4},"end":{"line":202,"column":21}},"57":{"start":{"line":205,"column":34},"end":{"line":208,"column":3}},"58":{"start":{"line":206,"column":4},"end":{"line":206,"column":53}},"59":{"start":{"line":207,"column":4},"end":{"line":207,"column":15}},"60":{"start":{"line":210,"column":2},"end":{"line":386,"column":4}},"61":{"start":{"line":218,"column":65},"end":{"line":218,"column":90}},"62":{"start":{"line":244,"column":31},"end":{"line":244,"column":59}},"63":{"start":{"line":266,"column":22},"end":{"line":286,"column":33}},"64":{"start":{"line":281,"column":47},"end":{"line":281,"column":69}},"65":{"start":{"line":284,"column":56},"end":{"line":284,"column":71}},"66":{"start":{"line":338,"column":16},"end":{"line":348,"column":22}},"67":{"start":{"line":347,"column":48},"end":{"line":347,"column":67}},"68":{"start":{"line":372,"column":27},"end":{"line":372,"column":51}},"69":{"start":{"line":379,"column":27},"end":{"line":379,"column":54}}},"fnMap":{"0":{"name":"TablePaginationActions","decl":{"start":{"line":48,"column":9},"end":{"line":48,"column":31}},"loc":{"start":{"line":48,"column":68},"end":{"line":92,"column":1}},"line":48},"1":{"name":"(anonymous_1)","decl":{"start":{"line":52,"column":37},"end":{"line":52,"column":38}},"loc":{"start":{"line":52,"column":85},"end":{"line":54,"column":3}},"line":52},"2":{"name":"(anonymous_2)","decl":{"start":{"line":56,"column":32},"end":{"line":56,"column":33}},"loc":{"start":{"line":56,"column":80},"end":{"line":58,"column":3}},"line":56},"3":{"name":"(anonymous_3)","decl":{"start":{"line":60,"column":32},"end":{"line":60,"column":33}},"loc":{"start":{"line":60,"column":80},"end":{"line":62,"column":3}},"line":60},"4":{"name":"(anonymous_4)","decl":{"start":{"line":64,"column":36},"end":{"line":64,"column":37}},"loc":{"start":{"line":64,"column":84},"end":{"line":66,"column":3}},"line":64},"5":{"name":"(anonymous_5)","decl":{"start":{"line":94,"column":21},"end":{"line":94,"column":22}},"loc":{"start":{"line":94,"column":27},"end":{"line":387,"column":1}},"line":94},"6":{"name":"(anonymous_6)","decl":{"start":{"line":137,"column":23},"end":{"line":137,"column":24}},"loc":{"start":{"line":137,"column":88},"end":{"line":142,"column":3}},"line":137},"7":{"name":"(anonymous_7)","decl":{"start":{"line":144,"column":23},"end":{"line":144,"column":24}},"loc":{"start":{"line":144,"column":38},"end":{"line":148,"column":3}},"line":144},"8":{"name":"(anonymous_8)","decl":{"start":{"line":150,"column":27},"end":{"line":150,"column":28}},"loc":{"start":{"line":150,"column":33},"end":{"line":152,"column":3}},"line":150},"9":{"name":"(anonymous_9)","decl":{"start":{"line":154,"column":24},"end":{"line":154,"column":25}},"loc":{"start":{"line":154,"column":30},"end":{"line":156,"column":3}},"line":154},"10":{"name":"(anonymous_10)","decl":{"start":{"line":160,"column":4},"end":{"line":160,"column":5}},"loc":{"start":{"line":161,"column":6},"end":{"line":165,"column":40}},"line":161},"11":{"name":"(anonymous_11)","decl":{"start":{"line":165,"column":14},"end":{"line":165,"column":15}},"loc":{"start":{"line":165,"column":26},"end":{"line":165,"column":39}},"line":165},"12":{"name":"(anonymous_12)","decl":{"start":{"line":167,"column":6},"end":{"line":167,"column":7}},"loc":{"start":{"line":167,"column":17},"end":{"line":167,"column":19}},"line":167},"13":{"name":"(anonymous_13)","decl":{"start":{"line":168,"column":6},"end":{"line":168,"column":7}},"loc":{"start":{"line":168,"column":22},"end":{"line":170,"column":7}},"line":168},"14":{"name":"(anonymous_14)","decl":{"start":{"line":171,"column":6},"end":{"line":171,"column":7}},"loc":{"start":{"line":171,"column":21},"end":{"line":174,"column":7}},"line":171},"15":{"name":"(anonymous_15)","decl":{"start":{"line":178,"column":19},"end":{"line":178,"column":20}},"loc":{"start":{"line":178,"column":25},"end":{"line":183,"column":3}},"line":178},"16":{"name":"(anonymous_16)","decl":{"start":{"line":184,"column":23},"end":{"line":184,"column":24}},"loc":{"start":{"line":184,"column":42},"end":{"line":188,"column":3}},"line":184},"17":{"name":"(anonymous_17)","decl":{"start":{"line":192,"column":4},"end":{"line":192,"column":5}},"loc":{"start":{"line":192,"column":16},"end":{"line":195,"column":5}},"line":192},"18":{"name":"(anonymous_18)","decl":{"start":{"line":201,"column":27},"end":{"line":201,"column":28}},"loc":{"start":{"line":201,"column":99},"end":{"line":203,"column":3}},"line":201},"19":{"name":"(anonymous_19)","decl":{"start":{"line":205,"column":34},"end":{"line":205,"column":35}},"loc":{"start":{"line":205,"column":104},"end":{"line":208,"column":3}},"line":205},"20":{"name":"(anonymous_20)","decl":{"start":{"line":218,"column":59},"end":{"line":218,"column":60}},"loc":{"start":{"line":218,"column":65},"end":{"line":218,"column":90}},"line":218},"21":{"name":"(anonymous_21)","decl":{"start":{"line":244,"column":25},"end":{"line":244,"column":26}},"loc":{"start":{"line":244,"column":31},"end":{"line":244,"column":59}},"line":244},"22":{"name":"(anonymous_22)","decl":{"start":{"line":265,"column":20},"end":{"line":265,"column":21}},"loc":{"start":{"line":266,"column":22},"end":{"line":286,"column":33}},"line":266},"23":{"name":"(anonymous_23)","decl":{"start":{"line":281,"column":38},"end":{"line":281,"column":39}},"loc":{"start":{"line":281,"column":47},"end":{"line":281,"column":69}},"line":281},"24":{"name":"(anonymous_24)","decl":{"start":{"line":284,"column":50},"end":{"line":284,"column":51}},"loc":{"start":{"line":284,"column":56},"end":{"line":284,"column":71}},"line":284},"25":{"name":"(anonymous_25)","decl":{"start":{"line":337,"column":26},"end":{"line":337,"column":27}},"loc":{"start":{"line":338,"column":16},"end":{"line":348,"column":22}},"line":338},"26":{"name":"(anonymous_26)","decl":{"start":{"line":347,"column":42},"end":{"line":347,"column":43}},"loc":{"start":{"line":347,"column":48},"end":{"line":347,"column":67}},"line":347},"27":{"name":"(anonymous_27)","decl":{"start":{"line":372,"column":22},"end":{"line":372,"column":23}},"loc":{"start":{"line":372,"column":27},"end":{"line":372,"column":51}},"line":372},"28":{"name":"(anonymous_28)","decl":{"start":{"line":379,"column":22},"end":{"line":379,"column":23}},"loc":{"start":{"line":379,"column":27},"end":{"line":379,"column":54}},"line":379}},"branchMap":{"0":{"loc":{"start":{"line":71,"column":9},"end":{"line":71,"column":73}},"type":"cond-expr","locations":[{"start":{"line":71,"column":37},"end":{"line":71,"column":53}},{"start":{"line":71,"column":56},"end":{"line":71,"column":73}}],"line":71},"1":{"loc":{"start":{"line":74,"column":9},"end":{"line":74,"column":83}},"type":"cond-expr","locations":[{"start":{"line":74,"column":37},"end":{"line":74,"column":59}},{"start":{"line":74,"column":62},"end":{"line":74,"column":83}}],"line":74},"2":{"loc":{"start":{"line":81,"column":9},"end":{"line":81,"column":83}},"type":"cond-expr","locations":[{"start":{"line":81,"column":37},"end":{"line":81,"column":58}},{"start":{"line":81,"column":61},"end":{"line":81,"column":83}}],"line":81},"3":{"loc":{"start":{"line":88,"column":9},"end":{"line":88,"column":73}},"type":"cond-expr","locations":[{"start":{"line":88,"column":37},"end":{"line":88,"column":54}},{"start":{"line":88,"column":57},"end":{"line":88,"column":73}}],"line":88},"4":{"loc":{"start":{"line":199,"column":20},"end":{"line":199,"column":86}},"type":"cond-expr","locations":[{"start":{"line":199,"column":31},"end":{"line":199,"column":82}},{"start":{"line":199,"column":85},"end":{"line":199,"column":86}}],"line":199},"5":{"loc":{"start":{"line":264,"column":20},"end":{"line":264,"column":109}},"type":"cond-expr","locations":[{"start":{"line":264,"column":38},"end":{"line":264,"column":102}},{"start":{"line":264,"column":105},"end":{"line":264,"column":109}}],"line":264},"6":{"loc":{"start":{"line":289,"column":19},"end":{"line":293,"column":19}},"type":"binary-expr","locations":[{"start":{"line":289,"column":19},"end":{"line":289,"column":32}},{"start":{"line":290,"column":20},"end":{"line":292,"column":31}}],"line":289}},"s":{"0":0,"1":0,"2":0,"3":0,"4":0,"5":0,"6":0,"7":0,"8":0,"9":0,"10":0,"11":0,"12":0,"13":0,"14":0,"15":0,"16":0,"17":0,"18":0,"19":0,"20":0,"21":0,"22":0,"23":0,"24":0,"25":0,"26":0,"27":0,"28":0,"29":0,"30":0,"31":0,"32":0,"33":0,"34":0,"35":0,"36":0,"37":0,"38":0,"39":0,"40":0,"41":0,"42":0,"43":0,"44":0,"45":0,"46":0,"47":0,"48":0,"49":0,"50":0,"51":0,"52":0,"53":0,"54":0,"55":0,"56":0,"57":0,"58":0,"59":0,"60":0,"61":0,"62":0,"63":0,"64":0,"65":0,"66":0,"67":0,"68":0,"69":0},"f":{"0":0,"1":0,"2":0,"3":0,"4":0,"5":0,"6":0,"7":0,"8":0,"9":0,"10":0,"11":0,"12":0,"13":0,"14":0,"15":0,"16":0,"17":0,"18":0,"19":0,"20":0,"21":0,"22":0,"23":0,"24":0,"25":0,"26":0,"27":0,"28":0},"b":{"0":[0,0],"1":[0,0],"2":[0,0],"3":[0,0],"4":[0,0],"5":[0,0],"6":[0,0]}}
,"/Users/chuseongjun/Desktop/SummerCorporatePractice_Frontend/src/components/ManageMember/styles.tsx": {"path":"/Users/chuseongjun/Desktop/SummerCorporatePractice_Frontend/src/components/ManageMember/styles.tsx","statementMap":{"0":{"start":{"line":3,"column":30},"end":{"line":8,"column":1}},"1":{"start":{"line":9,"column":29},"end":{"line":14,"column":1}},"2":{"start":{"line":16,"column":29},"end":{"line":22,"column":1}},"3":{"start":{"line":23,"column":27},"end":{"line":28,"column":1}},"4":{"start":{"line":29,"column":29},"end":{"line":32,"column":1}},"5":{"start":{"line":34,"column":32},"end":{"line":43,"column":1}},"6":{"start":{"line":44,"column":34},"end":{"line":53,"column":1}},"7":{"start":{"line":54,"column":28},"end":{"line":59,"column":1}},"8":{"start":{"line":60,"column":32},"end":{"line":60,"column":44}},"9":{"start":{"line":61,"column":33},"end":{"line":61,"column":45}},"10":{"start":{"line":63,"column":26},"end":{"line":63,"column":38}}},"fnMap":{},"branchMap":{},"s":{"0":0,"1":0,"2":0,"3":0,"4":0,"5":0,"6":0,"7":0,"8":0,"9":0,"10":0},"f":{},"b":{}}
,"/Users/chuseongjun/Desktop/SummerCorporatePractice_Frontend/src/components/Menu/index.tsx": {"path":"/Users/chuseongjun/Desktop/SummerCorporatePractice_Frontend/src/components/Menu/index.tsx","statementMap":{"0":{"start":{"line":5,"column":24},"end":{"line":17,"column":1}},"1":{"start":{"line":6,"column":26},"end":{"line":8,"column":8}},"2":{"start":{"line":7,"column":4},"end":{"line":7,"column":24}},"3":{"start":{"line":10,"column":2},"end":{"line":16,"column":4}},"4":{"start":{"line":19,"column":0},"end":{"line":21,"column":2}}},"fnMap":{"0":{"name":"(anonymous_0)","decl":{"start":{"line":5,"column":24},"end":{"line":5,"column":25}},"loc":{"start":{"line":5,"column":75},"end":{"line":17,"column":1}},"line":5},"1":{"name":"(anonymous_1)","decl":{"start":{"line":6,"column":38},"end":{"line":6,"column":39}},"loc":{"start":{"line":6,"column":50},"end":{"line":8,"column":3}},"line":6}},"branchMap":{},"s":{"0":0,"1":0,"2":0,"3":0,"4":0},"f":{"0":0,"1":0},"b":{}}
,"/Users/chuseongjun/Desktop/SummerCorporatePractice_Frontend/src/components/Menu/styles.tsx": {"path":"/Users/chuseongjun/Desktop/SummerCorporatePractice_Frontend/src/components/Menu/styles.tsx","statementMap":{"0":{"start":{"line":3,"column":27},"end":{"line":11,"column":1}}},"fnMap":{},"branchMap":{},"s":{"0":0},"f":{},"b":{}}
,"/Users/chuseongjun/Desktop/SummerCorporatePractice_Frontend/src/components/Menu/type.ts": {"path":"/Users/chuseongjun/Desktop/SummerCorporatePractice_Frontend/src/components/Menu/type.ts","statementMap":{},"fnMap":{},"branchMap":{},"s":{},"f":{},"b":{}}
,"/Users/chuseongjun/Desktop/SummerCorporatePractice_Frontend/src/components/MyInfoCard/index.tsx": {"path":"/Users/chuseongjun/Desktop/SummerCorporatePractice_Frontend/src/components/MyInfoCard/index.tsx","statementMap":{"0":{"start":{"line":7,"column":28},"end":{"line":7,"column":38}},"1":{"start":{"line":8,"column":19},"end":{"line":54,"column":1}},"2":{"start":{"line":10,"column":42},"end":{"line":10,"column":57}},"3":{"start":{"line":12,"column":34},"end":{"line":12,"column":77}},"4":{"start":{"line":13,"column":21},"end":{"line":15,"column":3}},"5":{"start":{"line":14,"column":4},"end":{"line":14,"column":27}},"6":{"start":{"line":17,"column":2},"end":{"line":53,"column":4}},"7":{"start":{"line":21,"column":39},"end":{"line":21,"column":60}},"8":{"start":{"line":36,"column":37},"end":{"line":36,"column":78}}},"fnMap":{"0":{"name":"(anonymous_0)","decl":{"start":{"line":8,"column":19},"end":{"line":8,"column":20}},"loc":{"start":{"line":8,"column":25},"end":{"line":54,"column":1}},"line":8},"1":{"name":"(anonymous_1)","decl":{"start":{"line":13,"column":21},"end":{"line":13,"column":22}},"loc":{"start":{"line":13,"column":27},"end":{"line":15,"column":3}},"line":13},"2":{"name":"(anonymous_2)","decl":{"start":{"line":21,"column":33},"end":{"line":21,"column":34}},"loc":{"start":{"line":21,"column":39},"end":{"line":21,"column":60}},"line":21},"3":{"name":"(anonymous_3)","decl":{"start":{"line":36,"column":28},"end":{"line":36,"column":29}},"loc":{"start":{"line":36,"column":37},"end":{"line":36,"column":78}},"line":36}},"branchMap":{},"s":{"0":0,"1":0,"2":0,"3":0,"4":0,"5":0,"6":0,"7":0,"8":0},"f":{"0":0,"1":0,"2":0,"3":0},"b":{}}
,"/Users/chuseongjun/Desktop/SummerCorporatePractice_Frontend/src/components/MyInfoCard/styles.tsx": {"path":"/Users/chuseongjun/Desktop/SummerCorporatePractice_Frontend/src/components/MyInfoCard/styles.tsx","statementMap":{"0":{"start":{"line":4,"column":27},"end":{"line":7,"column":1}},"1":{"start":{"line":9,"column":26},"end":{"line":11,"column":1}},"2":{"start":{"line":13,"column":27},"end":{"line":15,"column":1}},"3":{"start":{"line":16,"column":30},"end":{"line":21,"column":1}}},"fnMap":{},"branchMap":{},"s":{"0":0,"1":0,"2":0,"3":0},"f":{},"b":{}}
,"/Users/chuseongjun/Desktop/SummerCorporatePractice_Frontend/src/components/MyInfoCard/ChangePasswordModal/index.tsx": {"path":"/Users/chuseongjun/Desktop/SummerCorporatePractice_Frontend/src/components/MyInfoCard/ChangePasswordModal/index.tsx","statementMap":{"0":{"start":{"line":15,"column":28},"end":{"line":176,"column":1}},"1":{"start":{"line":16,"column":26},"end":{"line":16,"column":41}},"2":{"start":{"line":17,"column":46},"end":{"line":21,"column":4}},"3":{"start":{"line":23,"column":44},"end":{"line":27,"column":4}},"4":{"start":{"line":30,"column":4},"end":{"line":34,"column":7}},"5":{"start":{"line":36,"column":4},"end":{"line":40,"column":7}},"6":{"start":{"line":42,"column":19},"end":{"line":82,"column":3}},"7":{"start":{"line":43,"column":18},"end":{"line":43,"column":22}},"8":{"start":{"line":45,"column":4},"end":{"line":57,"column":5}},"9":{"start":{"line":46,"column":6},"end":{"line":49,"column":10}},"10":{"start":{"line":46,"column":38},"end":{"line":49,"column":7}},"11":{"start":{"line":51,"column":6},"end":{"line":51,"column":37}},"12":{"start":{"line":52,"column":6},"end":{"line":55,"column":10}},"13":{"start":{"line":52,"column":38},"end":{"line":55,"column":7}},"14":{"start":{"line":56,"column":6},"end":{"line":56,"column":22}},"15":{"start":{"line":59,"column":4},"end":{"line":75,"column":5}},"16":{"start":{"line":64,"column":6},"end":{"line":67,"column":10}},"17":{"start":{"line":64,"column":38},"end":{"line":67,"column":7}},"18":{"start":{"line":69,"column":6},"end":{"line":69,"column":41}},"19":{"start":{"line":70,"column":6},"end":{"line":73,"column":10}},"20":{"start":{"line":70,"column":38},"end":{"line":73,"column":7}},"21":{"start":{"line":74,"column":6},"end":{"line":74,"column":22}},"22":{"start":{"line":77,"column":4},"end":{"line":81,"column":5}},"23":{"start":{"line":78,"column":6},"end":{"line":78,"column":37}},"24":{"start":{"line":79,"column":6},"end":{"line":79,"column":21}},"25":{"start":{"line":80,"column":6},"end":{"line":80,"column":21}},"26":{"start":{"line":84,"column":23},"end":{"line":87,"column":3}},"27":{"start":{"line":85,"column":4},"end":{"line":85,"column":19}},"28":{"start":{"line":86,"column":4},"end":{"line":86,"column":19}},"29":{"start":{"line":89,"column":2},"end":{"line":116,"column":22}},"30":{"start":{"line":90,"column":4},"end":{"line":102,"column":5}},"31":{"start":{"line":91,"column":6},"end":{"line":101,"column":7}},"32":{"start":{"line":92,"column":8},"end":{"line":95,"column":12}},"33":{"start":{"line":92,"column":40},"end":{"line":95,"column":9}},"34":{"start":{"line":97,"column":8},"end":{"line":100,"column":12}},"35":{"start":{"line":97,"column":40},"end":{"line":100,"column":9}},"36":{"start":{"line":103,"column":4},"end":{"line":115,"column":5}},"37":{"start":{"line":104,"column":6},"end":{"line":114,"column":7}},"38":{"start":{"line":105,"column":8},"end":{"line":108,"column":12}},"39":{"start":{"line":105,"column":40},"end":{"line":108,"column":9}},"40":{"start":{"line":110,"column":8},"end":{"line":113,"column":12}},"41":{"start":{"line":110,"column":40},"end":{"line":113,"column":9}},"42":{"start":{"line":118,"column":2},"end":{"line":175,"column":4}},"43":{"start":{"line":120,"column":29},"end":{"line":120,"column":42}},"44":{"start":{"line":130,"column":48},"end":{"line":130,"column":58}},"45":{"start":{"line":139,"column":14},"end":{"line":142,"column":17}},"46":{"start":{"line":139,"column":45},"end":{"line":142,"column":15}},"47":{"start":{"line":151,"column":14},"end":{"line":154,"column":17}},"48":{"start":{"line":151,"column":45},"end":{"line":154,"column":15}},"49":{"start":{"line":158,"column":36},"end":{"line":158,"column":87}},"50":{"start":{"line":163,"column":14},"end":{"line":166,"column":17}},"51":{"start":{"line":163,"column":45},"end":{"line":166,"column":15}}},"fnMap":{"0":{"name":"(anonymous_0)","decl":{"start":{"line":15,"column":28},"end":{"line":15,"column":29}},"loc":{"start":{"line":15,"column":34},"end":{"line":176,"column":1}},"line":15},"1":{"name":"refreshInput","decl":{"start":{"line":29,"column":11},"end":{"line":29,"column":23}},"loc":{"start":{"line":29,"column":26},"end":{"line":41,"column":3}},"line":29},"2":{"name":"(anonymous_2)","decl":{"start":{"line":42,"column":19},"end":{"line":42,"column":20}},"loc":{"start":{"line":42,"column":25},"end":{"line":82,"column":3}},"line":42},"3":{"name":"(anonymous_3)","decl":{"start":{"line":46,"column":24},"end":{"line":46,"column":25}},"loc":{"start":{"line":46,"column":38},"end":{"line":49,"column":7}},"line":46},"4":{"name":"(anonymous_4)","decl":{"start":{"line":52,"column":24},"end":{"line":52,"column":25}},"loc":{"start":{"line":52,"column":38},"end":{"line":55,"column":7}},"line":52},"5":{"name":"(anonymous_5)","decl":{"start":{"line":64,"column":24},"end":{"line":64,"column":25}},"loc":{"start":{"line":64,"column":38},"end":{"line":67,"column":7}},"line":64},"6":{"name":"(anonymous_6)","decl":{"start":{"line":70,"column":24},"end":{"line":70,"column":25}},"loc":{"start":{"line":70,"column":38},"end":{"line":73,"column":7}},"line":70},"7":{"name":"(anonymous_7)","decl":{"start":{"line":84,"column":23},"end":{"line":84,"column":24}},"loc":{"start":{"line":84,"column":29},"end":{"line":87,"column":3}},"line":84},"8":{"name":"(anonymous_8)","decl":{"start":{"line":89,"column":12},"end":{"line":89,"column":13}},"loc":{"start":{"line":89,"column":18},"end":{"line":116,"column":3}},"line":89},"9":{"name":"(anonymous_9)","decl":{"start":{"line":92,"column":26},"end":{"line":92,"column":27}},"loc":{"start":{"line":92,"column":40},"end":{"line":95,"column":9}},"line":92},"10":{"name":"(anonymous_10)","decl":{"start":{"line":97,"column":26},"end":{"line":97,"column":27}},"loc":{"start":{"line":97,"column":40},"end":{"line":100,"column":9}},"line":97},"11":{"name":"(anonymous_11)","decl":{"start":{"line":105,"column":26},"end":{"line":105,"column":27}},"loc":{"start":{"line":105,"column":40},"end":{"line":108,"column":9}},"line":105},"12":{"name":"(anonymous_12)","decl":{"start":{"line":110,"column":26},"end":{"line":110,"column":27}},"loc":{"start":{"line":110,"column":40},"end":{"line":113,"column":9}},"line":110},"13":{"name":"(anonymous_13)","decl":{"start":{"line":120,"column":23},"end":{"line":120,"column":24}},"loc":{"start":{"line":120,"column":29},"end":{"line":120,"column":42}},"line":120},"14":{"name":"(anonymous_14)","decl":{"start":{"line":130,"column":42},"end":{"line":130,"column":43}},"loc":{"start":{"line":130,"column":48},"end":{"line":130,"column":58}},"line":130},"15":{"name":"(anonymous_15)","decl":{"start":{"line":138,"column":22},"end":{"line":138,"column":23}},"loc":{"start":{"line":139,"column":14},"end":{"line":142,"column":17}},"line":139},"16":{"name":"(anonymous_16)","decl":{"start":{"line":139,"column":31},"end":{"line":139,"column":32}},"loc":{"start":{"line":139,"column":45},"end":{"line":142,"column":15}},"line":139},"17":{"name":"(anonymous_17)","decl":{"start":{"line":150,"column":22},"end":{"line":150,"column":23}},"loc":{"start":{"line":151,"column":14},"end":{"line":154,"column":17}},"line":151},"18":{"name":"(anonymous_18)","decl":{"start":{"line":151,"column":31},"end":{"line":151,"column":32}},"loc":{"start":{"line":151,"column":45},"end":{"line":154,"column":15}},"line":151},"19":{"name":"(anonymous_19)","decl":{"start":{"line":158,"column":24},"end":{"line":158,"column":25}},"loc":{"start":{"line":158,"column":36},"end":{"line":158,"column":87}},"line":158},"20":{"name":"(anonymous_20)","decl":{"start":{"line":162,"column":22},"end":{"line":162,"column":23}},"loc":{"start":{"line":163,"column":14},"end":{"line":166,"column":17}},"line":163},"21":{"name":"(anonymous_21)","decl":{"start":{"line":163,"column":31},"end":{"line":163,"column":32}},"loc":{"start":{"line":163,"column":45},"end":{"line":166,"column":15}},"line":163}},"branchMap":{"0":{"loc":{"start":{"line":45,"column":4},"end":{"line":57,"column":5}},"type":"if","locations":[{"start":{"line":45,"column":4},"end":{"line":57,"column":5}},{"start":{"line":50,"column":11},"end":{"line":57,"column":5}}],"line":45},"1":{"loc":{"start":{"line":59,"column":4},"end":{"line":75,"column":5}},"type":"if","locations":[{"start":{"line":59,"column":4},"end":{"line":75,"column":5}},{"start":{"line":68,"column":11},"end":{"line":75,"column":5}}],"line":59},"2":{"loc":{"start":{"line":60,"column":6},"end":{"line":62,"column":68}},"type":"binary-expr","locations":[{"start":{"line":60,"column":6},"end":{"line":60,"column":31}},{"start":{"line":61,"column":6},"end":{"line":61,"column":38}},{"start":{"line":62,"column":6},"end":{"line":62,"column":68}}],"line":60},"3":{"loc":{"start":{"line":77,"column":4},"end":{"line":81,"column":5}},"type":"if","locations":[{"start":{"line":77,"column":4},"end":{"line":81,"column":5}},{"start":{},"end":{}}],"line":77},"4":{"loc":{"start":{"line":90,"column":4},"end":{"line":102,"column":5}},"type":"if","locations":[{"start":{"line":90,"column":4},"end":{"line":102,"column":5}},{"start":{},"end":{}}],"line":90},"5":{"loc":{"start":{"line":91,"column":6},"end":{"line":101,"column":7}},"type":"if","locations":[{"start":{"line":91,"column":6},"end":{"line":101,"column":7}},{"start":{"line":96,"column":13},"end":{"line":101,"column":7}}],"line":91},"6":{"loc":{"start":{"line":103,"column":4},"end":{"line":115,"column":5}},"type":"if","locations":[{"start":{"line":103,"column":4},"end":{"line":115,"column":5}},{"start":{},"end":{}}],"line":103},"7":{"loc":{"start":{"line":103,"column":8},"end":{"line":103,"column":91}},"type":"binary-expr","locations":[{"start":{"line":103,"column":8},"end":{"line":103,"column":44}},{"start":{"line":103,"column":48},"end":{"line":103,"column":91}}],"line":103},"8":{"loc":{"start":{"line":104,"column":6},"end":{"line":114,"column":7}},"type":"if","locations":[{"start":{"line":104,"column":6},"end":{"line":114,"column":7}},{"start":{"line":109,"column":13},"end":{"line":114,"column":7}}],"line":104},"9":{"loc":{"start":{"line":158,"column":36},"end":{"line":158,"column":87}},"type":"cond-expr","locations":[{"start":{"line":158,"column":46},"end":{"line":158,"column":60}},{"start":{"line":158,"column":63},"end":{"line":158,"column":87}}],"line":158}},"s":{"0":0,"1":0,"2":0,"3":0,"4":0,"5":0,"6":0,"7":0,"8":0,"9":0,"10":0,"11":0,"12":0,"13":0,"14":0,"15":0,"16":0,"17":0,"18":0,"19":0,"20":0,"21":0,"22":0,"23":0,"24":0,"25":0,"26":0,"27":0,"28":0,"29":0,"30":0,"31":0,"32":0,"33":0,"34":0,"35":0,"36":0,"37":0,"38":0,"39":0,"40":0,"41":0,"42":0,"43":0,"44":0,"45":0,"46":0,"47":0,"48":0,"49":0,"50":0,"51":0},"f":{"0":0,"1":0,"2":0,"3":0,"4":0,"5":0,"6":0,"7":0,"8":0,"9":0,"10":0,"11":0,"12":0,"13":0,"14":0,"15":0,"16":0,"17":0,"18":0,"19":0,"20":0,"21":0},"b":{"0":[0,0],"1":[0,0],"2":[0,0,0],"3":[0,0],"4":[0,0],"5":[0,0],"6":[0,0],"7":[0,0],"8":[0,0],"9":[0,0]}}
,"/Users/chuseongjun/Desktop/SummerCorporatePractice_Frontend/src/components/MyInfoCard/ChangePasswordModal/mock.tsx": {"path":"/Users/chuseongjun/Desktop/SummerCorporatePractice_Frontend/src/components/MyInfoCard/ChangePasswordModal/mock.tsx","statementMap":{"0":{"start":{"line":1,"column":28},"end":{"line":1,"column":39}}},"fnMap":{},"branchMap":{},"s":{"0":0},"f":{},"b":{}}
,"/Users/chuseongjun/Desktop/SummerCorporatePractice_Frontend/src/components/MyInfoCard/ChangePasswordModal/styles.tsx": {"path":"/Users/chuseongjun/Desktop/SummerCorporatePractice_Frontend/src/components/MyInfoCard/ChangePasswordModal/styles.tsx","statementMap":{"0":{"start":{"line":4,"column":32},"end":{"line":6,"column":1}},"1":{"start":{"line":7,"column":31},"end":{"line":10,"column":1}},"2":{"start":{"line":11,"column":27},"end":{"line":13,"column":1}},"3":{"start":{"line":14,"column":34},"end":{"line":16,"column":1}}},"fnMap":{},"branchMap":{},"s":{"0":0,"1":0,"2":0,"3":0},"f":{},"b":{}}
,"/Users/chuseongjun/Desktop/SummerCorporatePractice_Frontend/src/components/MyInfoCard/ChangePasswordModal/type.ts": {"path":"/Users/chuseongjun/Desktop/SummerCorporatePractice_Frontend/src/components/MyInfoCard/ChangePasswordModal/type.ts","statementMap":{},"fnMap":{},"branchMap":{},"s":{},"f":{},"b":{}}
,"/Users/chuseongjun/Desktop/SummerCorporatePractice_Frontend/src/components/MyInfoCard/WithdrawAccountModal/index.tsx": {"path":"/Users/chuseongjun/Desktop/SummerCorporatePractice_Frontend/src/components/MyInfoCard/WithdrawAccountModal/index.tsx","statementMap":{"0":{"start":{"line":12,"column":29},"end":{"line":66,"column":1}},"1":{"start":{"line":13,"column":26},"end":{"line":13,"column":41}},"2":{"start":{"line":14,"column":32},"end":{"line":14,"column":47}},"3":{"start":{"line":15,"column":19},"end":{"line":23,"column":3}},"4":{"start":{"line":16,"column":4},"end":{"line":22,"column":5}},"5":{"start":{"line":17,"column":6},"end":{"line":17,"column":36}},"6":{"start":{"line":18,"column":6},"end":{"line":18,"column":24}},"7":{"start":{"line":19,"column":6},"end":{"line":19,"column":21}},"8":{"start":{"line":21,"column":6},"end":{"line":21,"column":35}},"9":{"start":{"line":24,"column":23},"end":{"line":26,"column":3}},"10":{"start":{"line":25,"column":4},"end":{"line":25,"column":19}},"11":{"start":{"line":27,"column":21},"end":{"line":30,"column":3}},"12":{"start":{"line":28,"column":4},"end":{"line":28,"column":49}},"13":{"start":{"line":29,"column":4},"end":{"line":29,"column":33}},"14":{"start":{"line":31,"column":2},"end":{"line":65,"column":4}},"15":{"start":{"line":36,"column":23},"end":{"line":36,"column":36}},"16":{"start":{"line":52,"column":50},"end":{"line":52,"column":60}}},"fnMap":{"0":{"name":"(anonymous_0)","decl":{"start":{"line":12,"column":29},"end":{"line":12,"column":30}},"loc":{"start":{"line":12,"column":35},"end":{"line":66,"column":1}},"line":12},"1":{"name":"(anonymous_1)","decl":{"start":{"line":15,"column":19},"end":{"line":15,"column":20}},"loc":{"start":{"line":15,"column":25},"end":{"line":23,"column":3}},"line":15},"2":{"name":"(anonymous_2)","decl":{"start":{"line":24,"column":23},"end":{"line":24,"column":24}},"loc":{"start":{"line":24,"column":29},"end":{"line":26,"column":3}},"line":24},"3":{"name":"(anonymous_3)","decl":{"start":{"line":27,"column":21},"end":{"line":27,"column":22}},"loc":{"start":{"line":27,"column":49},"end":{"line":30,"column":3}},"line":27},"4":{"name":"(anonymous_4)","decl":{"start":{"line":36,"column":17},"end":{"line":36,"column":18}},"loc":{"start":{"line":36,"column":23},"end":{"line":36,"column":36}},"line":36},"5":{"name":"(anonymous_5)","decl":{"start":{"line":52,"column":44},"end":{"line":52,"column":45}},"loc":{"start":{"line":52,"column":50},"end":{"line":52,"column":60}},"line":52}},"branchMap":{"0":{"loc":{"start":{"line":16,"column":4},"end":{"line":22,"column":5}},"type":"if","locations":[{"start":{"line":16,"column":4},"end":{"line":22,"column":5}},{"start":{"line":20,"column":11},"end":{"line":22,"column":5}}],"line":16}},"s":{"0":0,"1":0,"2":0,"3":0,"4":0,"5":0,"6":0,"7":0,"8":0,"9":0,"10":0,"11":0,"12":0,"13":0,"14":0,"15":0,"16":0},"f":{"0":0,"1":0,"2":0,"3":0,"4":0,"5":0},"b":{"0":[0,0]}}
,"/Users/chuseongjun/Desktop/SummerCorporatePractice_Frontend/src/components/MyInfoCard/WithdrawAccountModal/styles.tsx": {"path":"/Users/chuseongjun/Desktop/SummerCorporatePractice_Frontend/src/components/MyInfoCard/WithdrawAccountModal/styles.tsx","statementMap":{"0":{"start":{"line":3,"column":31},"end":{"line":7,"column":1}},"1":{"start":{"line":9,"column":42},"end":{"line":13,"column":1}},"2":{"start":{"line":15,"column":40},"end":{"line":19,"column":1}}},"fnMap":{},"branchMap":{},"s":{"0":0,"1":0,"2":0},"f":{},"b":{}}
,"/Users/chuseongjun/Desktop/SummerCorporatePractice_Frontend/src/components/PasswordModal/index.tsx": {"path":"/Users/chuseongjun/Desktop/SummerCorporatePractice_Frontend/src/components/PasswordModal/index.tsx","statementMap":{"0":{"start":{"line":26,"column":42},"end":{"line":212,"column":1}},"1":{"start":{"line":27,"column":33},"end":{"line":27,"column":45}},"2":{"start":{"line":28,"column":52},"end":{"line":28,"column":64}},"3":{"start":{"line":29,"column":62},"end":{"line":29,"column":74}},"4":{"start":{"line":30,"column":47},"end":{"line":30,"column":59}},"5":{"start":{"line":31,"column":30},"end":{"line":31,"column":45}},"6":{"start":{"line":32,"column":44},"end":{"line":32,"column":59}},"7":{"start":{"line":33,"column":18},"end":{"line":33,"column":88}},"8":{"start":{"line":33,"column":39},"end":{"line":33,"column":88}},"9":{"start":{"line":35,"column":24},"end":{"line":59,"column":3}},"10":{"start":{"line":37,"column":6},"end":{"line":37,"column":26}},"11":{"start":{"line":38,"column":22},"end":{"line":38,"column":92}},"12":{"start":{"line":38,"column":43},"end":{"line":38,"column":92}},"13":{"start":{"line":40,"column":6},"end":{"line":42,"column":7}},"14":{"start":{"line":41,"column":8},"end":{"line":41,"column":15}},"15":{"start":{"line":44,"column":6},"end":{"line":56,"column":11}},"16":{"start":{"line":47,"column":10},"end":{"line":47,"column":32}},"17":{"start":{"line":48,"column":10},"end":{"line":50,"column":13}},"18":{"start":{"line":53,"column":10},"end":{"line":53,"column":62}},"19":{"start":{"line":54,"column":10},"end":{"line":54,"column":33}},"20":{"start":{"line":55,"column":10},"end":{"line":55,"column":38}},"21":{"start":{"line":61,"column":27},"end":{"line":67,"column":3}},"22":{"start":{"line":63,"column":6},"end":{"line":63,"column":42}},"23":{"start":{"line":64,"column":6},"end":{"line":64,"column":65}},"24":{"start":{"line":69,"column":32},"end":{"line":75,"column":3}},"25":{"start":{"line":71,"column":6},"end":{"line":71,"column":47}},"26":{"start":{"line":72,"column":6},"end":{"line":72,"column":60}},"27":{"start":{"line":77,"column":26},"end":{"line":79,"column":8}},"28":{"start":{"line":78,"column":4},"end":{"line":78,"column":24}},"29":{"start":{"line":81,"column":19},"end":{"line":105,"column":4}},"30":{"start":{"line":90,"column":30},"end":{"line":90,"column":101}},"31":{"start":{"line":90,"column":87},"end":{"line":90,"column":100}},"32":{"start":{"line":95,"column":6},"end":{"line":97,"column":9}},"33":{"start":{"line":98,"column":6},"end":{"line":98,"column":27}},"34":{"start":{"line":102,"column":6},"end":{"line":102,"column":59}},"35":{"start":{"line":103,"column":6},"end":{"line":103,"column":25}},"36":{"start":{"line":107,"column":19},"end":{"line":120,"column":3}},"37":{"start":{"line":109,"column":6},"end":{"line":109,"column":26}},"38":{"start":{"line":110,"column":6},"end":{"line":117,"column":7}},"39":{"start":{"line":111,"column":8},"end":{"line":116,"column":11}},"40":{"start":{"line":122,"column":2},"end":{"line":211,"column":4}},"41":{"start":{"line":148,"column":12},"end":{"line":148,"column":29}},"42":{"start":{"line":193,"column":14},"end":{"line":193,"column":26}},"43":{"start":{"line":203,"column":14},"end":{"line":203,"column":26}}},"fnMap":{"0":{"name":"(anonymous_0)","decl":{"start":{"line":26,"column":42},"end":{"line":26,"column":43}},"loc":{"start":{"line":26,"column":72},"end":{"line":212,"column":1}},"line":26},"1":{"name":"(anonymous_1)","decl":{"start":{"line":33,"column":18},"end":{"line":33,"column":19}},"loc":{"start":{"line":33,"column":39},"end":{"line":33,"column":88}},"line":33},"2":{"name":"(anonymous_2)","decl":{"start":{"line":36,"column":4},"end":{"line":36,"column":5}},"loc":{"start":{"line":36,"column":61},"end":{"line":57,"column":5}},"line":36},"3":{"name":"(anonymous_3)","decl":{"start":{"line":38,"column":22},"end":{"line":38,"column":23}},"loc":{"start":{"line":38,"column":43},"end":{"line":38,"column":92}},"line":38},"4":{"name":"(anonymous_4)","decl":{"start":{"line":46,"column":14},"end":{"line":46,"column":15}},"loc":{"start":{"line":46,"column":20},"end":{"line":51,"column":9}},"line":46},"5":{"name":"(anonymous_5)","decl":{"start":{"line":52,"column":15},"end":{"line":52,"column":16}},"loc":{"start":{"line":52,"column":24},"end":{"line":56,"column":9}},"line":52},"6":{"name":"(anonymous_6)","decl":{"start":{"line":62,"column":4},"end":{"line":62,"column":5}},"loc":{"start":{"line":62,"column":42},"end":{"line":65,"column":5}},"line":62},"7":{"name":"(anonymous_7)","decl":{"start":{"line":70,"column":4},"end":{"line":70,"column":5}},"loc":{"start":{"line":70,"column":42},"end":{"line":73,"column":5}},"line":70},"8":{"name":"(anonymous_8)","decl":{"start":{"line":77,"column":38},"end":{"line":77,"column":39}},"loc":{"start":{"line":77,"column":80},"end":{"line":79,"column":3}},"line":77},"9":{"name":"(anonymous_9)","decl":{"start":{"line":90,"column":22},"end":{"line":90,"column":23}},"loc":{"start":{"line":90,"column":30},"end":{"line":90,"column":101}},"line":90},"10":{"name":"(anonymous_10)","decl":{"start":{"line":90,"column":75},"end":{"line":90,"column":76}},"loc":{"start":{"line":90,"column":87},"end":{"line":90,"column":100}},"line":90},"11":{"name":"(anonymous_11)","decl":{"start":{"line":91,"column":4},"end":{"line":91,"column":5}},"loc":{"start":{"line":91,"column":15},"end":{"line":93,"column":5}},"line":91},"12":{"name":"(anonymous_12)","decl":{"start":{"line":94,"column":4},"end":{"line":94,"column":5}},"loc":{"start":{"line":94,"column":16},"end":{"line":99,"column":5}},"line":94},"13":{"name":"(anonymous_13)","decl":{"start":{"line":100,"column":4},"end":{"line":100,"column":5}},"loc":{"start":{"line":100,"column":19},"end":{"line":104,"column":5}},"line":100},"14":{"name":"(anonymous_14)","decl":{"start":{"line":108,"column":4},"end":{"line":108,"column":5}},"loc":{"start":{"line":108,"column":46},"end":{"line":118,"column":5}},"line":108},"15":{"name":"(anonymous_15)","decl":{"start":{"line":147,"column":19},"end":{"line":147,"column":20}},"loc":{"start":{"line":147,"column":24},"end":{"line":149,"column":11}},"line":147},"16":{"name":"(anonymous_16)","decl":{"start":{"line":192,"column":22},"end":{"line":192,"column":23}},"loc":{"start":{"line":192,"column":27},"end":{"line":194,"column":13}},"line":192},"17":{"name":"(anonymous_17)","decl":{"start":{"line":202,"column":22},"end":{"line":202,"column":23}},"loc":{"start":{"line":202,"column":27},"end":{"line":204,"column":13}},"line":202}},"branchMap":{"0":{"loc":{"start":{"line":40,"column":6},"end":{"line":42,"column":7}},"type":"if","locations":[{"start":{"line":40,"column":6},"end":{"line":42,"column":7}},{"start":{},"end":{}}],"line":40},"1":{"loc":{"start":{"line":40,"column":10},"end":{"line":40,"column":33}},"type":"binary-expr","locations":[{"start":{"line":40,"column":10},"end":{"line":40,"column":16}},{"start":{"line":40,"column":20},"end":{"line":40,"column":33}}],"line":40},"2":{"loc":{"start":{"line":110,"column":6},"end":{"line":117,"column":7}},"type":"if","locations":[{"start":{"line":110,"column":6},"end":{"line":117,"column":7}},{"start":{},"end":{}}],"line":110},"3":{"loc":{"start":{"line":110,"column":10},"end":{"line":110,"column":76}},"type":"binary-expr","locations":[{"start":{"line":110,"column":10},"end":{"line":110,"column":15}},{"start":{"line":110,"column":19},"end":{"line":110,"column":31}},{"start":{"line":110,"column":35},"end":{"line":110,"column":51}},{"start":{"line":110,"column":55},"end":{"line":110,"column":76}}],"line":110},"4":{"loc":{"start":{"line":184,"column":9},"end":{"line":184,"column":95}},"type":"binary-expr","locations":[{"start":{"line":184,"column":9},"end":{"line":184,"column":23}},{"start":{"line":184,"column":27},"end":{"line":184,"column":60}},{"start":{"line":184,"column":64},"end":{"line":184,"column":95}}],"line":184},"5":{"loc":{"start":{"line":185,"column":9},"end":{"line":185,"column":94}},"type":"binary-expr","locations":[{"start":{"line":185,"column":9},"end":{"line":185,"column":22}},{"start":{"line":185,"column":26},"end":{"line":185,"column":59}},{"start":{"line":185,"column":63},"end":{"line":185,"column":94}}],"line":185},"6":{"loc":{"start":{"line":189,"column":7},"end":{"line":209,"column":7}},"type":"cond-expr","locations":[{"start":{"line":190,"column":8},"end":{"line":198,"column":27}},{"start":{"line":200,"column":8},"end":{"line":208,"column":19}}],"line":189},"7":{"loc":{"start":{"line":189,"column":7},"end":{"line":189,"column":116}},"type":"binary-expr","locations":[{"start":{"line":189,"column":8},"end":{"line":189,"column":22}},{"start":{"line":189,"column":26},"end":{"line":189,"column":59}},{"start":{"line":189,"column":65},"end":{"line":189,"column":78}},{"start":{"line":189,"column":82},"end":{"line":189,"column":115}}],"line":189}},"s":{"0":0,"1":0,"2":0,"3":0,"4":0,"5":0,"6":0,"7":0,"8":0,"9":0,"10":0,"11":0,"12":0,"13":0,"14":0,"15":0,"16":0,"17":0,"18":0,"19":0,"20":0,"21":0,"22":0,"23":0,"24":0,"25":0,"26":0,"27":0,"28":0,"29":0,"30":0,"31":0,"32":0,"33":0,"34":0,"35":0,"36":0,"37":0,"38":0,"39":0,"40":0,"41":0,"42":0,"43":0},"f":{"0":0,"1":0,"2":0,"3":0,"4":0,"5":0,"6":0,"7":0,"8":0,"9":0,"10":0,"11":0,"12":0,"13":0,"14":0,"15":0,"16":0,"17":0},"b":{"0":[0,0],"1":[0,0],"2":[0,0],"3":[0,0,0,0],"4":[0,0,0],"5":[0,0,0],"6":[0,0],"7":[0,0,0,0]}}
,"/Users/chuseongjun/Desktop/SummerCorporatePractice_Frontend/src/components/PasswordModal/styles.tsx": {"path":"/Users/chuseongjun/Desktop/SummerCorporatePractice_Frontend/src/components/PasswordModal/styles.tsx","statementMap":{"0":{"start":{"line":4,"column":23},"end":{"line":59,"column":1}},"1":{"start":{"line":61,"column":24},"end":{"line":65,"column":1}},"2":{"start":{"line":67,"column":32},"end":{"line":70,"column":1}},"3":{"start":{"line":72,"column":29},"end":{"line":78,"column":1}},"4":{"start":{"line":80,"column":24},"end":{"line":99,"column":1}},"5":{"start":{"line":101,"column":26},"end":{"line":109,"column":1}},"6":{"start":{"line":111,"column":20},"end":{"line":116,"column":1}},"7":{"start":{"line":118,"column":19},"end":{"line":122,"column":1}},"8":{"start":{"line":124,"column":22},"end":{"line":127,"column":1}},"9":{"start":{"line":129,"column":21},"end":{"line":139,"column":1}},"10":{"start":{"line":141,"column":24},"end":{"line":151,"column":1}},"11":{"start":{"line":153,"column":22},"end":{"line":170,"column":1}},"12":{"start":{"line":172,"column":21},"end":{"line":176,"column":1}},"13":{"start":{"line":178,"column":23},"end":{"line":182,"column":1}},"14":{"start":{"line":184,"column":21},"end":{"line":195,"column":1}}},"fnMap":{},"branchMap":{},"s":{"0":0,"1":0,"2":0,"3":0,"4":0,"5":0,"6":0,"7":0,"8":0,"9":0,"10":0,"11":0,"12":0,"13":0,"14":0},"f":{},"b":{}}
,"/Users/chuseongjun/Desktop/SummerCorporatePractice_Frontend/src/components/PasswordModal/type.ts": {"path":"/Users/chuseongjun/Desktop/SummerCorporatePractice_Frontend/src/components/PasswordModal/type.ts","statementMap":{},"fnMap":{},"branchMap":{},"s":{},"f":{},"b":{}}
,"/Users/chuseongjun/Desktop/SummerCorporatePractice_Frontend/src/components/SearchEmail/index.tsx": {"path":"/Users/chuseongjun/Desktop/SummerCorporatePractice_Frontend/src/components/SearchEmail/index.tsx","statementMap":{"0":{"start":{"line":20,"column":36},"end":{"line":116,"column":1}},"1":{"start":{"line":21,"column":18},"end":{"line":21,"column":22}},"2":{"start":{"line":23,"column":28},"end":{"line":23,"column":40}},"3":{"start":{"line":24,"column":44},"end":{"line":24,"column":61}},"4":{"start":{"line":25,"column":26},"end":{"line":27,"column":8}},"5":{"start":{"line":26,"column":4},"end":{"line":26,"column":24}},"6":{"start":{"line":28,"column":2},"end":{"line":32,"column":14}},"7":{"start":{"line":29,"column":4},"end":{"line":31,"column":5}},"8":{"start":{"line":30,"column":6},"end":{"line":30,"column":29}},"9":{"start":{"line":36,"column":17},"end":{"line":36,"column":37}},"10":{"start":{"line":37,"column":18},"end":{"line":37,"column":38}},"11":{"start":{"line":38,"column":16},"end":{"line":38,"column":36}},"12":{"start":{"line":39,"column":4},"end":{"line":39,"column":37}},"13":{"start":{"line":42,"column":28},"end":{"line":42,"column":49}},"14":{"start":{"line":44,"column":19},"end":{"line":63,"column":3}},"15":{"start":{"line":47,"column":6},"end":{"line":51,"column":40}},"16":{"start":{"line":51,"column":26},"end":{"line":51,"column":39}},"17":{"start":{"line":57,"column":8},"end":{"line":57,"column":30}},"18":{"start":{"line":60,"column":8},"end":{"line":60,"column":33}},"19":{"start":{"line":64,"column":19},"end":{"line":70,"column":3}},"20":{"start":{"line":66,"column":6},"end":{"line":66,"column":25}},"21":{"start":{"line":67,"column":6},"end":{"line":67,"column":58}},"22":{"start":{"line":72,"column":2},"end":{"line":115,"column":4}}},"fnMap":{"0":{"name":"(anonymous_0)","decl":{"start":{"line":20,"column":36},"end":{"line":20,"column":37}},"loc":{"start":{"line":20,"column":105},"end":{"line":116,"column":1}},"line":20},"1":{"name":"(anonymous_1)","decl":{"start":{"line":25,"column":38},"end":{"line":25,"column":39}},"loc":{"start":{"line":25,"column":80},"end":{"line":27,"column":3}},"line":25},"2":{"name":"(anonymous_2)","decl":{"start":{"line":28,"column":12},"end":{"line":28,"column":13}},"loc":{"start":{"line":28,"column":18},"end":{"line":32,"column":3}},"line":28},"3":{"name":"formatBirthday","decl":{"start":{"line":35,"column":11},"end":{"line":35,"column":25}},"loc":{"start":{"line":35,"column":52},"end":{"line":40,"column":3}},"line":35},"4":{"name":"(anonymous_4)","decl":{"start":{"line":46,"column":4},"end":{"line":46,"column":5}},"loc":{"start":{"line":47,"column":6},"end":{"line":51,"column":40}},"line":47},"5":{"name":"(anonymous_5)","decl":{"start":{"line":51,"column":14},"end":{"line":51,"column":15}},"loc":{"start":{"line":51,"column":26},"end":{"line":51,"column":39}},"line":51},"6":{"name":"(anonymous_6)","decl":{"start":{"line":53,"column":6},"end":{"line":53,"column":7}},"loc":{"start":{"line":53,"column":17},"end":{"line":55,"column":7}},"line":53},"7":{"name":"(anonymous_7)","decl":{"start":{"line":56,"column":6},"end":{"line":56,"column":7}},"loc":{"start":{"line":56,"column":22},"end":{"line":58,"column":7}},"line":56},"8":{"name":"(anonymous_8)","decl":{"start":{"line":59,"column":6},"end":{"line":59,"column":7}},"loc":{"start":{"line":59,"column":16},"end":{"line":61,"column":7}},"line":59},"9":{"name":"(anonymous_9)","decl":{"start":{"line":65,"column":4},"end":{"line":65,"column":5}},"loc":{"start":{"line":65,"column":16},"end":{"line":68,"column":5}},"line":65}},"branchMap":{"0":{"loc":{"start":{"line":29,"column":4},"end":{"line":31,"column":5}},"type":"if","locations":[{"start":{"line":29,"column":4},"end":{"line":31,"column":5}},{"start":{},"end":{}}],"line":29},"1":{"loc":{"start":{"line":99,"column":11},"end":{"line":106,"column":11}},"type":"cond-expr","locations":[{"start":{"line":100,"column":12},"end":{"line":103,"column":24}},{"start":{"line":105,"column":12},"end":{"line":105,"column":17}}],"line":99},"2":{"loc":{"start":{"line":107,"column":11},"end":{"line":111,"column":11}},"type":"cond-expr","locations":[{"start":{"line":108,"column":12},"end":{"line":108,"column":72}},{"start":{"line":110,"column":12},"end":{"line":110,"column":58}}],"line":107}},"s":{"0":0,"1":0,"2":0,"3":0,"4":0,"5":0,"6":0,"7":0,"8":0,"9":0,"10":0,"11":0,"12":0,"13":0,"14":0,"15":0,"16":0,"17":0,"18":0,"19":0,"20":0,"21":0,"22":0},"f":{"0":0,"1":0,"2":0,"3":0,"4":0,"5":0,"6":0,"7":0,"8":0,"9":0},"b":{"0":[0,0],"1":[0,0],"2":[0,0]}}
,"/Users/chuseongjun/Desktop/SummerCorporatePractice_Frontend/src/components/SearchEmail/styles.tsx": {"path":"/Users/chuseongjun/Desktop/SummerCorporatePractice_Frontend/src/components/SearchEmail/styles.tsx","statementMap":{"0":{"start":{"line":5,"column":23},"end":{"line":57,"column":1}},"1":{"start":{"line":59,"column":24},"end":{"line":63,"column":1}},"2":{"start":{"line":65,"column":20},"end":{"line":71,"column":1}},"3":{"start":{"line":73,"column":19},"end":{"line":78,"column":1}},"4":{"start":{"line":80,"column":22},"end":{"line":83,"column":1}},"5":{"start":{"line":84,"column":24},"end":{"line":94,"column":1}},"6":{"start":{"line":95,"column":22},"end":{"line":112,"column":1}},"7":{"start":{"line":114,"column":27},"end":{"line":118,"column":1}},"8":{"start":{"line":119,"column":25},"end":{"line":131,"column":1}},"9":{"start":{"line":133,"column":25},"end":{"line":140,"column":1}}},"fnMap":{},"branchMap":{},"s":{"0":0,"1":0,"2":0,"3":0,"4":0,"5":0,"6":0,"7":0,"8":0,"9":0},"f":{},"b":{}}
,"/Users/chuseongjun/Desktop/SummerCorporatePractice_Frontend/src/components/SearchEmail/type.ts": {"path":"/Users/chuseongjun/Desktop/SummerCorporatePractice_Frontend/src/components/SearchEmail/type.ts","statementMap":{},"fnMap":{},"branchMap":{},"s":{},"f":{},"b":{}}
,"/Users/chuseongjun/Desktop/SummerCorporatePractice_Frontend/src/components/SideBar/index.tsx": {"path":"/Users/chuseongjun/Desktop/SummerCorporatePractice_Frontend/src/components/SideBar/index.tsx","statementMap":{"0":{"start":{"line":6,"column":16},"end":{"line":47,"column":1}},"1":{"start":{"line":7,"column":22},"end":{"line":7,"column":55}},"2":{"start":{"line":8,"column":30},"end":{"line":8,"column":66}},"3":{"start":{"line":9,"column":48},"end":{"line":9,"column":84}},"4":{"start":{"line":10,"column":33},"end":{"line":10,"column":74}},"5":{"start":{"line":12,"column":2},"end":{"line":46,"column":4}},"6":{"start":{"line":15,"column":8},"end":{"line":40,"column":14}},"7":{"start":{"line":21,"column":20},"end":{"line":21,"column":45}},"8":{"start":{"line":32,"column":18},"end":{"line":32,"column":46}},"9":{"start":{"line":42,"column":29},"end":{"line":42,"column":50}}},"fnMap":{"0":{"name":"(anonymous_0)","decl":{"start":{"line":6,"column":16},"end":{"line":6,"column":17}},"loc":{"start":{"line":6,"column":22},"end":{"line":47,"column":1}},"line":6},"1":{"name":"(anonymous_1)","decl":{"start":{"line":14,"column":23},"end":{"line":14,"column":24}},"loc":{"start":{"line":15,"column":8},"end":{"line":40,"column":14}},"line":15},"2":{"name":"(anonymous_2)","decl":{"start":{"line":20,"column":27},"end":{"line":20,"column":28}},"loc":{"start":{"line":20,"column":33},"end":{"line":22,"column":19}},"line":20},"3":{"name":"(anonymous_3)","decl":{"start":{"line":31,"column":25},"end":{"line":31,"column":26}},"loc":{"start":{"line":31,"column":31},"end":{"line":33,"column":17}},"line":31},"4":{"name":"(anonymous_4)","decl":{"start":{"line":42,"column":23},"end":{"line":42,"column":24}},"loc":{"start":{"line":42,"column":29},"end":{"line":42,"column":50}},"line":42}},"branchMap":{"0":{"loc":{"start":{"line":16,"column":11},"end":{"line":38,"column":11}},"type":"cond-expr","locations":[{"start":{"line":17,"column":14},"end":{"line":26,"column":24}},{"start":{"line":28,"column":12},"end":{"line":37,"column":22}}],"line":16},"1":{"loc":{"start":{"line":19,"column":29},"end":{"line":19,"column":89}},"type":"cond-expr","locations":[{"start":{"line":19,"column":63},"end":{"line":19,"column":73}},{"start":{"line":19,"column":76},"end":{"line":19,"column":89}}],"line":19},"2":{"loc":{"start":{"line":30,"column":27},"end":{"line":30,"column":83}},"type":"cond-expr","locations":[{"start":{"line":30,"column":57},"end":{"line":30,"column":67}},{"start":{"line":30,"column":70},"end":{"line":30,"column":83}}],"line":30},"3":{"loc":{"start":{"line":39,"column":11},"end":{"line":39,"column":51}},"type":"binary-expr","locations":[{"start":{"line":39,"column":11},"end":{"line":39,"column":29}},{"start":{"line":39,"column":33},"end":{"line":39,"column":51}}],"line":39}},"s":{"0":0,"1":0,"2":0,"3":0,"4":0,"5":0,"6":0,"7":0,"8":0,"9":0},"f":{"0":0,"1":0,"2":0,"3":0,"4":0},"b":{"0":[0,0],"1":[0,0],"2":[0,0],"3":[0,0]}}
,"/Users/chuseongjun/Desktop/SummerCorporatePractice_Frontend/src/components/SideBar/styles.tsx": {"path":"/Users/chuseongjun/Desktop/SummerCorporatePractice_Frontend/src/components/SideBar/styles.tsx","statementMap":{"0":{"start":{"line":3,"column":23},"end":{"line":13,"column":1}},"1":{"start":{"line":15,"column":22},"end":{"line":32,"column":1}},"2":{"start":{"line":34,"column":30},"end":{"line":40,"column":1}},"3":{"start":{"line":42,"column":25},"end":{"line":44,"column":1}}},"fnMap":{},"branchMap":{},"s":{"0":0,"1":0,"2":0,"3":0},"f":{},"b":{}}
[...]
,"/Users/chuseongjun/Desktop/SummerCorporatePractice_Frontend/src/pages/ManagePage/styles.tsx": {"path":"/Users/chuseongjun/Desktop/SummerCorporatePractice_Frontend/src/pages/ManagePage/styles.tsx","statementMap":{"0":{"start":{"line":3,"column":23},"end":{"line":6,"column":1}},"1":{"start":{"line":8,"column":27},"end":{"line":15,"column":1}}},"fnMap":{},"branchMap":{},"s":{"0":0,"1":0},"f":{},"b":{}}
,"/Users/chuseongjun/Desktop/SummerCorporatePractice_Frontend/src/pages/MyPage/index.tsx": {"path":"/Users/chuseongjun/Desktop/SummerCorporatePractice_Frontend/src/pages/MyPage/index.tsx","statementMap":{"0":{"start":{"line":10,"column":15},"end":{"line":37,"column":1}},"1":{"start":{"line":11,"column":2},"end":{"line":36,"column":4}}},"fnMap":{"0":{"name":"(anonymous_0)","decl":{"start":{"line":10,"column":15},"end":{"line":10,"column":16}},"loc":{"start":{"line":10,"column":21},"end":{"line":37,"column":1}},"line":10}},"branchMap":{},"s":{"0":0,"1":0},"f":{"0":0},"b":{}}
,"/Users/chuseongjun/Desktop/SummerCorporatePractice_Frontend/src/pages/MyPage/styles.tsx": {"path":"/Users/chuseongjun/Desktop/SummerCorporatePractice_Frontend/src/pages/MyPage/styles.tsx","statementMap":{"0":{"start":{"line":3,"column":25},"end":{"line":9,"column":1}},"1":{"start":{"line":10,"column":25},"end":{"line":17,"column":1}},"2":{"start":{"line":18,"column":29},"end":{"line":22,"column":1}},"3":{"start":{"line":23,"column":29},"end":{"line":34,"column":1}},"4":{"start":{"line":36,"column":29},"end":{"line":41,"column":1}}},"fnMap":{},"branchMap":{},"s":{"0":0,"1":0,"2":0,"3":0,"4":0},"f":{},"b":{}}
,"/Users/chuseongjun/Desktop/SummerCorporatePractice_Frontend/src/pages/ProjectInfo/index.tsx": {"path":"/Users/chuseongjun/Desktop/SummerCorporatePractice_Frontend/src/pages/ProjectInfo/index.tsx","statementMap":{"0":{"start":{"line":33,"column":16},"end":{"line":33,"column":26}},"1":{"start":{"line":34,"column":53},"end":{"line":34,"column":58}},"2":{"start":{"line":36,"column":37},"end":{"line":38,"column":3}},"3":{"start":{"line":37,"column":4},"end":{"line":37,"column":27}},"4":{"start":{"line":40,"column":32},"end":{"line":42,"column":3}},"5":{"start":{"line":41,"column":4},"end":{"line":41,"column":34}},"6":{"start":{"line":44,"column":32},"end":{"line":46,"column":3}},"7":{"start":{"line":45,"column":4},"end":{"line":45,"column":34}},"8":{"start":{"line":48,"column":36},"end":{"line":50,"column":3}},"9":{"start":{"line":49,"column":4},"end":{"line":49,"column":73}},"10":{"start":{"line":52,"column":2},"end":{"line":75,"column":4}},"11":{"start":{"line":78,"column":20},"end":{"line":184,"column":1}},"12":{"start":{"line":79,"column":26},"end":{"line":79,"column":62}},"13":{"start":{"line":80,"column":26},"end":{"line":80,"column":43}},"14":{"start":{"line":81,"column":40},"end":{"line":81,"column":57}},"15":{"start":{"line":83,"column":17},"end":{"line":98,"column":4}},"16":{"start":{"line":100,"column":34},"end":{"line":103,"column":3}},"17":{"start":{"line":101,"column":4},"end":{"line":101,"column":53}},"18":{"start":{"line":102,"column":4},"end":{"line":102,"column":15}},"19":{"start":{"line":105,"column":27},"end":{"line":107,"column":3}},"20":{"start":{"line":106,"column":4},"end":{"line":106,"column":21}},"21":{"start":{"line":109,"column":20},"end":{"line":109,"column":86}},"22":{"start":{"line":111,"column":2},"end":{"line":183,"column":4}},"23":{"start":{"line":137,"column":22},"end":{"line":147,"column":33}}},"fnMap":{"0":{"name":"TablePaginationActions","decl":{"start":{"line":32,"column":9},"end":{"line":32,"column":31}},"loc":{"start":{"line":32,"column":68},"end":{"line":76,"column":1}},"line":32},"1":{"name":"(anonymous_1)","decl":{"start":{"line":36,"column":37},"end":{"line":36,"column":38}},"loc":{"start":{"line":36,"column":85},"end":{"line":38,"column":3}},"line":36},"2":{"name":"(anonymous_2)","decl":{"start":{"line":40,"column":32},"end":{"line":40,"column":33}},"loc":{"start":{"line":40,"column":80},"end":{"line":42,"column":3}},"line":40},"3":{"name":"(anonymous_3)","decl":{"start":{"line":44,"column":32},"end":{"line":44,"column":33}},"loc":{"start":{"line":44,"column":80},"end":{"line":46,"column":3}},"line":44},"4":{"name":"(anonymous_4)","decl":{"start":{"line":48,"column":36},"end":{"line":48,"column":37}},"loc":{"start":{"line":48,"column":84},"end":{"line":50,"column":3}},"line":48},"5":{"name":"(anonymous_5)","decl":{"start":{"line":78,"column":20},"end":{"line":78,"column":21}},"loc":{"start":{"line":78,"column":26},"end":{"line":184,"column":1}},"line":78},"6":{"name":"(anonymous_6)","decl":{"start":{"line":100,"column":34},"end":{"line":100,"column":35}},"loc":{"start":{"line":100,"column":104},"end":{"line":103,"column":3}},"line":100},"7":{"name":"(anonymous_7)","decl":{"start":{"line":105,"column":27},"end":{"line":105,"column":28}},"loc":{"start":{"line":105,"column":99},"end":{"line":107,"column":3}},"line":105},"8":{"name":"(anonymous_8)","decl":{"start":{"line":136,"column":20},"end":{"line":136,"column":21}},"loc":{"start":{"line":137,"column":22},"end":{"line":147,"column":33}},"line":137}},"branchMap":{"0":{"loc":{"start":{"line":55,"column":9},"end":{"line":55,"column":73}},"type":"cond-expr","locations":[{"start":{"line":55,"column":37},"end":{"line":55,"column":53}},{"start":{"line":55,"column":56},"end":{"line":55,"column":73}}],"line":55},"1":{"loc":{"start":{"line":58,"column":9},"end":{"line":58,"column":83}},"type":"cond-expr","locations":[{"start":{"line":58,"column":37},"end":{"line":58,"column":59}},{"start":{"line":58,"column":62},"end":{"line":58,"column":83}}],"line":58},"2":{"loc":{"start":{"line":65,"column":9},"end":{"line":65,"column":83}},"type":"cond-expr","locations":[{"start":{"line":65,"column":37},"end":{"line":65,"column":58}},{"start":{"line":65,"column":61},"end":{"line":65,"column":83}}],"line":65},"3":{"loc":{"start":{"line":72,"column":9},"end":{"line":72,"column":73}},"type":"cond-expr","locations":[{"start":{"line":72,"column":37},"end":{"line":72,"column":54}},{"start":{"line":72,"column":57},"end":{"line":72,"column":73}}],"line":72},"4":{"loc":{"start":{"line":109,"column":20},"end":{"line":109,"column":86}},"type":"cond-expr","locations":[{"start":{"line":109,"column":31},"end":{"line":109,"column":82}},{"start":{"line":109,"column":85},"end":{"line":109,"column":86}}],"line":109},"5":{"loc":{"start":{"line":135,"column":20},"end":{"line":135,"column":109}},"type":"cond-expr","locations":[{"start":{"line":135,"column":38},"end":{"line":135,"column":102}},{"start":{"line":135,"column":105},"end":{"line":135,"column":109}}],"line":135},"6":{"loc":{"start":{"line":150,"column":19},"end":{"line":154,"column":19}},"type":"binary-expr","locations":[{"start":{"line":150,"column":19},"end":{"line":150,"column":32}},{"start":{"line":151,"column":20},"end":{"line":153,"column":31}}],"line":150}},"s":{"0":0,"1":0,"2":0,"3":0,"4":0,"5":0,"6":0,"7":0,"8":0,"9":0,"10":0,"11":0,"12":0,"13":0,"14":0,"15":0,"16":0,"17":0,"18":0,"19":0,"20":0,"21":0,"22":0,"23":0},"f":{"0":0,"1":0,"2":0,"3":0,"4":0,"5":0,"6":0,"7":0,"8":0},"b":{"0":[0,0],"1":[0,0],"2":[0,0],"3":[0,0],"4":[0,0],"5":[0,0],"6":[0,0]}}
,"/Users/chuseongjun/Desktop/SummerCorporatePractice_Frontend/src/pages/ProjectInfo/styles.tsx": {"path":"/Users/chuseongjun/Desktop/SummerCorporatePractice_Frontend/src/pages/ProjectInfo/styles.tsx","statementMap":{"0":{"start":{"line":3,"column":23},"end":{"line":8,"column":1}},"1":{"start":{"line":10,"column":32},"end":{"line":14,"column":1}},"2":{"start":{"line":16,"column":20},"end":{"line":32,"column":1}},"3":{"start":{"line":34,"column":30},"end":{"line":38,"column":1}},"4":{"start":{"line":40,"column":26},"end":{"line":42,"column":1}}},"fnMap":{},"branchMap":{},"s":{"0":0,"1":0,"2":0,"3":0,"4":0},"f":{},"b":{}}
,"/Users/chuseongjun/Desktop/SummerCorporatePractice_Frontend/src/pages/SignUp/index.tsx": {"path":"/Users/chuseongjun/Desktop/SummerCorporatePractice_Frontend/src/pages/SignUp/index.tsx","statementMap":{"0":{"start":{"line":24,"column":15},"end":{"line":222,"column":1}},"1":{"start":{"line":25,"column":18},"end":{"line":25,"column":22}},"2":{"start":{"line":27,"column":31},"end":{"line":27,"column":43}},"3":{"start":{"line":28,"column":33},"end":{"line":28,"column":45}},"4":{"start":{"line":29,"column":36},"end":{"line":29,"column":48}},"5":{"start":{"line":30,"column":46},"end":{"line":30,"column":58}},"6":{"start":{"line":31,"column":47},"end":{"line":31,"column":59}},"7":{"start":{"line":33,"column":42},"end":{"line":33,"column":57}},"8":{"start":{"line":34,"column":44},"end":{"line":34,"column":59}},"9":{"start":{"line":36,"column":44},"end":{"line":36,"column":59}},"10":{"start":{"line":38,"column":19},"end":{"line":58,"column":4}},"11":{"start":{"line":48,"column":20},"end":{"line":48,"column":90}},"12":{"start":{"line":48,"column":76},"end":{"line":48,"column":89}},"13":{"start":{"line":50,"column":6},"end":{"line":50,"column":30}},"14":{"start":{"line":53,"column":6},"end":{"line":53,"column":29}},"15":{"start":{"line":56,"column":6},"end":{"line":56,"column":30}},"16":{"start":{"line":60,"column":27},"end":{"line":66,"column":3}},"17":{"start":{"line":62,"column":6},"end":{"line":62,"column":34}},"18":{"start":{"line":63,"column":6},"end":{"line":63,"column":57}},"19":{"start":{"line":68,"column":32},"end":{"line":74,"column":3}},"20":{"start":{"line":70,"column":6},"end":{"line":70,"column":39}},"21":{"start":{"line":71,"column":6},"end":{"line":71,"column":52}},"22":{"start":{"line":76,"column":19},"end":{"line":90,"column":3}},"23":{"start":{"line":78,"column":6},"end":{"line":78,"column":25}},"24":{"start":{"line":79,"column":6},"end":{"line":87,"column":7}},"25":{"start":{"line":80,"column":8},"end":{"line":86,"column":11}},"26":{"start":{"line":93,"column":24},"end":{"line":117,"column":3}},"27":{"start":{"line":95,"column":6},"end":{"line":95,"column":26}},"28":{"start":{"line":96,"column":22},"end":{"line":96,"column":92}},"29":{"start":{"line":96,"column":43},"end":{"line":96,"column":92}},"30":{"start":{"line":98,"column":6},"end":{"line":100,"column":7}},"31":{"start":{"line":99,"column":8},"end":{"line":99,"column":15}},"32":{"start":{"line":102,"column":6},"end":{"line":114,"column":11}},"33":{"start":{"line":105,"column":10},"end":{"line":105,"column":32}},"34":{"start":{"line":106,"column":10},"end":{"line":108,"column":13}},"35":{"start":{"line":111,"column":10},"end":{"line":111,"column":62}},"36":{"start":{"line":112,"column":10},"end":{"line":112,"column":33}},"37":{"start":{"line":113,"column":10},"end":{"line":113,"column":38}},"38":{"start":{"line":119,"column":2},"end":{"line":221,"column":4}},"39":{"start":{"line":163,"column":16},"end":{"line":163,"column":33}}},"fnMap":{"0":{"name":"(anonymous_0)","decl":{"start":{"line":24,"column":15},"end":{"line":24,"column":16}},"loc":{"start":{"line":24,"column":21},"end":{"line":222,"column":1}},"line":24},"1":{"name":"(anonymous_1)","decl":{"start":{"line":48,"column":12},"end":{"line":48,"column":13}},"loc":{"start":{"line":48,"column":20},"end":{"line":48,"column":90}},"line":48},"2":{"name":"(anonymous_2)","decl":{"start":{"line":48,"column":64},"end":{"line":48,"column":65}},"loc":{"start":{"line":48,"column":76},"end":{"line":48,"column":89}},"line":48},"3":{"name":"(anonymous_3)","decl":{"start":{"line":49,"column":4},"end":{"line":49,"column":5}},"loc":{"start":{"line":49,"column":15},"end":{"line":51,"column":5}},"line":49},"4":{"name":"(anonymous_4)","decl":{"start":{"line":52,"column":4},"end":{"line":52,"column":5}},"loc":{"start":{"line":52,"column":16},"end":{"line":54,"column":5}},"line":52},"5":{"name":"(anonymous_5)","decl":{"start":{"line":55,"column":4},"end":{"line":55,"column":5}},"loc":{"start":{"line":55,"column":14},"end":{"line":57,"column":5}},"line":55},"6":{"name":"(anonymous_6)","decl":{"start":{"line":61,"column":4},"end":{"line":61,"column":5}},"loc":{"start":{"line":61,"column":42},"end":{"line":64,"column":5}},"line":61},"7":{"name":"(anonymous_7)","decl":{"start":{"line":69,"column":4},"end":{"line":69,"column":5}},"loc":{"start":{"line":69,"column":42},"end":{"line":72,"column":5}},"line":69},"8":{"name":"(anonymous_8)","decl":{"start":{"line":77,"column":4},"end":{"line":77,"column":5}},"loc":{"start":{"line":77,"column":39},"end":{"line":88,"column":5}},"line":77},"9":{"name":"(anonymous_9)","decl":{"start":{"line":94,"column":4},"end":{"line":94,"column":5}},"loc":{"start":{"line":94,"column":61},"end":{"line":115,"column":5}},"line":94},"10":{"name":"(anonymous_10)","decl":{"start":{"line":96,"column":22},"end":{"line":96,"column":23}},"loc":{"start":{"line":96,"column":43},"end":{"line":96,"column":92}},"line":96},"11":{"name":"(anonymous_11)","decl":{"start":{"line":104,"column":14},"end":{"line":104,"column":15}},"loc":{"start":{"line":104,"column":20},"end":{"line":109,"column":9}},"line":104},"12":{"name":"(anonymous_12)","decl":{"start":{"line":110,"column":15},"end":{"line":110,"column":16}},"loc":{"start":{"line":110,"column":24},"end":{"line":114,"column":9}},"line":110},"13":{"name":"(anonymous_13)","decl":{"start":{"line":162,"column":23},"end":{"line":162,"column":24}},"loc":{"start":{"line":162,"column":28},"end":{"line":164,"column":15}},"line":162}},"branchMap":{"0":{"loc":{"start":{"line":79,"column":6},"end":{"line":87,"column":7}},"type":"if","locations":[{"start":{"line":79,"column":6},"end":{"line":87,"column":7}},{"start":{},"end":{}}],"line":79},"1":{"loc":{"start":{"line":79,"column":10},"end":{"line":79,"column":68}},"type":"binary-expr","locations":[{"start":{"line":79,"column":10},"end":{"line":79,"column":14}},{"start":{"line":79,"column":18},"end":{"line":79,"column":23}},{"start":{"line":79,"column":27},"end":{"line":79,"column":35}},{"start":{"line":79,"column":39},"end":{"line":79,"column":52}},{"start":{"line":79,"column":56},"end":{"line":79,"column":68}}],"line":79},"2":{"loc":{"start":{"line":98,"column":6},"end":{"line":100,"column":7}},"type":"if","locations":[{"start":{"line":98,"column":6},"end":{"line":100,"column":7}},{"start":{},"end":{}}],"line":98},"3":{"loc":{"start":{"line":98,"column":10},"end":{"line":98,"column":33}},"type":"binary-expr","locations":[{"start":{"line":98,"column":10},"end":{"line":98,"column":16}},{"start":{"line":98,"column":20},"end":{"line":98,"column":33}}],"line":98},"4":{"loc":{"start":{"line":170,"column":11},"end":{"line":181,"column":11}},"type":"binary-expr","locations":[{"start":{"line":170,"column":11},"end":{"line":170,"column":23}},{"start":{"line":171,"column":12},"end":{"line":180,"column":20}}],"line":170},"5":{"loc":{"start":{"line":201,"column":13},"end":{"line":201,"column":91}},"type":"binary-expr","locations":[{"start":{"line":201,"column":13},"end":{"line":201,"column":27}},{"start":{"line":201,"column":31},"end":{"line":201,"column":56}},{"start":{"line":201,"column":60},"end":{"line":201,"column":91}}],"line":201},"6":{"loc":{"start":{"line":202,"column":13},"end":{"line":202,"column":90}},"type":"binary-expr","locations":[{"start":{"line":202,"column":13},"end":{"line":202,"column":26}},{"start":{"line":202,"column":30},"end":{"line":202,"column":55}},{"start":{"line":202,"column":59},"end":{"line":202,"column":90}}],"line":202}},"s":{"0":0,"1":0,"2":0,"3":0,"4":0,"5":0,"6":0,"7":0,"8":0,"9":0,"10":0,"11":0,"12":0,"13":0,"14":0,"15":0,"16":0,"17":0,"18":0,"19":0,"20":0,"21":0,"22":0,"23":0,"24":0,"25":0,"26":0,"27":0,"28":0,"29":0,"30":0,"31":0,"32":0,"33":0,"34":0,"35":0,"36":0,"37":0,"38":0,"39":0},"f":{"0":0,"1":0,"2":0,"3":0,"4":0,"5":0,"6":0,"7":0,"8":0,"9":0,"10":0,"11":0,"12":0,"13":0},"b":{"0":[0,0],"1":[0,0,0,0,0],"2":[0,0],"3":[0,0],"4":[0,0],"5":[0,0,0],"6":[0,0,0]}}
,"/Users/chuseongjun/Desktop/SummerCorporatePractice_Frontend/src/pages/SignUp/styles.tsx": {"path":"/Users/chuseongjun/Desktop/SummerCorporatePractice_Frontend/src/pages/SignUp/styles.tsx","statementMap":{"0":{"start":{"line":4,"column":22},"end":{"line":12,"column":1}},"1":{"start":{"line":14,"column":30},"end":{"line":24,"column":1}},"2":{"start":{"line":26,"column":24},"end":{"line":45,"column":1}},"3":{"start":{"line":47,"column":25},"end":{"line":65,"column":1}},"4":{"start":{"line":67,"column":20},"end":{"line":72,"column":1}},"5":{"start":{"line":74,"column":26},"end":{"line":80,"column":1}},"6":{"start":{"line":82,"column":26},"end":{"line":104,"column":1}},"7":{"start":{"line":105,"column":29},"end":{"line":111,"column":1}},"8":{"start":{"line":113,"column":24},"end":{"line":132,"column":1}},"9":{"start":{"line":134,"column":21},"end":{"line":156,"column":1}},"10":{"start":{"line":158,"column":21},"end":{"line":161,"column":1}},"11":{"start":{"line":163,"column":23},"end":{"line":166,"column":1}}},"fnMap":{},"branchMap":{},"s":{"0":0,"1":0,"2":0,"3":0,"4":0,"5":0,"6":0,"7":0,"8":0,"9":0,"10":0,"11":0},"f":{},"b":{}}
,"/Users/chuseongjun/Desktop/SummerCorporatePractice_Frontend/src/states/MemberState.ts": {"path":"/Users/chuseongjun/Desktop/SummerCorporatePractice_Frontend/src/states/MemberState.ts","statementMap":{},"fnMap":{},"branchMap":{},"s":{},"f":{},"b":{}}
,"/Users/chuseongjun/Desktop/SummerCorporatePractice_Frontend/src/states/ProjectState.ts": {"path":"/Users/chuseongjun/Desktop/SummerCorporatePractice_Frontend/src/states/ProjectState.ts","statementMap":{"0":{"start":{"line":9,"column":45},"end":{"line":20,"column":1}},"1":{"start":{"line":22,"column":63},"end":{"line":25,"column":2}},"2":{"start":{"line":27,"column":58},"end":{"line":30,"column":2}},"3":{"start":{"line":32,"column":64},"end":{"line":35,"column":2}}},"fnMap":{},"branchMap":{},"s":{"0":0,"1":0,"2":0,"3":0},"f":{},"b":{}}
,"/Users/chuseongjun/Desktop/SummerCorporatePractice_Frontend/src/states/UserState.ts": {"path":"/Users/chuseongjun/Desktop/SummerCorporatePractice_Frontend/src/states/UserState.ts","statementMap":{"0":{"start":{"line":14,"column":28},"end":{"line":23,"column":1}},"1":{"start":{"line":25,"column":0},"end":{"line":28,"column":3}},"2":{"start":{"line":36,"column":39},"end":{"line":41,"column":1}},"3":{"start":{"line":42,"column":31},"end":{"line":45,"column":2}}},"fnMap":{},"branchMap":{},"s":{"0":0,"1":0,"2":0,"3":0},"f":{},"b":{}}
,"/Users/chuseongjun/Desktop/SummerCorporatePractice_Frontend/src/styles/DefaultSide/styles.tsx": {"path":"/Users/chuseongjun/Desktop/SummerCorporatePractice_Frontend/src/styles/DefaultSide/styles.tsx","statementMap":{"0":{"start":{"line":3,"column":23},"end":{"line":9,"column":1}}},"fnMap":{},"branchMap":{},"s":{"0":0},"f":{},"b":{}}
,"/Users/chuseongjun/Desktop/SummerCorporatePractice_Frontend/src/styles/DetailSide/styles.tsx": {"path":"/Users/chuseongjun/Desktop/SummerCorporatePractice_Frontend/src/styles/DetailSide/styles.tsx","statementMap":{"0":{"start":{"line":3,"column":23},"end":{"line":8,"column":1}}},"fnMap":{},"branchMap":{},"s":{"0":0},"f":{},"b":{}}
,"/Users/chuseongjun/Desktop/SummerCorporatePractice_Frontend/src/test/setup.ts": {"path":"/Users/chuseongjun/Desktop/SummerCorporatePractice_Frontend/src/test/setup.ts","statementMap":{},"fnMap":{},"branchMap":{},"s":{},"f":{},"b":{}}
,"/Users/chuseongjun/Desktop/SummerCorporatePractice_Frontend/src/utils/fetcher.ts": {"path":"/Users/chuseongjun/Desktop/SummerCorporatePractice_Frontend/src/utils/fetcher.ts","statementMap":{"0":{"start":{"line":4,"column":16},"end":{"line":13,"column":1}},"1":{"start":{"line":5,"column":19},"end":{"line":11,"column":4}},"2":{"start":{"line":12,"column":2},"end":{"line":12,"column":23}}},"fnMap":{"0":{"name":"(anonymous_0)","decl":{"start":{"line":4,"column":16},"end":{"line":4,"column":17}},"loc":{"start":{"line":4,"column":62},"end":{"line":13,"column":1}},"line":4}},"branchMap":{},"s":{"0":0,"1":0,"2":0},"f":{"0":0},"b":{}}
}
