{"/Users/chuseongjun/Desktop/SummerCorporatePractice_Frontend/src/main.tsx": {"path":"/Users/chuseongjun/Desktop/SummerCorporatePractice_Frontend/src/main.tsx","statementMap":{"0":{"start":{"line":8,"column":20},"end":{"line":8,"column":37}},"1":{"start":{"line":10,"column":0},"end":{"line":18,"column":2}}},"fnMap":{},"branchMap":{},"s":{"0":0,"1":0},"f":{},"b":{}}
,"/Users/chuseongjun/Desktop/SummerCorporatePractice_Frontend/src/Api/Member.ts": {"path":"/Users/chuseongjun/Desktop/SummerCorporatePractice_Frontend/src/Api/Member.ts","statementMap":{},"fnMap":{},"branchMap":{},"s":{},"f":{},"b":{}}
,"/Users/chuseongjun/Desktop/SummerCorporatePractice_Frontend/src/Api/User.ts": {"path":"/Users/chuseongjun/Desktop/SummerCorporatePractice_Frontend/src/Api/User.ts","statementMap":{},"fnMap":{},"branchMap":{},"s":{},"f":{},"b":{}}
,"/Users/chuseongjun/Desktop/SummerCorporatePractice_Frontend/src/components/ActivityIndicator/index.tsx": {"path":"/Users/chuseongjun/Desktop/SummerCorporatePractice_Frontend/src/components/ActivityIndicator/index.tsx","statementMap":{"0":{"start":{"line":6,"column":16},"end":{"line":6,"column":88}},"1":{"start":{"line":8,"column":43},"end":{"line":14,"column":1}},"2":{"start":{"line":9,"column":2},"end":{"line":13,"column":4}}},"fnMap":{"0":{"name":"(anonymous_0)","decl":{"start":{"line":8,"column":43},"end":{"line":8,"column":44}},"loc":{"start":{"line":8,"column":49},"end":{"line":14,"column":1}},"line":8}},"branchMap":{},"s":{"0":0,"1":0,"2":0},"f":{"0":0},"b":{}}
,"/Users/chuseongjun/Desktop/SummerCorporatePractice_Frontend/src/components/ActivityIndicator/styles.tsx": {"path":"/Users/chuseongjun/Desktop/SummerCorporatePractice_Frontend/src/components/ActivityIndicator/styles.tsx","statementMap":{"0":{"start":{"line":3,"column":23},"end":{"line":9,"column":1}}},"fnMap":{},"branchMap":{},"s":{"0":0},"f":{},"b":{}}
,"/Users/chuseongjun/Desktop/SummerCorporatePractice_Frontend/src/components/AvatarCrop/index.tsx": {"path":"/Users/chuseongjun/Desktop/SummerCorporatePractice_Frontend/src/components/AvatarCrop/index.tsx","statementMap":{"0":{"start":{"line":12,"column":24},"end":{"line":12,"column":34}},"1":{"start":{"line":13,"column":48},"end":{"line":89,"column":1}},"2":{"start":{"line":14,"column":34},"end":{"line":14,"column":77}},"3":{"start":{"line":15,"column":32},"end":{"line":15,"column":78}},"4":{"start":{"line":17,"column":2},"end":{"line":19,"column":54}},"5":{"start":{"line":18,"column":4},"end":{"line":18,"column":38}},"6":{"start":{"line":21,"column":17},"end":{"line":23,"column":3}},"7":{"start":{"line":22,"column":4},"end":{"line":22,"column":21}},"8":{"start":{"line":25,"column":27},"end":{"line":43,"column":3}},"9":{"start":{"line":26,"column":4},"end":{"line":42,"column":5}},"10":{"start":{"line":27,"column":19},"end":{"line":27,"column":40}},"11":{"start":{"line":28,"column":21},"end":{"line":28,"column":37}},"12":{"start":{"line":29,"column":6},"end":{"line":37,"column":8}},"13":{"start":{"line":30,"column":8},"end":{"line":36,"column":9}},"14":{"start":{"line":31,"column":10},"end":{"line":31,"column":43}},"15":{"start":{"line":32,"column":10},"end":{"line":35,"column":13}},"16":{"start":{"line":38,"column":6},"end":{"line":38,"column":33}},"17":{"start":{"line":39,"column":6},"end":{"line":41,"column":8}},"18":{"start":{"line":40,"column":8},"end":{"line":40,"column":63}},"19":{"start":{"line":45,"column":28},"end":{"line":48,"column":3}},"20":{"start":{"line":46,"column":4},"end":{"line":46,"column":38}},"21":{"start":{"line":47,"column":4},"end":{"line":47,"column":17}},"22":{"start":{"line":50,"column":2},"end":{"line":88,"column":4}},"23":{"start":{"line":57,"column":10},"end":{"line":60,"column":14}},"24":{"start":{"line":57,"column":39},"end":{"line":60,"column":11}},"25":{"start":{"line":61,"column":10},"end":{"line":61,"column":30}},"26":{"start":{"line":63,"column":24},"end":{"line":63,"column":43}},"27":{"start":{"line":70,"column":12},"end":{"line":70,"column":46}}},"fnMap":{"0":{"name":"(anonymous_0)","decl":{"start":{"line":13,"column":48},"end":{"line":13,"column":49}},"loc":{"start":{"line":13,"column":99},"end":{"line":89,"column":1}},"line":13},"1":{"name":"(anonymous_1)","decl":{"start":{"line":17,"column":12},"end":{"line":17,"column":13}},"loc":{"start":{"line":17,"column":18},"end":{"line":19,"column":3}},"line":17},"2":{"name":"(anonymous_2)","decl":{"start":{"line":21,"column":17},"end":{"line":21,"column":18}},"loc":{"start":{"line":21,"column":41},"end":{"line":23,"column":3}},"line":21},"3":{"name":"(anonymous_3)","decl":{"start":{"line":25,"column":27},"end":{"line":25,"column":28}},"loc":{"start":{"line":25,"column":75},"end":{"line":43,"column":3}},"line":25},"4":{"name":"(anonymous_4)","decl":{"start":{"line":29,"column":22},"end":{"line":29,"column":23}},"loc":{"start":{"line":29,"column":34},"end":{"line":37,"column":7}},"line":29},"5":{"name":"(anonymous_5)","decl":{"start":{"line":39,"column":23},"end":{"line":39,"column":24}},"loc":{"start":{"line":39,"column":40},"end":{"line":41,"column":7}},"line":39},"6":{"name":"(anonymous_6)","decl":{"start":{"line":45,"column":28},"end":{"line":45,"column":29}},"loc":{"start":{"line":45,"column":34},"end":{"line":48,"column":3}},"line":45},"7":{"name":"(anonymous_7)","decl":{"start":{"line":56,"column":14},"end":{"line":56,"column":15}},"loc":{"start":{"line":56,"column":20},"end":{"line":62,"column":9}},"line":56},"8":{"name":"(anonymous_8)","decl":{"start":{"line":57,"column":22},"end":{"line":57,"column":23}},"loc":{"start":{"line":57,"column":39},"end":{"line":60,"column":11}},"line":57},"9":{"name":"(anonymous_9)","decl":{"start":{"line":63,"column":18},"end":{"line":63,"column":19}},"loc":{"start":{"line":63,"column":24},"end":{"line":63,"column":43}},"line":63},"10":{"name":"(anonymous_10)","decl":{"start":{"line":69,"column":19},"end":{"line":69,"column":20}},"loc":{"start":{"line":69,"column":25},"end":{"line":71,"column":11}},"line":69}},"branchMap":{"0":{"loc":{"start":{"line":26,"column":4},"end":{"line":42,"column":5}},"type":"if","locations":[{"start":{"line":26,"column":4},"end":{"line":42,"column":5}},{"start":{},"end":{}}],"line":26},"1":{"loc":{"start":{"line":26,"column":8},"end":{"line":26,"column":56}},"type":"binary-expr","locations":[{"start":{"line":26,"column":8},"end":{"line":26,"column":26}},{"start":{"line":26,"column":30},"end":{"line":26,"column":56}}],"line":26},"2":{"loc":{"start":{"line":30,"column":8},"end":{"line":36,"column":9}},"type":"if","locations":[{"start":{"line":30,"column":8},"end":{"line":36,"column":9}},{"start":{},"end":{}}],"line":30},"3":{"loc":{"start":{"line":59,"column":26},"end":{"line":59,"column":67}},"type":"cond-expr","locations":[{"start":{"line":59,"column":45},"end":{"line":59,"column":57}},{"start":{"line":59,"column":60},"end":{"line":59,"column":67}}],"line":59},"4":{"loc":{"start":{"line":78,"column":34},"end":{"line":78,"column":57}},"type":"binary-expr","locations":[{"start":{"line":78,"column":34},"end":{"line":78,"column":41}},{"start":{"line":78,"column":45},"end":{"line":78,"column":57}}],"line":78},"5":{"loc":{"start":{"line":80,"column":9},"end":{"line":85,"column":9}},"type":"binary-expr","locations":[{"start":{"line":80,"column":9},"end":{"line":80,"column":24}},{"start":{"line":81,"column":10},"end":{"line":84,"column":27}}],"line":80}},"s":{"0":0,"1":0,"2":0,"3":0,"4":0,"5":0,"6":0,"7":0,"8":0,"9":0,"10":0,"11":0,"12":0,"13":0,"14":0,"15":0,"16":0,"17":0,"18":0,"19":0,"20":0,"21":0,"22":0,"23":0,"24":0,"25":0,"26":0,"27":0},"f":{"0":0,"1":0,"2":0,"3":0,"4":0,"5":0,"6":0,"7":0,"8":0,"9":0,"10":0},"b":{"0":[0,0],"1":[0,0],"2":[0,0],"3":[0,0],"4":[0,0],"5":[0,0]}}
,"/Users/chuseongjun/Desktop/SummerCorporatePractice_Frontend/src/components/AvatarCrop/styles.tsx": {"path":"/Users/chuseongjun/Desktop/SummerCorporatePractice_Frontend/src/components/AvatarCrop/styles.tsx","statementMap":{"0":{"start":{"line":3,"column":32},"end":{"line":6,"column":1}},"1":{"start":{"line":8,"column":23},"end":{"line":12,"column":1}},"2":{"start":{"line":14,"column":30},"end":{"line":17,"column":1}}},"fnMap":{},"branchMap":{},"s":{"0":0,"1":0,"2":0},"f":{},"b":{}}
,"/Users/chuseongjun/Desktop/SummerCorporatePractice_Frontend/src/components/AvatarCrop/type.ts": {"path":"/Users/chuseongjun/Desktop/SummerCorporatePractice_Frontend/src/components/AvatarCrop/type.ts","statementMap":{},"fnMap":{},"branchMap":{},"s":{},"f":{},"b":{}}
,"/Users/chuseongjun/Desktop/SummerCorporatePractice_Frontend/src/components/AvatarCrop/PreviewAvatar/index.tsx": {"path":"/Users/chuseongjun/Desktop/SummerCorporatePractice_Frontend/src/components/AvatarCrop/PreviewAvatar/index.tsx","statementMap":{"0":{"start":{"line":7,"column":46},"end":{"line":18,"column":1}},"1":{"start":{"line":8,"column":2},"end":{"line":17,"column":4}}},"fnMap":{"0":{"name":"(anonymous_0)","decl":{"start":{"line":7,"column":46},"end":{"line":7,"column":47}},"loc":{"start":{"line":7,"column":63},"end":{"line":18,"column":1}},"line":7}},"branchMap":{"0":{"loc":{"start":{"line":11,"column":13},"end":{"line":11,"column":36}},"type":"binary-expr","locations":[{"start":{"line":11,"column":13},"end":{"line":11,"column":20}},{"start":{"line":11,"column":24},"end":{"line":11,"column":36}}],"line":11}},"s":{"0":0,"1":0},"f":{"0":0},"b":{"0":[0,0]}}
,"/Users/chuseongjun/Desktop/SummerCorporatePractice_Frontend/src/components/AvatarCrop/PreviewAvatar/styles.tsx": {"path":"/Users/chuseongjun/Desktop/SummerCorporatePractice_Frontend/src/components/AvatarCrop/PreviewAvatar/styles.tsx","statementMap":{"0":{"start":{"line":3,"column":30},"end":{"line":6,"column":1}}},"fnMap":{},"branchMap":{},"s":{"0":0},"f":{},"b":{}}
,"/Users/chuseongjun/Desktop/SummerCorporatePractice_Frontend/src/components/CreateIssue/index.tsx": {"path":"/Users/chuseongjun/Desktop/SummerCorporatePractice_Frontend/src/components/CreateIssue/index.tsx","statementMap":{"0":{"start":{"line":22,"column":20},"end":{"line":80,"column":1}},"1":{"start":{"line":23,"column":19},"end":{"line":23,"column":32}},"2":{"start":{"line":24,"column":33},"end":{"line":24,"column":45}},"3":{"start":{"line":25,"column":28},"end":{"line":25,"column":75}},"4":{"start":{"line":26,"column":30},"end":{"line":26,"column":70}},"5":{"start":{"line":27,"column":36},"end":{"line":27,"column":50}},"6":{"start":{"line":29,"column":2},"end":{"line":36,"column":28}},"7":{"start":{"line":30,"column":4},"end":{"line":35,"column":5}},"8":{"start":{"line":31,"column":6},"end":{"line":31,"column":26}},"9":{"start":{"line":32,"column":6},"end":{"line":34,"column":14}},"10":{"start":{"line":33,"column":8},"end":{"line":33,"column":27}},"11":{"start":{"line":38,"column":18},"end":{"line":40,"column":3}},"12":{"start":{"line":39,"column":4},"end":{"line":39,"column":17}},"13":{"start":{"line":42,"column":25},"end":{"line":44,"column":3}},"14":{"start":{"line":43,"column":4},"end":{"line":43,"column":39}},"15":{"start":{"line":45,"column":2},"end":{"line":79,"column":4}}},"fnMap":{"0":{"name":"(anonymous_0)","decl":{"start":{"line":22,"column":20},"end":{"line":22,"column":21}},"loc":{"start":{"line":22,"column":26},"end":{"line":80,"column":1}},"line":22},"1":{"name":"(anonymous_1)","decl":{"start":{"line":29,"column":12},"end":{"line":29,"column":13}},"loc":{"start":{"line":29,"column":18},"end":{"line":36,"column":3}},"line":29},"2":{"name":"(anonymous_2)","decl":{"start":{"line":32,"column":17},"end":{"line":32,"column":18}},"loc":{"start":{"line":32,"column":23},"end":{"line":34,"column":7}},"line":32},"3":{"name":"(anonymous_3)","decl":{"start":{"line":38,"column":18},"end":{"line":38,"column":19}},"loc":{"start":{"line":38,"column":24},"end":{"line":40,"column":3}},"line":38},"4":{"name":"(anonymous_4)","decl":{"start":{"line":42,"column":25},"end":{"line":42,"column":26}},"loc":{"start":{"line":42,"column":31},"end":{"line":44,"column":3}},"line":42}},"branchMap":{"0":{"loc":{"start":{"line":30,"column":4},"end":{"line":35,"column":5}},"type":"if","locations":[{"start":{"line":30,"column":4},"end":{"line":35,"column":5}},{"start":{},"end":{}}],"line":30},"1":{"loc":{"start":{"line":50,"column":7},"end":{"line":77,"column":7}},"type":"cond-expr","locations":[{"start":{"line":51,"column":8},"end":{"line":72,"column":18}},{"start":{"line":74,"column":8},"end":{"line":76,"column":18}}],"line":50}},"s":{"0":0,"1":0,"2":0,"3":0,"4":0,"5":0,"6":0,"7":0,"8":0,"9":0,"10":0,"11":0,"12":0,"13":0,"14":0,"15":0},"f":{"0":0,"1":0,"2":0,"3":0,"4":0},"b":{"0":[0,0],"1":[0,0]}}
,"/Users/chuseongjun/Desktop/SummerCorporatePractice_Frontend/src/components/CreateIssue/styles.tsx": {"path":"/Users/chuseongjun/Desktop/SummerCorporatePractice_Frontend/src/components/CreateIssue/styles.tsx","statementMap":{"0":{"start":{"line":3,"column":30},"end":{"line":8,"column":1}},"1":{"start":{"line":10,"column":33},"end":{"line":13,"column":1}},"2":{"start":{"line":15,"column":32},"end":{"line":18,"column":1}},"3":{"start":{"line":19,"column":32},"end":{"line":19,"column":44}},"4":{"start":{"line":21,"column":33},"end":{"line":24,"column":1}}},"fnMap":{},"branchMap":{},"s":{"0":0,"1":0,"2":0,"3":0,"4":0},"f":{},"b":{}}
,"/Users/chuseongjun/Desktop/SummerCorporatePractice_Frontend/src/components/EditIssue/index.tsx": {"path":"/Users/chuseongjun/Desktop/SummerCorporatePractice_Frontend/src/components/EditIssue/index.tsx","statementMap":{"0":{"start":{"line":15,"column":18},"end":{"line":68,"column":1}},"1":{"start":{"line":16,"column":19},"end":{"line":16,"column":32}},"2":{"start":{"line":17,"column":33},"end":{"line":17,"column":53}},"3":{"start":{"line":18,"column":28},"end":{"line":18,"column":75}},"4":{"start":{"line":19,"column":30},"end":{"line":19,"column":70}},"5":{"start":{"line":20,"column":36},"end":{"line":20,"column":50}},"6":{"start":{"line":22,"column":2},"end":{"line":29,"column":28}},"7":{"start":{"line":23,"column":4},"end":{"line":28,"column":5}},"8":{"start":{"line":24,"column":6},"end":{"line":24,"column":26}},"9":{"start":{"line":25,"column":6},"end":{"line":27,"column":14}},"10":{"start":{"line":26,"column":8},"end":{"line":26,"column":27}},"11":{"start":{"line":31,"column":22},"end":{"line":33,"column":3}},"12":{"start":{"line":32,"column":4},"end":{"line":32,"column":38}},"13":{"start":{"line":34,"column":18},"end":{"line":36,"column":3}},"14":{"start":{"line":35,"column":4},"end":{"line":35,"column":17}},"15":{"start":{"line":38,"column":2},"end":{"line":67,"column":4}}},"fnMap":{"0":{"name":"(anonymous_0)","decl":{"start":{"line":15,"column":18},"end":{"line":15,"column":19}},"loc":{"start":{"line":15,"column":24},"end":{"line":68,"column":1}},"line":15},"1":{"name":"(anonymous_1)","decl":{"start":{"line":22,"column":12},"end":{"line":22,"column":13}},"loc":{"start":{"line":22,"column":18},"end":{"line":29,"column":3}},"line":22},"2":{"name":"(anonymous_2)","decl":{"start":{"line":25,"column":17},"end":{"line":25,"column":18}},"loc":{"start":{"line":25,"column":23},"end":{"line":27,"column":7}},"line":25},"3":{"name":"(anonymous_3)","decl":{"start":{"line":31,"column":22},"end":{"line":31,"column":23}},"loc":{"start":{"line":31,"column":28},"end":{"line":33,"column":3}},"line":31},"4":{"name":"(anonymous_4)","decl":{"start":{"line":34,"column":18},"end":{"line":34,"column":19}},"loc":{"start":{"line":34,"column":24},"end":{"line":36,"column":3}},"line":34}},"branchMap":{"0":{"loc":{"start":{"line":23,"column":4},"end":{"line":28,"column":5}},"type":"if","locations":[{"start":{"line":23,"column":4},"end":{"line":28,"column":5}},{"start":{},"end":{}}],"line":23},"1":{"loc":{"start":{"line":43,"column":7},"end":{"line":65,"column":7}},"type":"cond-expr","locations":[{"start":{"line":44,"column":8},"end":{"line":60,"column":18}},{"start":{"line":62,"column":8},"end":{"line":64,"column":18}}],"line":43}},"s":{"0":0,"1":0,"2":0,"3":0,"4":0,"5":0,"6":0,"7":0,"8":0,"9":0,"10":0,"11":0,"12":0,"13":0,"14":0,"15":0},"f":{"0":0,"1":0,"2":0,"3":0,"4":0},"b":{"0":[0,0],"1":[0,0]}}
,"/Users/chuseongjun/Desktop/SummerCorporatePractice_Frontend/src/components/EditIssue/styles.tsx": {"path":"/Users/chuseongjun/Desktop/SummerCorporatePractice_Frontend/src/components/EditIssue/styles.tsx","statementMap":{"0":{"start":{"line":3,"column":21},"end":{"line":22,"column":1}},"1":{"start":{"line":24,"column":28},"end":{"line":28,"column":1}},"2":{"start":{"line":30,"column":31},"end":{"line":34,"column":1}},"3":{"start":{"line":36,"column":30},"end":{"line":39,"column":1}},"4":{"start":{"line":40,"column":29},"end":{"line":40,"column":41}},"5":{"start":{"line":42,"column":31},"end":{"line":45,"column":1}}},"fnMap":{},"branchMap":{},"s":{"0":0,"1":0,"2":0,"3":0,"4":0,"5":0},"f":{},"b":{}}
,"/Users/chuseongjun/Desktop/SummerCorporatePractice_Frontend/src/components/GanttChart/data.ts": {"path":"/Users/chuseongjun/Desktop/SummerCorporatePractice_Frontend/src/components/GanttChart/data.ts","statementMap":{"0":{"start":{"line":12,"column":47},"end":{"line":20,"column":1}},"1":{"start":{"line":22,"column":33},"end":{"line":22,"column":35}},"2":{"start":{"line":23,"column":0},"end":{"line":31,"column":1}},"3":{"start":{"line":23,"column":13},"end":{"line":23,"column":14}},"4":{"start":{"line":24,"column":2},"end":{"line":30,"column":5}},"5":{"start":{"line":33,"column":20},"end":{"line":33,"column":30}},"6":{"start":{"line":34,"column":21},"end":{"line":34,"column":47}},"7":{"start":{"line":35,"column":20},"end":{"line":35,"column":45}},"8":{"start":{"line":37,"column":0},"end":{"line":48,"column":1}},"9":{"start":{"line":37,"column":13},"end":{"line":37,"column":14}},"10":{"start":{"line":38,"column":15},"end":{"line":38,"column":62}},"11":{"start":{"line":39,"column":16},"end":{"line":39,"column":65}},"12":{"start":{"line":40,"column":15},"end":{"line":40,"column":33}},"13":{"start":{"line":41,"column":16},"end":{"line":41,"column":34}},"14":{"start":{"line":42,"column":2},"end":{"line":47,"column":5}},"15":{"start":{"line":50,"column":0},"end":{"line":70,"column":1}},"16":{"start":{"line":50,"column":13},"end":{"line":50,"column":14}},"17":{"start":{"line":51,"column":17},"end":{"line":51,"column":27}},"18":{"start":{"line":52,"column":16},"end":{"line":52,"column":28}},"19":{"start":{"line":53,"column":2},"end":{"line":69,"column":3}},"20":{"start":{"line":54,"column":26},"end":{"line":54,"column":53}},"21":{"start":{"line":55,"column":20},"end":{"line":55,"column":32}},"22":{"start":{"line":56,"column":21},"end":{"line":56,"column":34}},"23":{"start":{"line":58,"column":4},"end":{"line":68,"column":7}},"24":{"start":{"line":59,"column":37},"end":{"line":59,"column":41}},"25":{"start":{"line":60,"column":24},"end":{"line":60,"column":55}},"26":{"start":{"line":61,"column":30},"end":{"line":61,"column":78}},"27":{"start":{"line":62,"column":22},"end":{"line":62,"column":51}},"28":{"start":{"line":63,"column":28},"end":{"line":63,"column":74}},"29":{"start":{"line":65,"column":6},"end":{"line":67,"column":7}},"30":{"start":{"line":66,"column":8},"end":{"line":66,"column":28}}},"fnMap":{"0":{"name":"(anonymous_0)","decl":{"start":{"line":58,"column":17},"end":{"line":58,"column":18}},"loc":{"start":{"line":58,"column":25},"end":{"line":68,"column":5}},"line":58}},"branchMap":{"0":{"loc":{"start":{"line":53,"column":2},"end":{"line":69,"column":3}},"type":"if","locations":[{"start":{"line":53,"column":2},"end":{"line":69,"column":3}},{"start":{},"end":{}}],"line":53},"1":{"loc":{"start":{"line":65,"column":6},"end":{"line":67,"column":7}},"type":"if","locations":[{"start":{"line":65,"column":6},"end":{"line":67,"column":7}},{"start":{},"end":{}}],"line":65},"2":{"loc":{"start":{"line":65,"column":10},"end":{"line":65,"column":112}},"type":"binary-expr","locations":[{"start":{"line":65,"column":10},"end":{"line":65,"column":30}},{"start":{"line":65,"column":34},"end":{"line":65,"column":52}},{"start":{"line":65,"column":56},"end":{"line":65,"column":83}},{"start":{"line":65,"column":87},"end":{"line":65,"column":112}}],"line":65}},"s":{"0":0,"1":0,"2":0,"3":0,"4":0,"5":0,"6":0,"7":0,"8":0,"9":0,"10":0,"11":0,"12":0,"13":0,"14":0,"15":0,"16":0,"17":0,"18":0,"19":0,"20":0,"21":0,"22":0,"23":0,"24":0,"25":0,"26":0,"27":0,"28":0,"29":0,"30":0},"f":{"0":0},"b":{"0":[0,0],"1":[0,0],"2":[0,0,0,0]}}
,"/Users/chuseongjun/Desktop/SummerCorporatePractice_Frontend/src/components/GanttChart/index.tsx": {"path":"/Users/chuseongjun/Desktop/SummerCorporatePractice_Frontend/src/components/GanttChart/index.tsx","statementMap":{"0":{"start":{"line":4,"column":19},"end":{"line":10,"column":1}},"1":{"start":{"line":5,"column":2},"end":{"line":9,"column":4}}},"fnMap":{"0":{"name":"(anonymous_0)","decl":{"start":{"line":4,"column":19},"end":{"line":4,"column":20}},"loc":{"start":{"line":4,"column":25},"end":{"line":10,"column":1}},"line":4}},"branchMap":{},"s":{"0":0,"1":0},"f":{"0":0},"b":{}}
,"/Users/chuseongjun/Desktop/SummerCorporatePractice_Frontend/src/components/GanttChart/styles.tsx": {"path":"/Users/chuseongjun/Desktop/SummerCorporatePractice_Frontend/src/components/GanttChart/styles.tsx","statementMap":{},"fnMap":{},"branchMap":{},"s":{},"f":{},"b":{}}
,"/Users/chuseongjun/Desktop/SummerCorporatePractice_Frontend/src/components/HeaderBar/index.tsx": {"path":"/Users/chuseongjun/Desktop/SummerCorporatePractice_Frontend/src/components/HeaderBar/index.tsx","statementMap":{"0":{"start":{"line":5,"column":18},"end":{"line":19,"column":1}},"1":{"start":{"line":6,"column":2},"end":{"line":18,"column":4}}},"fnMap":{"0":{"name":"(anonymous_0)","decl":{"start":{"line":5,"column":18},"end":{"line":5,"column":19}},"loc":{"start":{"line":5,"column":24},"end":{"line":19,"column":1}},"line":5}},"branchMap":{},"s":{"0":0,"1":0},"f":{"0":0},"b":{}}
,"/Users/chuseongjun/Desktop/SummerCorporatePractice_Frontend/src/components/HeaderBar/styles.tsx": {"path":"/Users/chuseongjun/Desktop/SummerCorporatePractice_Frontend/src/components/HeaderBar/styles.tsx","statementMap":{"0":{"start":{"line":4,"column":22},"end":{"line":19,"column":1}},"1":{"start":{"line":21,"column":25},"end":{"line":27,"column":1}},"2":{"start":{"line":29,"column":23},"end":{"line":34,"column":1}},"3":{"start":{"line":36,"column":25},"end":{"line":42,"column":1}}},"fnMap":{},"branchMap":{},"s":{"0":0,"1":0,"2":0,"3":0},"f":{},"b":{}}
,"/Users/chuseongjun/Desktop/SummerCorporatePractice_Frontend/src/components/HeaderBar/type.ts": {"path":"/Users/chuseongjun/Desktop/SummerCorporatePractice_Frontend/src/components/HeaderBar/type.ts","statementMap":{},"fnMap":{},"branchMap":{},"s":{},"f":{},"b":{}}
,"/Users/chuseongjun/Desktop/SummerCorporatePractice_Frontend/src/components/HeaderBar/MyInfo/index.tsx": {"path":"/Users/chuseongjun/Desktop/SummerCorporatePractice_Frontend/src/components/HeaderBar/MyInfo/index.tsx","statementMap":{"0":{"start":{"line":7,"column":31},"end":{"line":62,"column":1}},"1":{"start":{"line":9,"column":32},"end":{"line":9,"column":47}},"2":{"start":{"line":12,"column":42},"end":{"line":12,"column":57}},"3":{"start":{"line":13,"column":21},"end":{"line":15,"column":3}},"4":{"start":{"line":14,"column":4},"end":{"line":14,"column":27}},"5":{"start":{"line":17,"column":38},"end":{"line":19,"column":3}},"6":{"start":{"line":18,"column":4},"end":{"line":18,"column":21}},"7":{"start":{"line":21,"column":2},"end":{"line":61,"column":4}},"8":{"start":{"line":35,"column":16},"end":{"line":35,"column":34}},"9":{"start":{"line":49,"column":23},"end":{"line":49,"column":41}}},"fnMap":{"0":{"name":"(anonymous_0)","decl":{"start":{"line":7,"column":31},"end":{"line":7,"column":32}},"loc":{"start":{"line":7,"column":37},"end":{"line":62,"column":1}},"line":7},"1":{"name":"(anonymous_1)","decl":{"start":{"line":13,"column":21},"end":{"line":13,"column":22}},"loc":{"start":{"line":13,"column":27},"end":{"line":15,"column":3}},"line":13},"2":{"name":"(anonymous_2)","decl":{"start":{"line":17,"column":38},"end":{"line":17,"column":39}},"loc":{"start":{"line":17,"column":57},"end":{"line":19,"column":3}},"line":17},"3":{"name":"(anonymous_3)","decl":{"start":{"line":34,"column":23},"end":{"line":34,"column":24}},"loc":{"start":{"line":34,"column":29},"end":{"line":36,"column":15}},"line":34},"4":{"name":"(anonymous_4)","decl":{"start":{"line":49,"column":18},"end":{"line":49,"column":19}},"loc":{"start":{"line":49,"column":23},"end":{"line":49,"column":41}},"line":49}},"branchMap":{},"s":{"0":0,"1":0,"2":0,"3":0,"4":0,"5":0,"6":0,"7":0,"8":0,"9":0},"f":{"0":0,"1":0,"2":0,"3":0,"4":0},"b":{}}
,"/Users/chuseongjun/Desktop/SummerCorporatePractice_Frontend/src/components/HeaderBar/MyInfo/styles.tsx": {"path":"/Users/chuseongjun/Desktop/SummerCorporatePractice_Frontend/src/components/HeaderBar/MyInfo/styles.tsx","statementMap":{},"fnMap":{},"branchMap":{},"s":{},"f":{},"b":{}}
,"/Users/chuseongjun/Desktop/SummerCorporatePractice_Frontend/src/components/HeaderBar/Notification/dummy.tsx": {"path":"/Users/chuseongjun/Desktop/SummerCorporatePractice_Frontend/src/components/HeaderBar/Notification/dummy.tsx","statementMap":{"0":{"start":{"line":3,"column":21},"end":{"line":36,"column":1}}},"fnMap":{},"branchMap":{},"s":{"0":0},"f":{},"b":{}}
,"/Users/chuseongjun/Desktop/SummerCorporatePractice_Frontend/src/components/HeaderBar/Notification/index.tsx": {"path":"/Users/chuseongjun/Desktop/SummerCorporatePractice_Frontend/src/components/HeaderBar/Notification/index.tsx","statementMap":{"0":{"start":{"line":6,"column":31},"end":{"line":48,"column":1}},"1":{"start":{"line":7,"column":32},"end":{"line":7,"column":47}},"2":{"start":{"line":9,"column":38},"end":{"line":11,"column":3}},"3":{"start":{"line":10,"column":4},"end":{"line":10,"column":21}},"4":{"start":{"line":13,"column":22},"end":{"line":15,"column":3}},"5":{"start":{"line":14,"column":4},"end":{"line":14,"column":25}},"6":{"start":{"line":17,"column":2},"end":{"line":47,"column":4}},"7":{"start":{"line":23,"column":14},"end":{"line":26,"column":26}},"8":{"start":{"line":34,"column":25},"end":{"line":34,"column":43}}},"fnMap":{"0":{"name":"(anonymous_0)","decl":{"start":{"line":6,"column":31},"end":{"line":6,"column":32}},"loc":{"start":{"line":6,"column":37},"end":{"line":48,"column":1}},"line":6},"1":{"name":"(anonymous_1)","decl":{"start":{"line":9,"column":38},"end":{"line":9,"column":39}},"loc":{"start":{"line":9,"column":57},"end":{"line":11,"column":3}},"line":9},"2":{"name":"(anonymous_2)","decl":{"start":{"line":13,"column":22},"end":{"line":13,"column":23}},"loc":{"start":{"line":13,"column":28},"end":{"line":15,"column":3}},"line":13},"3":{"name":"(anonymous_3)","decl":{"start":{"line":22,"column":23},"end":{"line":22,"column":24}},"loc":{"start":{"line":23,"column":14},"end":{"line":26,"column":26}},"line":23},"4":{"name":"(anonymous_4)","decl":{"start":{"line":34,"column":20},"end":{"line":34,"column":21}},"loc":{"start":{"line":34,"column":25},"end":{"line":34,"column":43}},"line":34}},"branchMap":{},"s":{"0":0,"1":0,"2":0,"3":0,"4":0,"5":0,"6":0,"7":0,"8":0},"f":{"0":0,"1":0,"2":0,"3":0,"4":0},"b":{}}
,"/Users/chuseongjun/Desktop/SummerCorporatePractice_Frontend/src/components/HeaderBar/Notification/styles.tsx": {"path":"/Users/chuseongjun/Desktop/SummerCorporatePractice_Frontend/src/components/HeaderBar/Notification/styles.tsx","statementMap":{},"fnMap":{},"branchMap":{},"s":{},"f":{},"b":{}}
,"/Users/chuseongjun/Desktop/SummerCorporatePractice_Frontend/src/components/Issue/index.tsx": {"path":"/Users/chuseongjun/Desktop/SummerCorporatePractice_Frontend/src/components/Issue/index.tsx","statementMap":{"0":{"start":{"line":18,"column":39},"end":{"line":35,"column":1}},"1":{"start":{"line":36,"column":14},"end":{"line":112,"column":1}},"2":{"start":{"line":37,"column":19},"end":{"line":37,"column":32}},"3":{"start":{"line":39,"column":27},"end":{"line":39,"column":29}},"4":{"start":{"line":40,"column":2},"end":{"line":47,"column":3}},"5":{"start":{"line":40,"column":15},"end":{"line":40,"column":16}},"6":{"start":{"line":41,"column":4},"end":{"line":46,"column":7}},"7":{"start":{"line":49,"column":48},"end":{"line":49,"column":73}},"8":{"start":{"line":50,"column":30},"end":{"line":50,"column":70}},"9":{"start":{"line":51,"column":36},"end":{"line":51,"column":50}},"10":{"start":{"line":53,"column":2},"end":{"line":60,"column":28}},"11":{"start":{"line":54,"column":4},"end":{"line":59,"column":5}},"12":{"start":{"line":55,"column":6},"end":{"line":55,"column":26}},"13":{"start":{"line":56,"column":6},"end":{"line":58,"column":14}},"14":{"start":{"line":57,"column":8},"end":{"line":57,"column":27}},"15":{"start":{"line":62,"column":25},"end":{"line":65,"column":3}},"16":{"start":{"line":63,"column":4},"end":{"line":63,"column":65}},"17":{"start":{"line":64,"column":4},"end":{"line":64,"column":43}},"18":{"start":{"line":67,"column":23},"end":{"line":70,"column":3}},"19":{"start":{"line":71,"column":16},"end":{"line":77,"column":3}},"20":{"start":{"line":72,"column":4},"end":{"line":76,"column":6}},"21":{"start":{"line":74,"column":8},"end":{"line":74,"column":34}},"22":{"start":{"line":79,"column":24},"end":{"line":81,"column":3}},"23":{"start":{"line":80,"column":4},"end":{"line":80,"column":28}},"24":{"start":{"line":83,"column":2},"end":{"line":111,"column":4}}},"fnMap":{"0":{"name":"(anonymous_0)","decl":{"start":{"line":36,"column":14},"end":{"line":36,"column":15}},"loc":{"start":{"line":36,"column":20},"end":{"line":112,"column":1}},"line":36},"1":{"name":"(anonymous_1)","decl":{"start":{"line":53,"column":12},"end":{"line":53,"column":13}},"loc":{"start":{"line":53,"column":18},"end":{"line":60,"column":3}},"line":53},"2":{"name":"(anonymous_2)","decl":{"start":{"line":56,"column":17},"end":{"line":56,"column":18}},"loc":{"start":{"line":56,"column":23},"end":{"line":58,"column":7}},"line":56},"3":{"name":"(anonymous_3)","decl":{"start":{"line":62,"column":25},"end":{"line":62,"column":26}},"loc":{"start":{"line":62,"column":62},"end":{"line":65,"column":3}},"line":62},"4":{"name":"(anonymous_4)","decl":{"start":{"line":71,"column":16},"end":{"line":71,"column":17}},"loc":{"start":{"line":71,"column":38},"end":{"line":77,"column":3}},"line":71},"5":{"name":"(anonymous_5)","decl":{"start":{"line":73,"column":15},"end":{"line":73,"column":16}},"loc":{"start":{"line":73,"column":27},"end":{"line":75,"column":7}},"line":73},"6":{"name":"(anonymous_6)","decl":{"start":{"line":79,"column":24},"end":{"line":79,"column":25}},"loc":{"start":{"line":79,"column":30},"end":{"line":81,"column":3}},"line":79}},"branchMap":{"0":{"loc":{"start":{"line":54,"column":4},"end":{"line":59,"column":5}},"type":"if","locations":[{"start":{"line":54,"column":4},"end":{"line":59,"column":5}},{"start":{},"end":{}}],"line":54},"1":{"loc":{"start":{"line":85,"column":7},"end":{"line":109,"column":7}},"type":"cond-expr","locations":[{"start":{"line":86,"column":8},"end":{"line":104,"column":18}},{"start":{"line":106,"column":8},"end":{"line":108,"column":18}}],"line":85}},"s":{"0":0,"1":0,"2":0,"3":0,"4":0,"5":0,"6":0,"7":0,"8":0,"9":0,"10":0,"11":0,"12":0,"13":0,"14":0,"15":0,"16":0,"17":0,"18":0,"19":0,"20":0,"21":0,"22":0,"23":0,"24":0},"f":{"0":0,"1":0,"2":0,"3":0,"4":0,"5":0,"6":0},"b":{"0":[0,0],"1":[0,0]}}
,"/Users/chuseongjun/Desktop/SummerCorporatePractice_Frontend/src/components/Issue/styles.tsx": {"path":"/Users/chuseongjun/Desktop/SummerCorporatePractice_Frontend/src/components/Issue/styles.tsx","statementMap":{"0":{"start":{"line":3,"column":27},"end":{"line":7,"column":1}},"1":{"start":{"line":9,"column":26},"end":{"line":11,"column":1}},"2":{"start":{"line":13,"column":30},"end":{"line":16,"column":1}}},"fnMap":{},"branchMap":{},"s":{"0":0,"1":0,"2":0},"f":{},"b":{}}
,"/Users/chuseongjun/Desktop/SummerCorporatePractice_Frontend/src/components/IssueDetail/index.tsx": {"path":"/Users/chuseongjun/Desktop/SummerCorporatePractice_Frontend/src/components/IssueDetail/index.tsx","statementMap":{"0":{"start":{"line":35,"column":20},"end":{"line":171,"column":1}},"1":{"start":{"line":36,"column":37},"end":{"line":36,"column":56}},"2":{"start":{"line":37,"column":19},"end":{"line":37,"column":32}},"3":{"start":{"line":38,"column":22},"end":{"line":38,"column":38}},"4":{"start":{"line":40,"column":18},"end":{"line":40,"column":63}},"5":{"start":{"line":41,"column":34},"end":{"line":41,"column":57}},"6":{"start":{"line":42,"column":38},"end":{"line":42,"column":50}},"7":{"start":{"line":44,"column":30},"end":{"line":44,"column":70}},"8":{"start":{"line":45,"column":36},"end":{"line":45,"column":50}},"9":{"start":{"line":47,"column":2},"end":{"line":54,"column":28}},"10":{"start":{"line":48,"column":4},"end":{"line":53,"column":5}},"11":{"start":{"line":49,"column":6},"end":{"line":49,"column":26}},"12":{"start":{"line":50,"column":6},"end":{"line":52,"column":14}},"13":{"start":{"line":51,"column":8},"end":{"line":51,"column":27}},"14":{"start":{"line":56,"column":21},"end":{"line":62,"column":3}},"15":{"start":{"line":57,"column":29},"end":{"line":57,"column":52}},"16":{"start":{"line":59,"column":4},"end":{"line":59,"column":40}},"17":{"start":{"line":61,"column":4},"end":{"line":61,"column":22}},"18":{"start":{"line":64,"column":18},"end":{"line":66,"column":3}},"19":{"start":{"line":65,"column":4},"end":{"line":65,"column":17}},"20":{"start":{"line":72,"column":20},"end":{"line":74,"column":3}},"21":{"start":{"line":73,"column":4},"end":{"line":73,"column":26}},"22":{"start":{"line":85,"column":20},"end":{"line":108,"column":3}},"23":{"start":{"line":88,"column":6},"end":{"line":96,"column":40}},"24":{"start":{"line":96,"column":26},"end":{"line":96,"column":39}},"25":{"start":{"line":100,"column":8},"end":{"line":100,"column":50}},"26":{"start":{"line":101,"column":8},"end":{"line":101,"column":26}},"27":{"start":{"line":104,"column":8},"end":{"line":104,"column":20}},"28":{"start":{"line":105,"column":8},"end":{"line":105,"column":27}},"29":{"start":{"line":110,"column":22},"end":{"line":115,"column":3}},"30":{"start":{"line":112,"column":6},"end":{"line":112,"column":36}},"31":{"start":{"line":117,"column":2},"end":{"line":170,"column":4}},"32":{"start":{"line":145,"column":33},"end":{"line":145,"column":62}},"33":{"start":{"line":152,"column":18},"end":{"line":158,"column":35}}},"fnMap":{"0":{"name":"(anonymous_0)","decl":{"start":{"line":35,"column":20},"end":{"line":35,"column":21}},"loc":{"start":{"line":35,"column":26},"end":{"line":171,"column":1}},"line":35},"1":{"name":"(anonymous_1)","decl":{"start":{"line":47,"column":12},"end":{"line":47,"column":13}},"loc":{"start":{"line":47,"column":18},"end":{"line":54,"column":3}},"line":47},"2":{"name":"(anonymous_2)","decl":{"start":{"line":50,"column":17},"end":{"line":50,"column":18}},"loc":{"start":{"line":50,"column":23},"end":{"line":52,"column":7}},"line":50},"3":{"name":"(anonymous_3)","decl":{"start":{"line":56,"column":21},"end":{"line":56,"column":22}},"loc":{"start":{"line":56,"column":27},"end":{"line":62,"column":3}},"line":56},"4":{"name":"(anonymous_4)","decl":{"start":{"line":64,"column":18},"end":{"line":64,"column":19}},"loc":{"start":{"line":64,"column":24},"end":{"line":66,"column":3}},"line":64},"5":{"name":"(anonymous_5)","decl":{"start":{"line":72,"column":20},"end":{"line":72,"column":21}},"loc":{"start":{"line":72,"column":26},"end":{"line":74,"column":3}},"line":72},"6":{"name":"(anonymous_6)","decl":{"start":{"line":87,"column":4},"end":{"line":87,"column":5}},"loc":{"start":{"line":88,"column":6},"end":{"line":96,"column":40}},"line":88},"7":{"name":"(anonymous_7)","decl":{"start":{"line":96,"column":14},"end":{"line":96,"column":15}},"loc":{"start":{"line":96,"column":26},"end":{"line":96,"column":39}},"line":96},"8":{"name":"(anonymous_8)","decl":{"start":{"line":98,"column":6},"end":{"line":98,"column":7}},"loc":{"start":{"line":98,"column":17},"end":{"line":98,"column":19}},"line":98},"9":{"name":"(anonymous_9)","decl":{"start":{"line":99,"column":6},"end":{"line":99,"column":7}},"loc":{"start":{"line":99,"column":30},"end":{"line":102,"column":7}},"line":99},"10":{"name":"(anonymous_10)","decl":{"start":{"line":103,"column":6},"end":{"line":103,"column":7}},"loc":{"start":{"line":103,"column":21},"end":{"line":106,"column":7}},"line":103},"11":{"name":"(anonymous_11)","decl":{"start":{"line":111,"column":4},"end":{"line":111,"column":5}},"loc":{"start":{"line":111,"column":22},"end":{"line":113,"column":5}},"line":111},"12":{"name":"(anonymous_12)","decl":{"start":{"line":145,"column":28},"end":{"line":145,"column":29}},"loc":{"start":{"line":145,"column":33},"end":{"line":145,"column":62}},"line":145},"13":{"name":"(anonymous_13)","decl":{"start":{"line":151,"column":30},"end":{"line":151,"column":31}},"loc":{"start":{"line":152,"column":18},"end":{"line":158,"column":35}},"line":152}},"branchMap":{"0":{"loc":{"start":{"line":48,"column":4},"end":{"line":53,"column":5}},"type":"if","locations":[{"start":{"line":48,"column":4},"end":{"line":53,"column":5}},{"start":{},"end":{}}],"line":48},"1":{"loc":{"start":{"line":122,"column":7},"end":{"line":168,"column":7}},"type":"cond-expr","locations":[{"start":{"line":123,"column":8},"end":{"line":163,"column":18}},{"start":{"line":165,"column":8},"end":{"line":167,"column":18}}],"line":122}},"s":{"0":0,"1":0,"2":0,"3":0,"4":0,"5":0,"6":0,"7":0,"8":0,"9":0,"10":0,"11":0,"12":0,"13":0,"14":0,"15":0,"16":0,"17":0,"18":0,"19":0,"20":0,"21":0,"22":0,"23":0,"24":0,"25":0,"26":0,"27":0,"28":0,"29":0,"30":0,"31":0,"32":0,"33":0},"f":{"0":0,"1":0,"2":0,"3":0,"4":0,"5":0,"6":0,"7":0,"8":0,"9":0,"10":0,"11":0,"12":0,"13":0},"b":{"0":[0,0],"1":[0,0]}}
,"/Users/chuseongjun/Desktop/SummerCorporatePractice_Frontend/src/components/IssueDetail/mock.tsx": {"path":"/Users/chuseongjun/Desktop/SummerCorporatePractice_Frontend/src/components/IssueDetail/mock.tsx","statementMap":{"0":{"start":{"line":2,"column":2},"end":{"line":62,"column":9}}},"fnMap":{},"branchMap":{},"s":{"0":0},"f":{},"b":{}}
,"/Users/chuseongjun/Desktop/SummerCorporatePractice_Frontend/src/components/IssueDetail/styles.tsx": {"path":"/Users/chuseongjun/Desktop/SummerCorporatePractice_Frontend/src/components/IssueDetail/styles.tsx","statementMap":{"0":{"start":{"line":3,"column":30},"end":{"line":9,"column":1}},"1":{"start":{"line":11,"column":30},"end":{"line":14,"column":1}},"2":{"start":{"line":15,"column":33},"end":{"line":24,"column":1}},"3":{"start":{"line":25,"column":46},"end":{"line":30,"column":1}},"4":{"start":{"line":31,"column":31},"end":{"line":33,"column":1}},"5":{"start":{"line":34,"column":34},"end":{"line":37,"column":1}},"6":{"start":{"line":39,"column":39},"end":{"line":43,"column":1}},"7":{"start":{"line":44,"column":26},"end":{"line":49,"column":1}},"8":{"start":{"line":51,"column":30},"end":{"line":55,"column":1}},"9":{"start":{"line":57,"column":36},"end":{"line":69,"column":1}},"10":{"start":{"line":71,"column":34},"end":{"line":71,"column":46}}},"fnMap":{},"branchMap":{},"s":{"0":0,"1":0,"2":0,"3":0,"4":0,"5":0,"6":0,"7":0,"8":0,"9":0,"10":0},"f":{},"b":{}}
,"/Users/chuseongjun/Desktop/SummerCorporatePractice_Frontend/src/components/ManageMember/index.tsx": {"path":"/Users/chuseongjun/Desktop/SummerCorporatePractice_Frontend/src/components/ManageMember/index.tsx","statementMap":{"0":{"start":{"line":52,"column":16},"end":{"line":52,"column":26}},"1":{"start":{"line":53,"column":53},"end":{"line":53,"column":58}},"2":{"start":{"line":55,"column":37},"end":{"line":57,"column":3}},"3":{"start":{"line":56,"column":4},"end":{"line":56,"column":27}},"4":{"start":{"line":59,"column":32},"end":{"line":61,"column":3}},"5":{"start":{"line":60,"column":4},"end":{"line":60,"column":34}},"6":{"start":{"line":63,"column":32},"end":{"line":65,"column":3}},"7":{"start":{"line":64,"column":4},"end":{"line":64,"column":34}},"8":{"start":{"line":67,"column":36},"end":{"line":69,"column":3}},"9":{"start":{"line":68,"column":4},"end":{"line":68,"column":73}},"10":{"start":{"line":71,"column":2},"end":{"line":94,"column":4}},"11":{"start":{"line":97,"column":21},"end":{"line":407,"column":1}},"12":{"start":{"line":98,"column":26},"end":{"line":98,"column":43}},"13":{"start":{"line":99,"column":40},"end":{"line":99,"column":57}},"14":{"start":{"line":100,"column":56},"end":{"line":100,"column":71}},"15":{"start":{"line":101,"column":50},"end":{"line":101,"column":65}},"16":{"start":{"line":102,"column":43},"end":{"line":102,"column":55}},"17":{"start":{"line":103,"column":30},"end":{"line":103,"column":52}},"18":{"start":{"line":104,"column":28},"end":{"line":104,"column":52}},"19":{"start":{"line":105,"column":34},"end":{"line":105,"column":62}},"20":{"start":{"line":106,"column":23},"end":{"line":106,"column":28}},"21":{"start":{"line":108,"column":26},"end":{"line":123,"column":4}},"22":{"start":{"line":125,"column":23},"end":{"line":138,"column":3}},"23":{"start":{"line":139,"column":30},"end":{"line":139,"column":70}},"24":{"start":{"line":140,"column":36},"end":{"line":140,"column":50}},"25":{"start":{"line":142,"column":2},"end":{"line":149,"column":28}},"26":{"start":{"line":143,"column":4},"end":{"line":148,"column":5}},"27":{"start":{"line":144,"column":6},"end":{"line":144,"column":26}},"28":{"start":{"line":145,"column":6},"end":{"line":147,"column":14}},"29":{"start":{"line":146,"column":8},"end":{"line":146,"column":27}},"30":{"start":{"line":151,"column":23},"end":{"line":156,"column":3}},"31":{"start":{"line":152,"column":20},"end":{"line":152,"column":29}},"32":{"start":{"line":153,"column":4},"end":{"line":153,"column":38}},"33":{"start":{"line":154,"column":4},"end":{"line":154,"column":21}},"34":{"start":{"line":155,"column":4},"end":{"line":155,"column":22}},"35":{"start":{"line":158,"column":23},"end":{"line":162,"column":3}},"36":{"start":{"line":159,"column":20},"end":{"line":159,"column":29}},"37":{"start":{"line":160,"column":4},"end":{"line":160,"column":25}},"38":{"start":{"line":161,"column":4},"end":{"line":161,"column":21}},"39":{"start":{"line":164,"column":27},"end":{"line":166,"column":3}},"40":{"start":{"line":165,"column":4},"end":{"line":165,"column":34}},"41":{"start":{"line":168,"column":24},"end":{"line":170,"column":3}},"42":{"start":{"line":169,"column":4},"end":{"line":169,"column":31}},"43":{"start":{"line":172,"column":19},"end":{"line":190,"column":3}},"44":{"start":{"line":175,"column":6},"end":{"line":179,"column":40}},"45":{"start":{"line":179,"column":26},"end":{"line":179,"column":39}},"46":{"start":{"line":183,"column":8},"end":{"line":183,"column":21}},"47":{"start":{"line":186,"column":8},"end":{"line":186,"column":27}},"48":{"start":{"line":187,"column":8},"end":{"line":187,"column":30}},"49":{"start":{"line":192,"column":19},"end":{"line":197,"column":3}},"50":{"start":{"line":193,"column":21},"end":{"line":193,"column":39}},"51":{"start":{"line":194,"column":23},"end":{"line":194,"column":52}},"52":{"start":{"line":195,"column":4},"end":{"line":195,"column":26}},"53":{"start":{"line":196,"column":4},"end":{"line":196,"column":17}},"54":{"start":{"line":198,"column":23},"end":{"line":202,"column":3}},"55":{"start":{"line":199,"column":22},"end":{"line":199,"column":33}},"56":{"start":{"line":200,"column":4},"end":{"line":200,"column":31}},"57":{"start":{"line":201,"column":4},"end":{"line":201,"column":25}},"58":{"start":{"line":205,"column":24},"end":{"line":211,"column":3}},"59":{"start":{"line":207,"column":6},"end":{"line":207,"column":25}},"60":{"start":{"line":208,"column":6},"end":{"line":208,"column":33}},"61":{"start":{"line":213,"column":20},"end":{"line":213,"column":86}},"62":{"start":{"line":215,"column":27},"end":{"line":217,"column":3}},"63":{"start":{"line":216,"column":4},"end":{"line":216,"column":21}},"64":{"start":{"line":219,"column":34},"end":{"line":222,"column":3}},"65":{"start":{"line":220,"column":4},"end":{"line":220,"column":53}},"66":{"start":{"line":221,"column":4},"end":{"line":221,"column":15}},"67":{"start":{"line":224,"column":2},"end":{"line":406,"column":4}},"68":{"start":{"line":233,"column":67},"end":{"line":233,"column":92}},"69":{"start":{"line":259,"column":33},"end":{"line":259,"column":61}},"70":{"start":{"line":281,"column":24},"end":{"line":301,"column":35}},"71":{"start":{"line":296,"column":49},"end":{"line":296,"column":71}},"72":{"start":{"line":299,"column":58},"end":{"line":299,"column":73}},"73":{"start":{"line":353,"column":18},"end":{"line":363,"column":24}},"74":{"start":{"line":362,"column":50},"end":{"line":362,"column":69}},"75":{"start":{"line":387,"column":29},"end":{"line":387,"column":53}},"76":{"start":{"line":394,"column":29},"end":{"line":394,"column":56}}},"fnMap":{"0":{"name":"TablePaginationActions","decl":{"start":{"line":51,"column":9},"end":{"line":51,"column":31}},"loc":{"start":{"line":51,"column":68},"end":{"line":95,"column":1}},"line":51},"1":{"name":"(anonymous_1)","decl":{"start":{"line":55,"column":37},"end":{"line":55,"column":38}},"loc":{"start":{"line":55,"column":85},"end":{"line":57,"column":3}},"line":55},"2":{"name":"(anonymous_2)","decl":{"start":{"line":59,"column":32},"end":{"line":59,"column":33}},"loc":{"start":{"line":59,"column":80},"end":{"line":61,"column":3}},"line":59},"3":{"name":"(anonymous_3)","decl":{"start":{"line":63,"column":32},"end":{"line":63,"column":33}},"loc":{"start":{"line":63,"column":80},"end":{"line":65,"column":3}},"line":63},"4":{"name":"(anonymous_4)","decl":{"start":{"line":67,"column":36},"end":{"line":67,"column":37}},"loc":{"start":{"line":67,"column":84},"end":{"line":69,"column":3}},"line":67},"5":{"name":"(anonymous_5)","decl":{"start":{"line":97,"column":21},"end":{"line":97,"column":22}},"loc":{"start":{"line":97,"column":27},"end":{"line":407,"column":1}},"line":97},"6":{"name":"(anonymous_6)","decl":{"start":{"line":142,"column":12},"end":{"line":142,"column":13}},"loc":{"start":{"line":142,"column":18},"end":{"line":149,"column":3}},"line":142},"7":{"name":"(anonymous_7)","decl":{"start":{"line":145,"column":17},"end":{"line":145,"column":18}},"loc":{"start":{"line":145,"column":23},"end":{"line":147,"column":7}},"line":145},"8":{"name":"(anonymous_8)","decl":{"start":{"line":151,"column":23},"end":{"line":151,"column":24}},"loc":{"start":{"line":151,"column":88},"end":{"line":156,"column":3}},"line":151},"9":{"name":"(anonymous_9)","decl":{"start":{"line":158,"column":23},"end":{"line":158,"column":24}},"loc":{"start":{"line":158,"column":38},"end":{"line":162,"column":3}},"line":158},"10":{"name":"(anonymous_10)","decl":{"start":{"line":164,"column":27},"end":{"line":164,"column":28}},"loc":{"start":{"line":164,"column":33},"end":{"line":166,"column":3}},"line":164},"11":{"name":"(anonymous_11)","decl":{"start":{"line":168,"column":24},"end":{"line":168,"column":25}},"loc":{"start":{"line":168,"column":30},"end":{"line":170,"column":3}},"line":168},"12":{"name":"(anonymous_12)","decl":{"start":{"line":174,"column":4},"end":{"line":174,"column":5}},"loc":{"start":{"line":175,"column":6},"end":{"line":179,"column":40}},"line":175},"13":{"name":"(anonymous_13)","decl":{"start":{"line":179,"column":14},"end":{"line":179,"column":15}},"loc":{"start":{"line":179,"column":26},"end":{"line":179,"column":39}},"line":179},"14":{"name":"(anonymous_14)","decl":{"start":{"line":181,"column":6},"end":{"line":181,"column":7}},"loc":{"start":{"line":181,"column":17},"end":{"line":181,"column":19}},"line":181},"15":{"name":"(anonymous_15)","decl":{"start":{"line":182,"column":6},"end":{"line":182,"column":7}},"loc":{"start":{"line":182,"column":22},"end":{"line":184,"column":7}},"line":182},"16":{"name":"(anonymous_16)","decl":{"start":{"line":185,"column":6},"end":{"line":185,"column":7}},"loc":{"start":{"line":185,"column":21},"end":{"line":188,"column":7}},"line":185},"17":{"name":"(anonymous_17)","decl":{"start":{"line":192,"column":19},"end":{"line":192,"column":20}},"loc":{"start":{"line":192,"column":25},"end":{"line":197,"column":3}},"line":192},"18":{"name":"(anonymous_18)","decl":{"start":{"line":198,"column":23},"end":{"line":198,"column":24}},"loc":{"start":{"line":198,"column":42},"end":{"line":202,"column":3}},"line":198},"19":{"name":"(anonymous_19)","decl":{"start":{"line":206,"column":4},"end":{"line":206,"column":5}},"loc":{"start":{"line":206,"column":16},"end":{"line":209,"column":5}},"line":206},"20":{"name":"(anonymous_20)","decl":{"start":{"line":215,"column":27},"end":{"line":215,"column":28}},"loc":{"start":{"line":215,"column":99},"end":{"line":217,"column":3}},"line":215},"21":{"name":"(anonymous_21)","decl":{"start":{"line":219,"column":34},"end":{"line":219,"column":35}},"loc":{"start":{"line":219,"column":104},"end":{"line":222,"column":3}},"line":219},"22":{"name":"(anonymous_22)","decl":{"start":{"line":233,"column":61},"end":{"line":233,"column":62}},"loc":{"start":{"line":233,"column":67},"end":{"line":233,"column":92}},"line":233},"23":{"name":"(anonymous_23)","decl":{"start":{"line":259,"column":27},"end":{"line":259,"column":28}},"loc":{"start":{"line":259,"column":33},"end":{"line":259,"column":61}},"line":259},"24":{"name":"(anonymous_24)","decl":{"start":{"line":280,"column":22},"end":{"line":280,"column":23}},"loc":{"start":{"line":281,"column":24},"end":{"line":301,"column":35}},"line":281},"25":{"name":"(anonymous_25)","decl":{"start":{"line":296,"column":40},"end":{"line":296,"column":41}},"loc":{"start":{"line":296,"column":49},"end":{"line":296,"column":71}},"line":296},"26":{"name":"(anonymous_26)","decl":{"start":{"line":299,"column":52},"end":{"line":299,"column":53}},"loc":{"start":{"line":299,"column":58},"end":{"line":299,"column":73}},"line":299},"27":{"name":"(anonymous_27)","decl":{"start":{"line":352,"column":28},"end":{"line":352,"column":29}},"loc":{"start":{"line":353,"column":18},"end":{"line":363,"column":24}},"line":353},"28":{"name":"(anonymous_28)","decl":{"start":{"line":362,"column":44},"end":{"line":362,"column":45}},"loc":{"start":{"line":362,"column":50},"end":{"line":362,"column":69}},"line":362},"29":{"name":"(anonymous_29)","decl":{"start":{"line":387,"column":24},"end":{"line":387,"column":25}},"loc":{"start":{"line":387,"column":29},"end":{"line":387,"column":53}},"line":387},"30":{"name":"(anonymous_30)","decl":{"start":{"line":394,"column":24},"end":{"line":394,"column":25}},"loc":{"start":{"line":394,"column":29},"end":{"line":394,"column":56}},"line":394}},"branchMap":{"0":{"loc":{"start":{"line":74,"column":9},"end":{"line":74,"column":73}},"type":"cond-expr","locations":[{"start":{"line":74,"column":37},"end":{"line":74,"column":53}},{"start":{"line":74,"column":56},"end":{"line":74,"column":73}}],"line":74},"1":{"loc":{"start":{"line":77,"column":9},"end":{"line":77,"column":83}},"type":"cond-expr","locations":[{"start":{"line":77,"column":37},"end":{"line":77,"column":59}},{"start":{"line":77,"column":62},"end":{"line":77,"column":83}}],"line":77},"2":{"loc":{"start":{"line":84,"column":9},"end":{"line":84,"column":83}},"type":"cond-expr","locations":[{"start":{"line":84,"column":37},"end":{"line":84,"column":58}},{"start":{"line":84,"column":61},"end":{"line":84,"column":83}}],"line":84},"3":{"loc":{"start":{"line":91,"column":9},"end":{"line":91,"column":73}},"type":"cond-expr","locations":[{"start":{"line":91,"column":37},"end":{"line":91,"column":54}},{"start":{"line":91,"column":57},"end":{"line":91,"column":73}}],"line":91},"4":{"loc":{"start":{"line":143,"column":4},"end":{"line":148,"column":5}},"type":"if","locations":[{"start":{"line":143,"column":4},"end":{"line":148,"column":5}},{"start":{},"end":{}}],"line":143},"5":{"loc":{"start":{"line":213,"column":20},"end":{"line":213,"column":86}},"type":"cond-expr","locations":[{"start":{"line":213,"column":31},"end":{"line":213,"column":82}},{"start":{"line":213,"column":85},"end":{"line":213,"column":86}}],"line":213},"6":{"loc":{"start":{"line":226,"column":7},"end":{"line":404,"column":7}},"type":"cond-expr","locations":[{"start":{"line":227,"column":8},"end":{"line":399,"column":18}},{"start":{"line":401,"column":8},"end":{"line":403,"column":18}}],"line":226},"7":{"loc":{"start":{"line":279,"column":22},"end":{"line":279,"column":111}},"type":"cond-expr","locations":[{"start":{"line":279,"column":40},"end":{"line":279,"column":104}},{"start":{"line":279,"column":107},"end":{"line":279,"column":111}}],"line":279},"8":{"loc":{"start":{"line":304,"column":21},"end":{"line":308,"column":21}},"type":"binary-expr","locations":[{"start":{"line":304,"column":21},"end":{"line":304,"column":34}},{"start":{"line":305,"column":22},"end":{"line":307,"column":33}}],"line":304}},"s":{"0":0,"1":0,"2":0,"3":0,"4":0,"5":0,"6":0,"7":0,"8":0,"9":0,"10":0,"11":0,"12":0,"13":0,"14":0,"15":0,"16":0,"17":0,"18":0,"19":0,"20":0,"21":0,"22":0,"23":0,"24":0,"25":0,"26":0,"27":0,"28":0,"29":0,"30":0,"31":0,"32":0,"33":0,"34":0,"35":0,"36":0,"37":0,"38":0,"39":0,"40":0,"41":0,"42":0,"43":0,"44":0,"45":0,"46":0,"47":0,"48":0,"49":0,"50":0,"51":0,"52":0,"53":0,"54":0,"55":0,"56":0,"57":0,"58":0,"59":0,"60":0,"61":0,"62":0,"63":0,"64":0,"65":0,"66":0,"67":0,"68":0,"69":0,"70":0,"71":0,"72":0,"73":0,"74":0,"75":0,"76":0},"f":{"0":0,"1":0,"2":0,"3":0,"4":0,"5":0,"6":0,"7":0,"8":0,"9":0,"10":0,"11":0,"12":0,"13":0,"14":0,"15":0,"16":0,"17":0,"18":0,"19":0,"20":0,"21":0,"22":0,"23":0,"24":0,"25":0,"26":0,"27":0,"28":0,"29":0,"30":0},"b":{"0":[0,0],"1":[0,0],"2":[0,0],"3":[0,0],"4":[0,0],"5":[0,0],"6":[0,0],"7":[0,0],"8":[0,0]}}
,"/Users/chuseongjun/Desktop/SummerCorporatePractice_Frontend/src/components/ManageMember/styles.tsx": {"path":"/Users/chuseongjun/Desktop/SummerCorporatePractice_Frontend/src/components/ManageMember/styles.tsx","statementMap":{"0":{"start":{"line":3,"column":30},"end":{"line":8,"column":1}},"1":{"start":{"line":9,"column":29},"end":{"line":14,"column":1}},"2":{"start":{"line":16,"column":29},"end":{"line":22,"column":1}},"3":{"start":{"line":23,"column":27},"end":{"line":28,"column":1}},"4":{"start":{"line":29,"column":29},"end":{"line":32,"column":1}},"5":{"start":{"line":34,"column":32},"end":{"line":43,"column":1}},"6":{"start":{"line":44,"column":34},"end":{"line":53,"column":1}},"7":{"start":{"line":54,"column":28},"end":{"line":59,"column":1}},"8":{"start":{"line":60,"column":32},"end":{"line":60,"column":44}},"9":{"start":{"line":61,"column":33},"end":{"line":61,"column":45}},"10":{"start":{"line":63,"column":26},"end":{"line":63,"column":38}}},"fnMap":{},"branchMap":{},"s":{"0":0,"1":0,"2":0,"3":0,"4":0,"5":0,"6":0,"7":0,"8":0,"9":0,"10":0},"f":{},"b":{}}
,"/Users/chuseongjun/Desktop/SummerCorporatePractice_Frontend/src/components/Menu/index.tsx": {"path":"/Users/chuseongjun/Desktop/SummerCorporatePractice_Frontend/src/components/Menu/index.tsx","statementMap":{"0":{"start":{"line":5,"column":24},"end":{"line":17,"column":1}},"1":{"start":{"line":6,"column":26},"end":{"line":8,"column":8}},"2":{"start":{"line":7,"column":4},"end":{"line":7,"column":24}},"3":{"start":{"line":10,"column":2},"end":{"line":16,"column":4}},"4":{"start":{"line":19,"column":0},"end":{"line":21,"column":2}}},"fnMap":{"0":{"name":"(anonymous_0)","decl":{"start":{"line":5,"column":24},"end":{"line":5,"column":25}},"loc":{"start":{"line":5,"column":75},"end":{"line":17,"column":1}},"line":5},"1":{"name":"(anonymous_1)","decl":{"start":{"line":6,"column":38},"end":{"line":6,"column":39}},"loc":{"start":{"line":6,"column":50},"end":{"line":8,"column":3}},"line":6}},"branchMap":{},"s":{"0":0,"1":0,"2":0,"3":0,"4":0},"f":{"0":0,"1":0},"b":{}}
,"/Users/chuseongjun/Desktop/SummerCorporatePractice_Frontend/src/components/Menu/styles.tsx": {"path":"/Users/chuseongjun/Desktop/SummerCorporatePractice_Frontend/src/components/Menu/styles.tsx","statementMap":{"0":{"start":{"line":3,"column":27},"end":{"line":11,"column":1}}},"fnMap":{},"branchMap":{},"s":{"0":0},"f":{},"b":{}}
,"/Users/chuseongjun/Desktop/SummerCorporatePractice_Frontend/src/components/Menu/type.ts": {"path":"/Users/chuseongjun/Desktop/SummerCorporatePractice_Frontend/src/components/Menu/type.ts","statementMap":{},"fnMap":{},"branchMap":{},"s":{},"f":{},"b":{}}
,"/Users/chuseongjun/Desktop/SummerCorporatePractice_Frontend/src/components/MyInfoCard/index.tsx": {"path":"/Users/chuseongjun/Desktop/SummerCorporatePractice_Frontend/src/components/MyInfoCard/index.tsx","statementMap":{"0":{"start":{"line":7,"column":28},"end":{"line":7,"column":38}},"1":{"start":{"line":8,"column":19},"end":{"line":54,"column":1}},"2":{"start":{"line":10,"column":42},"end":{"line":10,"column":57}},"3":{"start":{"line":12,"column":34},"end":{"line":12,"column":77}},"4":{"start":{"line":13,"column":21},"end":{"line":15,"column":3}},"5":{"start":{"line":14,"column":4},"end":{"line":14,"column":27}},"6":{"start":{"line":17,"column":2},"end":{"line":53,"column":4}},"7":{"start":{"line":21,"column":39},"end":{"line":21,"column":60}},"8":{"start":{"line":36,"column":37},"end":{"line":36,"column":78}}},"fnMap":{"0":{"name":"(anonymous_0)","decl":{"start":{"line":8,"column":19},"end":{"line":8,"column":20}},"loc":{"start":{"line":8,"column":25},"end":{"line":54,"column":1}},"line":8},"1":{"name":"(anonymous_1)","decl":{"start":{"line":13,"column":21},"end":{"line":13,"column":22}},"loc":{"start":{"line":13,"column":27},"end":{"line":15,"column":3}},"line":13},"2":{"name":"(anonymous_2)","decl":{"start":{"line":21,"column":33},"end":{"line":21,"column":34}},"loc":{"start":{"line":21,"column":39},"end":{"line":21,"column":60}},"line":21},"3":{"name":"(anonymous_3)","decl":{"start":{"line":36,"column":28},"end":{"line":36,"column":29}},"loc":{"start":{"line":36,"column":37},"end":{"line":36,"column":78}},"line":36}},"branchMap":{},"s":{"0":0,"1":0,"2":0,"3":0,"4":0,"5":0,"6":0,"7":0,"8":0},"f":{"0":0,"1":0,"2":0,"3":0},"b":{}}
,"/Users/chuseongjun/Desktop/SummerCorporatePractice_Frontend/src/components/MyInfoCard/styles.tsx": {"path":"/Users/chuseongjun/Desktop/SummerCorporatePractice_Frontend/src/components/MyInfoCard/styles.tsx","statementMap":{"0":{"start":{"line":4,"column":27},"end":{"line":7,"column":1}},"1":{"start":{"line":9,"column":26},"end":{"line":11,"column":1}},"2":{"start":{"line":13,"column":27},"end":{"line":15,"column":1}},"3":{"start":{"line":16,"column":30},"end":{"line":21,"column":1}}},"fnMap":{},"branchMap":{},"s":{"0":0,"1":0,"2":0,"3":0},"f":{},"b":{}}
,"/Users/chuseongjun/Desktop/SummerCorporatePractice_Frontend/src/components/MyInfoCard/ChangePasswordModal/index.tsx": {"path":"/Users/chuseongjun/Desktop/SummerCorporatePractice_Frontend/src/components/MyInfoCard/ChangePasswordModal/index.tsx","statementMap":{"0":{"start":{"line":15,"column":28},"end":{"line":176,"column":1}},"1":{"start":{"line":16,"column":26},"end":{"line":16,"column":41}},"2":{"start":{"line":17,"column":46},"end":{"line":21,"column":4}},"3":{"start":{"line":23,"column":44},"end":{"line":27,"column":4}},"4":{"start":{"line":30,"column":4},"end":{"line":34,"column":7}},"5":{"start":{"line":36,"column":4},"end":{"line":40,"column":7}},"6":{"start":{"line":42,"column":19},"end":{"line":82,"column":3}},"7":{"start":{"line":43,"column":18},"end":{"line":43,"column":22}},"8":{"start":{"line":45,"column":4},"end":{"line":57,"column":5}},"9":{"start":{"line":46,"column":6},"end":{"line":49,"column":10}},"10":{"start":{"line":46,"column":38},"end":{"line":49,"column":7}},"11":{"start":{"line":51,"column":6},"end":{"line":51,"column":37}},"12":{"start":{"line":52,"column":6},"end":{"line":55,"column":10}},"13":{"start":{"line":52,"column":38},"end":{"line":55,"column":7}},"14":{"start":{"line":56,"column":6},"end":{"line":56,"column":22}},"15":{"start":{"line":59,"column":4},"end":{"line":75,"column":5}},"16":{"start":{"line":64,"column":6},"end":{"line":67,"column":10}},"17":{"start":{"line":64,"column":38},"end":{"line":67,"column":7}},"18":{"start":{"line":69,"column":6},"end":{"line":69,"column":41}},"19":{"start":{"line":70,"column":6},"end":{"line":73,"column":10}},"20":{"start":{"line":70,"column":38},"end":{"line":73,"column":7}},"21":{"start":{"line":74,"column":6},"end":{"line":74,"column":22}},"22":{"start":{"line":77,"column":4},"end":{"line":81,"column":5}},"23":{"start":{"line":78,"column":6},"end":{"line":78,"column":37}},"24":{"start":{"line":79,"column":6},"end":{"line":79,"column":21}},"25":{"start":{"line":80,"column":6},"end":{"line":80,"column":21}},"26":{"start":{"line":84,"column":23},"end":{"line":87,"column":3}},"27":{"start":{"line":85,"column":4},"end":{"line":85,"column":19}},"28":{"start":{"line":86,"column":4},"end":{"line":86,"column":19}},"29":{"start":{"line":89,"column":2},"end":{"line":116,"column":22}},"30":{"start":{"line":90,"column":4},"end":{"line":102,"column":5}},"31":{"start":{"line":91,"column":6},"end":{"line":101,"column":7}},"32":{"start":{"line":92,"column":8},"end":{"line":95,"column":12}},"33":{"start":{"line":92,"column":40},"end":{"line":95,"column":9}},"34":{"start":{"line":97,"column":8},"end":{"line":100,"column":12}},"35":{"start":{"line":97,"column":40},"end":{"line":100,"column":9}},"36":{"start":{"line":103,"column":4},"end":{"line":115,"column":5}},"37":{"start":{"line":104,"column":6},"end":{"line":114,"column":7}},"38":{"start":{"line":105,"column":8},"end":{"line":108,"column":12}},"39":{"start":{"line":105,"column":40},"end":{"line":108,"column":9}},"40":{"start":{"line":110,"column":8},"end":{"line":113,"column":12}},"41":{"start":{"line":110,"column":40},"end":{"line":113,"column":9}},"42":{"start":{"line":118,"column":2},"end":{"line":175,"column":4}},"43":{"start":{"line":120,"column":29},"end":{"line":120,"column":42}},"44":{"start":{"line":130,"column":48},"end":{"line":130,"column":58}},"45":{"start":{"line":139,"column":14},"end":{"line":142,"column":17}},"46":{"start":{"line":139,"column":45},"end":{"line":142,"column":15}},"47":{"start":{"line":151,"column":14},"end":{"line":154,"column":17}},"48":{"start":{"line":151,"column":45},"end":{"line":154,"column":15}},"49":{"start":{"line":158,"column":36},"end":{"line":158,"column":87}},"50":{"start":{"line":163,"column":14},"end":{"line":166,"column":17}},"51":{"start":{"line":163,"column":45},"end":{"line":166,"column":15}}},"fnMap":{"0":{"name":"(anonymous_0)","decl":{"start":{"line":15,"column":28},"end":{"line":15,"column":29}},"loc":{"start":{"line":15,"column":34},"end":{"line":176,"column":1}},"line":15},"1":{"name":"refreshInput","decl":{"start":{"line":29,"column":11},"end":{"line":29,"column":23}},"loc":{"start":{"line":29,"column":26},"end":{"line":41,"column":3}},"line":29},"2":{"name":"(anonymous_2)","decl":{"start":{"line":42,"column":19},"end":{"line":42,"column":20}},"loc":{"start":{"line":42,"column":25},"end":{"line":82,"column":3}},"line":42},"3":{"name":"(anonymous_3)","decl":{"start":{"line":46,"column":24},"end":{"line":46,"column":25}},"loc":{"start":{"line":46,"column":38},"end":{"line":49,"column":7}},"line":46},"4":{"name":"(anonymous_4)","decl":{"start":{"line":52,"column":24},"end":{"line":52,"column":25}},"loc":{"start":{"line":52,"column":38},"end":{"line":55,"column":7}},"line":52},"5":{"name":"(anonymous_5)","decl":{"start":{"line":64,"column":24},"end":{"line":64,"column":25}},"loc":{"start":{"line":64,"column":38},"end":{"line":67,"column":7}},"line":64},"6":{"name":"(anonymous_6)","decl":{"start":{"line":70,"column":24},"end":{"line":70,"column":25}},"loc":{"start":{"line":70,"column":38},"end":{"line":73,"column":7}},"line":70},"7":{"name":"(anonymous_7)","decl":{"start":{"line":84,"column":23},"end":{"line":84,"column":24}},"loc":{"start":{"line":84,"column":29},"end":{"line":87,"column":3}},"line":84},"8":{"name":"(anonymous_8)","decl":{"start":{"line":89,"column":12},"end":{"line":89,"column":13}},"loc":{"start":{"line":89,"column":18},"end":{"line":116,"column":3}},"line":89},"9":{"name":"(anonymous_9)","decl":{"start":{"line":92,"column":26},"end":{"line":92,"column":27}},"loc":{"start":{"line":92,"column":40},"end":{"line":95,"column":9}},"line":92},"10":{"name":"(anonymous_10)","decl":{"start":{"line":97,"column":26},"end":{"line":97,"column":27}},"loc":{"start":{"line":97,"column":40},"end":{"line":100,"column":9}},"line":97},"11":{"name":"(anonymous_11)","decl":{"start":{"line":105,"column":26},"end":{"line":105,"column":27}},"loc":{"start":{"line":105,"column":40},"end":{"line":108,"column":9}},"line":105},"12":{"name":"(anonymous_12)","decl":{"start":{"line":110,"column":26},"end":{"line":110,"column":27}},"loc":{"start":{"line":110,"column":40},"end":{"line":113,"column":9}},"line":110},"13":{"name":"(anonymous_13)","decl":{"start":{"line":120,"column":23},"end":{"line":120,"column":24}},"loc":{"start":{"line":120,"column":29},"end":{"line":120,"column":42}},"line":120},"14":{"name":"(anonymous_14)","decl":{"start":{"line":130,"column":42},"end":{"line":130,"column":43}},"loc":{"start":{"line":130,"column":48},"end":{"line":130,"column":58}},"line":130},"15":{"name":"(anonymous_15)","decl":{"start":{"line":138,"column":22},"end":{"line":138,"column":23}},"loc":{"start":{"line":139,"column":14},"end":{"line":142,"column":17}},"line":139},"16":{"name":"(anonymous_16)","decl":{"start":{"line":139,"column":31},"end":{"line":139,"column":32}},"loc":{"start":{"line":139,"column":45},"end":{"line":142,"column":15}},"line":139},"17":{"name":"(anonymous_17)","decl":{"start":{"line":150,"column":22},"end":{"line":150,"column":23}},"loc":{"start":{"line":151,"column":14},"end":{"line":154,"column":17}},"line":151},"18":{"name":"(anonymous_18)","decl":{"start":{"line":151,"column":31},"end":{"line":151,"column":32}},"loc":{"start":{"line":151,"column":45},"end":{"line":154,"column":15}},"line":151},"19":{"name":"(anonymous_19)","decl":{"start":{"line":158,"column":24},"end":{"line":158,"column":25}},"loc":{"start":{"line":158,"column":36},"end":{"line":158,"column":87}},"line":158},"20":{"name":"(anonymous_20)","decl":{"start":{"line":162,"column":22},"end":{"line":162,"column":23}},"loc":{"start":{"line":163,"column":14},"end":{"line":166,"column":17}},"line":163},"21":{"name":"(anonymous_21)","decl":{"start":{"line":163,"column":31},"end":{"line":163,"column":32}},"loc":{"start":{"line":163,"column":45},"end":{"line":166,"column":15}},"line":163}},"branchMap":{"0":{"loc":{"start":{"line":45,"column":4},"end":{"line":57,"column":5}},"type":"if","locations":[{"start":{"line":45,"column":4},"end":{"line":57,"column":5}},{"start":{"line":50,"column":11},"end":{"line":57,"column":5}}],"line":45},"1":{"loc":{"start":{"line":59,"column":4},"end":{"line":75,"column":5}},"type":"if","locations":[{"start":{"line":59,"column":4},"end":{"line":75,"column":5}},{"start":{"line":68,"column":11},"end":{"line":75,"column":5}}],"line":59},"2":{"loc":{"start":{"line":60,"column":6},"end":{"line":62,"column":68}},"type":"binary-expr","locations":[{"start":{"line":60,"column":6},"end":{"line":60,"column":31}},{"start":{"line":61,"column":6},"end":{"line":61,"column":38}},{"start":{"line":62,"column":6},"end":{"line":62,"column":68}}],"line":60},"3":{"loc":{"start":{"line":77,"column":4},"end":{"line":81,"column":5}},"type":"if","locations":[{"start":{"line":77,"column":4},"end":{"line":81,"column":5}},{"start":{},"end":{}}],"line":77},"4":{"loc":{"start":{"line":90,"column":4},"end":{"line":102,"column":5}},"type":"if","locations":[{"start":{"line":90,"column":4},"end":{"line":102,"column":5}},{"start":{},"end":{}}],"line":90},"5":{"loc":{"start":{"line":91,"column":6},"end":{"line":101,"column":7}},"type":"if","locations":[{"start":{"line":91,"column":6},"end":{"line":101,"column":7}},{"start":{"line":96,"column":13},"end":{"line":101,"column":7}}],"line":91},"6":{"loc":{"start":{"line":103,"column":4},"end":{"line":115,"column":5}},"type":"if","locations":[{"start":{"line":103,"column":4},"end":{"line":115,"column":5}},{"start":{},"end":{}}],"line":103},"7":{"loc":{"start":{"line":103,"column":8},"end":{"line":103,"column":91}},"type":"binary-expr","locations":[{"start":{"line":103,"column":8},"end":{"line":103,"column":44}},{"start":{"line":103,"column":48},"end":{"line":103,"column":91}}],"line":103},"8":{"loc":{"start":{"line":104,"column":6},"end":{"line":114,"column":7}},"type":"if","locations":[{"start":{"line":104,"column":6},"end":{"line":114,"column":7}},{"start":{"line":109,"column":13},"end":{"line":114,"column":7}}],"line":104},"9":{"loc":{"start":{"line":158,"column":36},"end":{"line":158,"column":87}},"type":"cond-expr","locations":[{"start":{"line":158,"column":46},"end":{"line":158,"column":60}},{"start":{"line":158,"column":63},"end":{"line":158,"column":87}}],"line":158}},"s":{"0":0,"1":0,"2":0,"3":0,"4":0,"5":0,"6":0,"7":0,"8":0,"9":0,"10":0,"11":0,"12":0,"13":0,"14":0,"15":0,"16":0,"17":0,"18":0,"19":0,"20":0,"21":0,"22":0,"23":0,"24":0,"25":0,"26":0,"27":0,"28":0,"29":0,"30":0,"31":0,"32":0,"33":0,"34":0,"35":0,"36":0,"37":0,"38":0,"39":0,"40":0,"41":0,"42":0,"43":0,"44":0,"45":0,"46":0,"47":0,"48":0,"49":0,"50":0,"51":0},"f":{"0":0,"1":0,"2":0,"3":0,"4":0,"5":0,"6":0,"7":0,"8":0,"9":0,"10":0,"11":0,"12":0,"13":0,"14":0,"15":0,"16":0,"17":0,"18":0,"19":0,"20":0,"21":0},"b":{"0":[0,0],"1":[0,0],"2":[0,0,0],"3":[0,0],"4":[0,0],"5":[0,0],"6":[0,0],"7":[0,0],"8":[0,0],"9":[0,0]}}
,"/Users/chuseongjun/Desktop/SummerCorporatePractice_Frontend/src/components/MyInfoCard/ChangePasswordModal/mock.tsx": {"path":"/Users/chuseongjun/Desktop/SummerCorporatePractice_Frontend/src/components/MyInfoCard/ChangePasswordModal/mock.tsx","statementMap":{"0":{"start":{"line":1,"column":28},"end":{"line":1,"column":39}}},"fnMap":{},"branchMap":{},"s":{"0":0},"f":{},"b":{}}
,"/Users/chuseongjun/Desktop/SummerCorporatePractice_Frontend/src/components/MyInfoCard/ChangePasswordModal/styles.tsx": {"path":"/Users/chuseongjun/Desktop/SummerCorporatePractice_Frontend/src/components/MyInfoCard/ChangePasswordModal/styles.tsx","statementMap":{"0":{"start":{"line":4,"column":32},"end":{"line":6,"column":1}},"1":{"start":{"line":7,"column":31},"end":{"line":10,"column":1}},"2":{"start":{"line":11,"column":27},"end":{"line":13,"column":1}},"3":{"start":{"line":14,"column":34},"end":{"line":16,"column":1}}},"fnMap":{},"branchMap":{},"s":{"0":0,"1":0,"2":0,"3":0},"f":{},"b":{}}
,"/Users/chuseongjun/Desktop/SummerCorporatePractice_Frontend/src/components/MyInfoCard/ChangePasswordModal/type.ts": {"path":"/Users/chuseongjun/Desktop/SummerCorporatePractice_Frontend/src/components/MyInfoCard/ChangePasswordModal/type.ts","statementMap":{},"fnMap":{},"branchMap":{},"s":{},"f":{},"b":{}}
,"/Users/chuseongjun/Desktop/SummerCorporatePractice_Frontend/src/components/MyInfoCard/WithdrawAccountModal/index.tsx": {"path":"/Users/chuseongjun/Desktop/SummerCorporatePractice_Frontend/src/components/MyInfoCard/WithdrawAccountModal/index.tsx","statementMap":{"0":{"start":{"line":12,"column":29},"end":{"line":66,"column":1}},"1":{"start":{"line":13,"column":26},"end":{"line":13,"column":41}},"2":{"start":{"line":14,"column":32},"end":{"line":14,"column":47}},"3":{"start":{"line":15,"column":19},"end":{"line":23,"column":3}},"4":{"start":{"line":16,"column":4},"end":{"line":22,"column":5}},"5":{"start":{"line":17,"column":6},"end":{"line":17,"column":36}},"6":{"start":{"line":18,"column":6},"end":{"line":18,"column":24}},"7":{"start":{"line":19,"column":6},"end":{"line":19,"column":21}},"8":{"start":{"line":21,"column":6},"end":{"line":21,"column":35}},"9":{"start":{"line":24,"column":23},"end":{"line":26,"column":3}},"10":{"start":{"line":25,"column":4},"end":{"line":25,"column":19}},"11":{"start":{"line":27,"column":21},"end":{"line":30,"column":3}},"12":{"start":{"line":28,"column":4},"end":{"line":28,"column":49}},"13":{"start":{"line":29,"column":4},"end":{"line":29,"column":33}},"14":{"start":{"line":31,"column":2},"end":{"line":65,"column":4}},"15":{"start":{"line":36,"column":23},"end":{"line":36,"column":36}},"16":{"start":{"line":52,"column":50},"end":{"line":52,"column":60}}},"fnMap":{"0":{"name":"(anonymous_0)","decl":{"start":{"line":12,"column":29},"end":{"line":12,"column":30}},"loc":{"start":{"line":12,"column":35},"end":{"line":66,"column":1}},"line":12},"1":{"name":"(anonymous_1)","decl":{"start":{"line":15,"column":19},"end":{"line":15,"column":20}},"loc":{"start":{"line":15,"column":25},"end":{"line":23,"column":3}},"line":15},"2":{"name":"(anonymous_2)","decl":{"start":{"line":24,"column":23},"end":{"line":24,"column":24}},"loc":{"start":{"line":24,"column":29},"end":{"line":26,"column":3}},"line":24},"3":{"name":"(anonymous_3)","decl":{"start":{"line":27,"column":21},"end":{"line":27,"column":22}},"loc":{"start":{"line":27,"column":49},"end":{"line":30,"column":3}},"line":27},"4":{"name":"(anonymous_4)","decl":{"start":{"line":36,"column":17},"end":{"line":36,"column":18}},"loc":{"start":{"line":36,"column":23},"end":{"line":36,"column":36}},"line":36},"5":{"name":"(anonymous_5)","decl":{"start":{"line":52,"column":44},"end":{"line":52,"column":45}},"loc":{"start":{"line":52,"column":50},"end":{"line":52,"column":60}},"line":52}},"branchMap":{"0":{"loc":{"start":{"line":16,"column":4},"end":{"line":22,"column":5}},"type":"if","locations":[{"start":{"line":16,"column":4},"end":{"line":22,"column":5}},{"start":{"line":20,"column":11},"end":{"line":22,"column":5}}],"line":16}},"s":{"0":0,"1":0,"2":0,"3":0,"4":0,"5":0,"6":0,"7":0,"8":0,"9":0,"10":0,"11":0,"12":0,"13":0,"14":0,"15":0,"16":0},"f":{"0":0,"1":0,"2":0,"3":0,"4":0,"5":0},"b":{"0":[0,0]}}
,"/Users/chuseongjun/Desktop/SummerCorporatePractice_Frontend/src/components/MyInfoCard/WithdrawAccountModal/styles.tsx": {"path":"/Users/chuseongjun/Desktop/SummerCorporatePractice_Frontend/src/components/MyInfoCard/WithdrawAccountModal/styles.tsx","statementMap":{"0":{"start":{"line":3,"column":31},"end":{"line":7,"column":1}},"1":{"start":{"line":9,"column":42},"end":{"line":13,"column":1}},"2":{"start":{"line":15,"column":40},"end":{"line":19,"column":1}}},"fnMap":{},"branchMap":{},"s":{"0":0,"1":0,"2":0},"f":{},"b":{}}
,"/Users/chuseongjun/Desktop/SummerCorporatePractice_Frontend/src/components/PasswordModal/index.tsx": {"path":"/Users/chuseongjun/Desktop/SummerCorporatePractice_Frontend/src/components/PasswordModal/index.tsx","statementMap":{"0":{"start":{"line":26,"column":42},"end":{"line":212,"column":1}},"1":{"start":{"line":27,"column":33},"end":{"line":27,"column":45}},"2":{"start":{"line":28,"column":52},"end":{"line":28,"column":64}},"3":{"start":{"line":29,"column":62},"end":{"line":29,"column":74}},"4":{"start":{"line":30,"column":47},"end":{"line":30,"column":59}},"5":{"start":{"line":31,"column":30},"end":{"line":31,"column":45}},"6":{"start":{"line":32,"column":44},"end":{"line":32,"column":59}},"7":{"start":{"line":33,"column":18},"end":{"line":33,"column":88}},"8":{"start":{"line":33,"column":39},"end":{"line":33,"column":88}},"9":{"start":{"line":35,"column":24},"end":{"line":59,"column":3}},"10":{"start":{"line":37,"column":6},"end":{"line":37,"column":26}},"11":{"start":{"line":38,"column":22},"end":{"line":38,"column":92}},"12":{"start":{"line":38,"column":43},"end":{"line":38,"column":92}},"13":{"start":{"line":40,"column":6},"end":{"line":42,"column":7}},"14":{"start":{"line":41,"column":8},"end":{"line":41,"column":15}},"15":{"start":{"line":44,"column":6},"end":{"line":56,"column":11}},"16":{"start":{"line":47,"column":10},"end":{"line":47,"column":32}},"17":{"start":{"line":48,"column":10},"end":{"line":50,"column":13}},"18":{"start":{"line":53,"column":10},"end":{"line":53,"column":62}},"19":{"start":{"line":54,"column":10},"end":{"line":54,"column":33}},"20":{"start":{"line":55,"column":10},"end":{"line":55,"column":38}},"21":{"start":{"line":61,"column":27},"end":{"line":67,"column":3}},"22":{"start":{"line":63,"column":6},"end":{"line":63,"column":42}},"23":{"start":{"line":64,"column":6},"end":{"line":64,"column":65}},"24":{"start":{"line":69,"column":32},"end":{"line":75,"column":3}},"25":{"start":{"line":71,"column":6},"end":{"line":71,"column":47}},"26":{"start":{"line":72,"column":6},"end":{"line":72,"column":60}},"27":{"start":{"line":77,"column":26},"end":{"line":79,"column":8}},"28":{"start":{"line":78,"column":4},"end":{"line":78,"column":24}},"29":{"start":{"line":81,"column":19},"end":{"line":105,"column":4}},"30":{"start":{"line":90,"column":30},"end":{"line":90,"column":101}},"31":{"start":{"line":90,"column":87},"end":{"line":90,"column":100}},"32":{"start":{"line":95,"column":6},"end":{"line":97,"column":9}},"33":{"start":{"line":98,"column":6},"end":{"line":98,"column":27}},"34":{"start":{"line":102,"column":6},"end":{"line":102,"column":59}},"35":{"start":{"line":103,"column":6},"end":{"line":103,"column":25}},"36":{"start":{"line":107,"column":19},"end":{"line":120,"column":3}},"37":{"start":{"line":109,"column":6},"end":{"line":109,"column":26}},"38":{"start":{"line":110,"column":6},"end":{"line":117,"column":7}},"39":{"start":{"line":111,"column":8},"end":{"line":116,"column":11}},"40":{"start":{"line":122,"column":2},"end":{"line":211,"column":4}},"41":{"start":{"line":148,"column":12},"end":{"line":148,"column":29}},"42":{"start":{"line":193,"column":14},"end":{"line":193,"column":26}},"43":{"start":{"line":203,"column":14},"end":{"line":203,"column":26}}},"fnMap":{"0":{"name":"(anonymous_0)","decl":{"start":{"line":26,"column":42},"end":{"line":26,"column":43}},"loc":{"start":{"line":26,"column":72},"end":{"line":212,"column":1}},"line":26},"1":{"name":"(anonymous_1)","decl":{"start":{"line":33,"column":18},"end":{"line":33,"column":19}},"loc":{"start":{"line":33,"column":39},"end":{"line":33,"column":88}},"line":33},"2":{"name":"(anonymous_2)","decl":{"start":{"line":36,"column":4},"end":{"line":36,"column":5}},"loc":{"start":{"line":36,"column":61},"end":{"line":57,"column":5}},"line":36},"3":{"name":"(anonymous_3)","decl":{"start":{"line":38,"column":22},"end":{"line":38,"column":23}},"loc":{"start":{"line":38,"column":43},"end":{"line":38,"column":92}},"line":38},"4":{"name":"(anonymous_4)","decl":{"start":{"line":46,"column":14},"end":{"line":46,"column":15}},"loc":{"start":{"line":46,"column":20},"end":{"line":51,"column":9}},"line":46},"5":{"name":"(anonymous_5)","decl":{"start":{"line":52,"column":15},"end":{"line":52,"column":16}},"loc":{"start":{"line":52,"column":24},"end":{"line":56,"column":9}},"line":52},"6":{"name":"(anonymous_6)","decl":{"start":{"line":62,"column":4},"end":{"line":62,"column":5}},"loc":{"start":{"line":62,"column":42},"end":{"line":65,"column":5}},"line":62},"7":{"name":"(anonymous_7)","decl":{"start":{"line":70,"column":4},"end":{"line":70,"column":5}},"loc":{"start":{"line":70,"column":42},"end":{"line":73,"column":5}},"line":70},"8":{"name":"(anonymous_8)","decl":{"start":{"line":77,"column":38},"end":{"line":77,"column":39}},"loc":{"start":{"line":77,"column":80},"end":{"line":79,"column":3}},"line":77},"9":{"name":"(anonymous_9)","decl":{"start":{"line":90,"column":22},"end":{"line":90,"column":23}},"loc":{"start":{"line":90,"column":30},"end":{"line":90,"column":101}},"line":90},"10":{"name":"(anonymous_10)","decl":{"start":{"line":90,"column":75},"end":{"line":90,"column":76}},"loc":{"start":{"line":90,"column":87},"end":{"line":90,"column":100}},"line":90},"11":{"name":"(anonymous_11)","decl":{"start":{"line":91,"column":4},"end":{"line":91,"column":5}},"loc":{"start":{"line":91,"column":15},"end":{"line":93,"column":5}},"line":91},"12":{"name":"(anonymous_12)","decl":{"start":{"line":94,"column":4},"end":{"line":94,"column":5}},"loc":{"start":{"line":94,"column":16},"end":{"line":99,"column":5}},"line":94},"13":{"name":"(anonymous_13)","decl":{"start":{"line":100,"column":4},"end":{"line":100,"column":5}},"loc":{"start":{"line":100,"column":19},"end":{"line":104,"column":5}},"line":100},"14":{"name":"(anonymous_14)","decl":{"start":{"line":108,"column":4},"end":{"line":108,"column":5}},"loc":{"start":{"line":108,"column":46},"end":{"line":118,"column":5}},"line":108},"15":{"name":"(anonymous_15)","decl":{"start":{"line":147,"column":19},"end":{"line":147,"column":20}},"loc":{"start":{"line":147,"column":24},"end":{"line":149,"column":11}},"line":147
[...]
,"/Users/chuseongjun/Desktop/SummerCorporatePractice_Frontend/src/pages/ReleaseNotePage/styles.tsx": {"path":"/Users/chuseongjun/Desktop/SummerCorporatePractice_Frontend/src/pages/ReleaseNotePage/styles.tsx","statementMap":{},"fnMap":{},"branchMap":{},"s":{},"f":{},"b":{}}
,"/Users/chuseongjun/Desktop/SummerCorporatePractice_Frontend/src/pages/SignUp/index.tsx": {"path":"/Users/chuseongjun/Desktop/SummerCorporatePractice_Frontend/src/pages/SignUp/index.tsx","statementMap":{"0":{"start":{"line":24,"column":15},"end":{"line":222,"column":1}},"1":{"start":{"line":25,"column":18},"end":{"line":25,"column":22}},"2":{"start":{"line":27,"column":31},"end":{"line":27,"column":43}},"3":{"start":{"line":28,"column":33},"end":{"line":28,"column":45}},"4":{"start":{"line":29,"column":36},"end":{"line":29,"column":48}},"5":{"start":{"line":30,"column":46},"end":{"line":30,"column":58}},"6":{"start":{"line":31,"column":47},"end":{"line":31,"column":59}},"7":{"start":{"line":33,"column":42},"end":{"line":33,"column":57}},"8":{"start":{"line":34,"column":44},"end":{"line":34,"column":59}},"9":{"start":{"line":36,"column":44},"end":{"line":36,"column":59}},"10":{"start":{"line":38,"column":19},"end":{"line":58,"column":4}},"11":{"start":{"line":48,"column":20},"end":{"line":48,"column":90}},"12":{"start":{"line":48,"column":76},"end":{"line":48,"column":89}},"13":{"start":{"line":50,"column":6},"end":{"line":50,"column":30}},"14":{"start":{"line":53,"column":6},"end":{"line":53,"column":29}},"15":{"start":{"line":56,"column":6},"end":{"line":56,"column":30}},"16":{"start":{"line":60,"column":27},"end":{"line":66,"column":3}},"17":{"start":{"line":62,"column":6},"end":{"line":62,"column":34}},"18":{"start":{"line":63,"column":6},"end":{"line":63,"column":57}},"19":{"start":{"line":68,"column":32},"end":{"line":74,"column":3}},"20":{"start":{"line":70,"column":6},"end":{"line":70,"column":39}},"21":{"start":{"line":71,"column":6},"end":{"line":71,"column":52}},"22":{"start":{"line":76,"column":19},"end":{"line":90,"column":3}},"23":{"start":{"line":78,"column":6},"end":{"line":78,"column":25}},"24":{"start":{"line":79,"column":6},"end":{"line":87,"column":7}},"25":{"start":{"line":80,"column":8},"end":{"line":86,"column":11}},"26":{"start":{"line":93,"column":24},"end":{"line":117,"column":3}},"27":{"start":{"line":95,"column":6},"end":{"line":95,"column":26}},"28":{"start":{"line":96,"column":22},"end":{"line":96,"column":92}},"29":{"start":{"line":96,"column":43},"end":{"line":96,"column":92}},"30":{"start":{"line":98,"column":6},"end":{"line":100,"column":7}},"31":{"start":{"line":99,"column":8},"end":{"line":99,"column":15}},"32":{"start":{"line":102,"column":6},"end":{"line":114,"column":11}},"33":{"start":{"line":105,"column":10},"end":{"line":105,"column":32}},"34":{"start":{"line":106,"column":10},"end":{"line":108,"column":13}},"35":{"start":{"line":111,"column":10},"end":{"line":111,"column":62}},"36":{"start":{"line":112,"column":10},"end":{"line":112,"column":33}},"37":{"start":{"line":113,"column":10},"end":{"line":113,"column":38}},"38":{"start":{"line":119,"column":2},"end":{"line":221,"column":4}},"39":{"start":{"line":163,"column":16},"end":{"line":163,"column":33}}},"fnMap":{"0":{"name":"(anonymous_0)","decl":{"start":{"line":24,"column":15},"end":{"line":24,"column":16}},"loc":{"start":{"line":24,"column":21},"end":{"line":222,"column":1}},"line":24},"1":{"name":"(anonymous_1)","decl":{"start":{"line":48,"column":12},"end":{"line":48,"column":13}},"loc":{"start":{"line":48,"column":20},"end":{"line":48,"column":90}},"line":48},"2":{"name":"(anonymous_2)","decl":{"start":{"line":48,"column":64},"end":{"line":48,"column":65}},"loc":{"start":{"line":48,"column":76},"end":{"line":48,"column":89}},"line":48},"3":{"name":"(anonymous_3)","decl":{"start":{"line":49,"column":4},"end":{"line":49,"column":5}},"loc":{"start":{"line":49,"column":15},"end":{"line":51,"column":5}},"line":49},"4":{"name":"(anonymous_4)","decl":{"start":{"line":52,"column":4},"end":{"line":52,"column":5}},"loc":{"start":{"line":52,"column":16},"end":{"line":54,"column":5}},"line":52},"5":{"name":"(anonymous_5)","decl":{"start":{"line":55,"column":4},"end":{"line":55,"column":5}},"loc":{"start":{"line":55,"column":14},"end":{"line":57,"column":5}},"line":55},"6":{"name":"(anonymous_6)","decl":{"start":{"line":61,"column":4},"end":{"line":61,"column":5}},"loc":{"start":{"line":61,"column":42},"end":{"line":64,"column":5}},"line":61},"7":{"name":"(anonymous_7)","decl":{"start":{"line":69,"column":4},"end":{"line":69,"column":5}},"loc":{"start":{"line":69,"column":42},"end":{"line":72,"column":5}},"line":69},"8":{"name":"(anonymous_8)","decl":{"start":{"line":77,"column":4},"end":{"line":77,"column":5}},"loc":{"start":{"line":77,"column":39},"end":{"line":88,"column":5}},"line":77},"9":{"name":"(anonymous_9)","decl":{"start":{"line":94,"column":4},"end":{"line":94,"column":5}},"loc":{"start":{"line":94,"column":61},"end":{"line":115,"column":5}},"line":94},"10":{"name":"(anonymous_10)","decl":{"start":{"line":96,"column":22},"end":{"line":96,"column":23}},"loc":{"start":{"line":96,"column":43},"end":{"line":96,"column":92}},"line":96},"11":{"name":"(anonymous_11)","decl":{"start":{"line":104,"column":14},"end":{"line":104,"column":15}},"loc":{"start":{"line":104,"column":20},"end":{"line":109,"column":9}},"line":104},"12":{"name":"(anonymous_12)","decl":{"start":{"line":110,"column":15},"end":{"line":110,"column":16}},"loc":{"start":{"line":110,"column":24},"end":{"line":114,"column":9}},"line":110},"13":{"name":"(anonymous_13)","decl":{"start":{"line":162,"column":23},"end":{"line":162,"column":24}},"loc":{"start":{"line":162,"column":28},"end":{"line":164,"column":15}},"line":162}},"branchMap":{"0":{"loc":{"start":{"line":79,"column":6},"end":{"line":87,"column":7}},"type":"if","locations":[{"start":{"line":79,"column":6},"end":{"line":87,"column":7}},{"start":{},"end":{}}],"line":79},"1":{"loc":{"start":{"line":79,"column":10},"end":{"line":79,"column":68}},"type":"binary-expr","locations":[{"start":{"line":79,"column":10},"end":{"line":79,"column":14}},{"start":{"line":79,"column":18},"end":{"line":79,"column":23}},{"start":{"line":79,"column":27},"end":{"line":79,"column":35}},{"start":{"line":79,"column":39},"end":{"line":79,"column":52}},{"start":{"line":79,"column":56},"end":{"line":79,"column":68}}],"line":79},"2":{"loc":{"start":{"line":98,"column":6},"end":{"line":100,"column":7}},"type":"if","locations":[{"start":{"line":98,"column":6},"end":{"line":100,"column":7}},{"start":{},"end":{}}],"line":98},"3":{"loc":{"start":{"line":98,"column":10},"end":{"line":98,"column":33}},"type":"binary-expr","locations":[{"start":{"line":98,"column":10},"end":{"line":98,"column":16}},{"start":{"line":98,"column":20},"end":{"line":98,"column":33}}],"line":98},"4":{"loc":{"start":{"line":170,"column":11},"end":{"line":181,"column":11}},"type":"binary-expr","locations":[{"start":{"line":170,"column":11},"end":{"line":170,"column":23}},{"start":{"line":171,"column":12},"end":{"line":180,"column":20}}],"line":170},"5":{"loc":{"start":{"line":201,"column":13},"end":{"line":201,"column":91}},"type":"binary-expr","locations":[{"start":{"line":201,"column":13},"end":{"line":201,"column":27}},{"start":{"line":201,"column":31},"end":{"line":201,"column":56}},{"start":{"line":201,"column":60},"end":{"line":201,"column":91}}],"line":201},"6":{"loc":{"start":{"line":202,"column":13},"end":{"line":202,"column":90}},"type":"binary-expr","locations":[{"start":{"line":202,"column":13},"end":{"line":202,"column":26}},{"start":{"line":202,"column":30},"end":{"line":202,"column":55}},{"start":{"line":202,"column":59},"end":{"line":202,"column":90}}],"line":202}},"s":{"0":0,"1":0,"2":0,"3":0,"4":0,"5":0,"6":0,"7":0,"8":0,"9":0,"10":0,"11":0,"12":0,"13":0,"14":0,"15":0,"16":0,"17":0,"18":0,"19":0,"20":0,"21":0,"22":0,"23":0,"24":0,"25":0,"26":0,"27":0,"28":0,"29":0,"30":0,"31":0,"32":0,"33":0,"34":0,"35":0,"36":0,"37":0,"38":0,"39":0},"f":{"0":0,"1":0,"2":0,"3":0,"4":0,"5":0,"6":0,"7":0,"8":0,"9":0,"10":0,"11":0,"12":0,"13":0},"b":{"0":[0,0],"1":[0,0,0,0,0],"2":[0,0],"3":[0,0],"4":[0,0],"5":[0,0,0],"6":[0,0,0]}}
,"/Users/chuseongjun/Desktop/SummerCorporatePractice_Frontend/src/pages/SignUp/styles.tsx": {"path":"/Users/chuseongjun/Desktop/SummerCorporatePractice_Frontend/src/pages/SignUp/styles.tsx","statementMap":{"0":{"start":{"line":4,"column":22},"end":{"line":12,"column":1}},"1":{"start":{"line":14,"column":30},"end":{"line":24,"column":1}},"2":{"start":{"line":26,"column":24},"end":{"line":45,"column":1}},"3":{"start":{"line":47,"column":25},"end":{"line":65,"column":1}},"4":{"start":{"line":67,"column":20},"end":{"line":72,"column":1}},"5":{"start":{"line":74,"column":26},"end":{"line":80,"column":1}},"6":{"start":{"line":82,"column":26},"end":{"line":104,"column":1}},"7":{"start":{"line":105,"column":29},"end":{"line":111,"column":1}},"8":{"start":{"line":113,"column":24},"end":{"line":132,"column":1}},"9":{"start":{"line":134,"column":21},"end":{"line":156,"column":1}},"10":{"start":{"line":158,"column":21},"end":{"line":161,"column":1}},"11":{"start":{"line":163,"column":23},"end":{"line":166,"column":1}}},"fnMap":{},"branchMap":{},"s":{"0":0,"1":0,"2":0,"3":0,"4":0,"5":0,"6":0,"7":0,"8":0,"9":0,"10":0,"11":0},"f":{},"b":{}}
,"/Users/chuseongjun/Desktop/SummerCorporatePractice_Frontend/src/pages/WorkSpaceDetail/index.tsx": {"path":"/Users/chuseongjun/Desktop/SummerCorporatePractice_Frontend/src/pages/WorkSpaceDetail/index.tsx","statementMap":{"0":{"start":{"line":12,"column":24},"end":{"line":43,"column":1}},"1":{"start":{"line":13,"column":30},"end":{"line":13,"column":70}},"2":{"start":{"line":14,"column":36},"end":{"line":14,"column":50}},"3":{"start":{"line":16,"column":2},"end":{"line":23,"column":28}},"4":{"start":{"line":17,"column":4},"end":{"line":22,"column":5}},"5":{"start":{"line":18,"column":6},"end":{"line":18,"column":26}},"6":{"start":{"line":19,"column":6},"end":{"line":21,"column":14}},"7":{"start":{"line":20,"column":8},"end":{"line":20,"column":27}},"8":{"start":{"line":25,"column":2},"end":{"line":42,"column":4}}},"fnMap":{"0":{"name":"(anonymous_0)","decl":{"start":{"line":12,"column":24},"end":{"line":12,"column":25}},"loc":{"start":{"line":12,"column":30},"end":{"line":43,"column":1}},"line":12},"1":{"name":"(anonymous_1)","decl":{"start":{"line":16,"column":12},"end":{"line":16,"column":13}},"loc":{"start":{"line":16,"column":18},"end":{"line":23,"column":3}},"line":16},"2":{"name":"(anonymous_2)","decl":{"start":{"line":19,"column":17},"end":{"line":19,"column":18}},"loc":{"start":{"line":19,"column":23},"end":{"line":21,"column":7}},"line":19}},"branchMap":{"0":{"loc":{"start":{"line":17,"column":4},"end":{"line":22,"column":5}},"type":"if","locations":[{"start":{"line":17,"column":4},"end":{"line":22,"column":5}},{"start":{},"end":{}}],"line":17},"1":{"loc":{"start":{"line":30,"column":7},"end":{"line":40,"column":7}},"type":"cond-expr","locations":[{"start":{"line":31,"column":8},"end":{"line":35,"column":18}},{"start":{"line":37,"column":8},"end":{"line":39,"column":18}}],"line":30}},"s":{"0":0,"1":0,"2":0,"3":0,"4":0,"5":0,"6":0,"7":0,"8":0},"f":{"0":0,"1":0,"2":0},"b":{"0":[0,0],"1":[0,0]}}
,"/Users/chuseongjun/Desktop/SummerCorporatePractice_Frontend/src/pages/WorkSpaceDetail/styles.tsx": {"path":"/Users/chuseongjun/Desktop/SummerCorporatePractice_Frontend/src/pages/WorkSpaceDetail/styles.tsx","statementMap":{"0":{"start":{"line":3,"column":23},"end":{"line":8,"column":1}},"1":{"start":{"line":10,"column":32},"end":{"line":14,"column":1}},"2":{"start":{"line":16,"column":20},"end":{"line":32,"column":1}},"3":{"start":{"line":34,"column":30},"end":{"line":38,"column":1}},"4":{"start":{"line":40,"column":26},"end":{"line":42,"column":1}}},"fnMap":{},"branchMap":{},"s":{"0":0,"1":0,"2":0,"3":0,"4":0},"f":{},"b":{}}
,"/Users/chuseongjun/Desktop/SummerCorporatePractice_Frontend/src/pages/WorkSpacePage/index.tsx": {"path":"/Users/chuseongjun/Desktop/SummerCorporatePractice_Frontend/src/pages/WorkSpacePage/index.tsx","statementMap":{"0":{"start":{"line":12,"column":22},"end":{"line":44,"column":1}},"1":{"start":{"line":13,"column":30},"end":{"line":13,"column":70}},"2":{"start":{"line":14,"column":36},"end":{"line":14,"column":50}},"3":{"start":{"line":16,"column":2},"end":{"line":23,"column":28}},"4":{"start":{"line":17,"column":4},"end":{"line":22,"column":5}},"5":{"start":{"line":18,"column":6},"end":{"line":18,"column":26}},"6":{"start":{"line":19,"column":6},"end":{"line":21,"column":14}},"7":{"start":{"line":20,"column":8},"end":{"line":20,"column":27}},"8":{"start":{"line":25,"column":2},"end":{"line":43,"column":4}}},"fnMap":{"0":{"name":"(anonymous_0)","decl":{"start":{"line":12,"column":22},"end":{"line":12,"column":23}},"loc":{"start":{"line":12,"column":28},"end":{"line":44,"column":1}},"line":12},"1":{"name":"(anonymous_1)","decl":{"start":{"line":16,"column":12},"end":{"line":16,"column":13}},"loc":{"start":{"line":16,"column":18},"end":{"line":23,"column":3}},"line":16},"2":{"name":"(anonymous_2)","decl":{"start":{"line":19,"column":17},"end":{"line":19,"column":18}},"loc":{"start":{"line":19,"column":23},"end":{"line":21,"column":7}},"line":19}},"branchMap":{"0":{"loc":{"start":{"line":17,"column":4},"end":{"line":22,"column":5}},"type":"if","locations":[{"start":{"line":17,"column":4},"end":{"line":22,"column":5}},{"start":{},"end":{}}],"line":17},"1":{"loc":{"start":{"line":30,"column":7},"end":{"line":41,"column":7}},"type":"cond-expr","locations":[{"start":{"line":31,"column":8},"end":{"line":36,"column":18}},{"start":{"line":38,"column":8},"end":{"line":40,"column":18}}],"line":30}},"s":{"0":0,"1":0,"2":0,"3":0,"4":0,"5":0,"6":0,"7":0,"8":0},"f":{"0":0,"1":0,"2":0},"b":{"0":[0,0],"1":[0,0]}}
,"/Users/chuseongjun/Desktop/SummerCorporatePractice_Frontend/src/pages/WorkSpacePage/styles.tsx": {"path":"/Users/chuseongjun/Desktop/SummerCorporatePractice_Frontend/src/pages/WorkSpacePage/styles.tsx","statementMap":{"0":{"start":{"line":3,"column":23},"end":{"line":8,"column":1}},"1":{"start":{"line":10,"column":32},"end":{"line":14,"column":1}},"2":{"start":{"line":16,"column":26},"end":{"line":21,"column":1}},"3":{"start":{"line":23,"column":30},"end":{"line":27,"column":1}},"4":{"start":{"line":29,"column":26},"end":{"line":31,"column":1}}},"fnMap":{},"branchMap":{},"s":{"0":0,"1":0,"2":0,"3":0,"4":0},"f":{},"b":{}}
,"/Users/chuseongjun/Desktop/SummerCorporatePractice_Frontend/src/states/MemberState.ts": {"path":"/Users/chuseongjun/Desktop/SummerCorporatePractice_Frontend/src/states/MemberState.ts","statementMap":{},"fnMap":{},"branchMap":{},"s":{},"f":{},"b":{}}
,"/Users/chuseongjun/Desktop/SummerCorporatePractice_Frontend/src/states/ProjectState.ts": {"path":"/Users/chuseongjun/Desktop/SummerCorporatePractice_Frontend/src/states/ProjectState.ts","statementMap":{"0":{"start":{"line":9,"column":45},"end":{"line":20,"column":1}},"1":{"start":{"line":22,"column":63},"end":{"line":25,"column":2}},"2":{"start":{"line":27,"column":58},"end":{"line":30,"column":2}},"3":{"start":{"line":32,"column":62},"end":{"line":35,"column":2}},"4":{"start":{"line":37,"column":64},"end":{"line":40,"column":2}}},"fnMap":{},"branchMap":{},"s":{"0":0,"1":0,"2":0,"3":0,"4":0},"f":{},"b":{}}
,"/Users/chuseongjun/Desktop/SummerCorporatePractice_Frontend/src/states/UserState.ts": {"path":"/Users/chuseongjun/Desktop/SummerCorporatePractice_Frontend/src/states/UserState.ts","statementMap":{"0":{"start":{"line":14,"column":28},"end":{"line":23,"column":1}},"1":{"start":{"line":25,"column":0},"end":{"line":28,"column":3}},"2":{"start":{"line":36,"column":39},"end":{"line":41,"column":1}},"3":{"start":{"line":42,"column":31},"end":{"line":45,"column":2}}},"fnMap":{},"branchMap":{},"s":{"0":0,"1":0,"2":0,"3":0},"f":{},"b":{}}
,"/Users/chuseongjun/Desktop/SummerCorporatePractice_Frontend/src/styles/DefaultSide/styles.tsx": {"path":"/Users/chuseongjun/Desktop/SummerCorporatePractice_Frontend/src/styles/DefaultSide/styles.tsx","statementMap":{"0":{"start":{"line":3,"column":23},"end":{"line":9,"column":1}}},"fnMap":{},"branchMap":{},"s":{"0":0},"f":{},"b":{}}
,"/Users/chuseongjun/Desktop/SummerCorporatePractice_Frontend/src/styles/DetailSide/styles.tsx": {"path":"/Users/chuseongjun/Desktop/SummerCorporatePractice_Frontend/src/styles/DetailSide/styles.tsx","statementMap":{"0":{"start":{"line":5,"column":28},"end":{"line":8,"column":1}},"1":{"start":{"line":6,"column":16},"end":{"line":6,"column":56}},"2":{"start":{"line":7,"column":2},"end":{"line":7,"column":15}},"3":{"start":{"line":10,"column":23},"end":{"line":18,"column":1}},"4":{"start":{"line":16,"column":33},"end":{"line":16,"column":69}}},"fnMap":{"0":{"name":"(anonymous_0)","decl":{"start":{"line":5,"column":28},"end":{"line":5,"column":29}},"loc":{"start":{"line":5,"column":34},"end":{"line":8,"column":1}},"line":5},"1":{"name":"(anonymous_1)","decl":{"start":{"line":16,"column":26},"end":{"line":16,"column":27}},"loc":{"start":{"line":16,"column":33},"end":{"line":16,"column":69}},"line":16}},"branchMap":{"0":{"loc":{"start":{"line":16,"column":33},"end":{"line":16,"column":69}},"type":"cond-expr","locations":[{"start":{"line":16,"column":57},"end":{"line":16,"column":60}},{"start":{"line":16,"column":63},"end":{"line":16,"column":69}}],"line":16}},"s":{"0":0,"1":0,"2":0,"3":0,"4":0},"f":{"0":0,"1":0},"b":{"0":[0,0]}}
,"/Users/chuseongjun/Desktop/SummerCorporatePractice_Frontend/src/test/setup.ts": {"path":"/Users/chuseongjun/Desktop/SummerCorporatePractice_Frontend/src/test/setup.ts","statementMap":{},"fnMap":{},"branchMap":{},"s":{},"f":{},"b":{}}
,"/Users/chuseongjun/Desktop/SummerCorporatePractice_Frontend/src/utils/fetcher.ts": {"path":"/Users/chuseongjun/Desktop/SummerCorporatePractice_Frontend/src/utils/fetcher.ts","statementMap":{"0":{"start":{"line":4,"column":16},"end":{"line":13,"column":1}},"1":{"start":{"line":5,"column":19},"end":{"line":11,"column":4}},"2":{"start":{"line":12,"column":2},"end":{"line":12,"column":23}}},"fnMap":{"0":{"name":"(anonymous_0)","decl":{"start":{"line":4,"column":16},"end":{"line":4,"column":17}},"loc":{"start":{"line":4,"column":62},"end":{"line":13,"column":1}},"line":4}},"branchMap":{},"s":{"0":0,"1":0,"2":0},"f":{"0":0},"b":{}}
}
